TN:
SF:src\config\database.js
FNF:0
FNH:0
DA:1,3
DA:2,3
DA:5,3
DA:23,3
LF:4
LH:4
BRDA:6,0,0,3
BRDA:6,0,1,3
BRDA:7,1,0,3
BRDA:7,1,1,3
BRDA:8,2,0,3
BRDA:8,2,1,3
BRDA:10,3,0,3
BRDA:10,3,1,3
BRDA:11,4,0,3
BRDA:11,4,1,3
BRF:10
BRH:10
end_of_record
TN:
SF:src\models\Alert.js
FNF:0
FNH:0
DA:1,1
DA:2,1
DA:3,1
DA:7,1
DA:77,1
DA:78,1
DA:80,1
LF:7
LH:7
BRF:0
BRH:0
end_of_record
TN:
SF:src\models\Camera.js
FNF:0
FNH:0
DA:1,3
DA:2,3
DA:3,3
DA:7,3
DA:128,3
DA:129,3
DA:131,3
LF:7
LH:7
BRF:0
BRH:0
end_of_record
TN:
SF:src\models\RecordingPlan.js
FNF:0
FNH:0
DA:1,1
DA:2,1
DA:3,1
DA:7,1
DA:71,1
DA:72,1
DA:74,1
LF:7
LH:7
BRF:0
BRH:0
end_of_record
TN:
SF:src\models\User.js
FN:7,(anonymous_0)
FN:62,(anonymous_1)
FN:69,(anonymous_2)
FNF:3
FNH:0
FNDA:0,(anonymous_0)
FNDA:0,(anonymous_1)
FNDA:0,(anonymous_2)
DA:1,3
DA:2,3
DA:3,3
DA:8,0
DA:12,3
DA:62,3
DA:63,0
DA:64,0
DA:65,0
DA:69,3
DA:70,0
DA:71,0
DA:72,0
DA:76,3
LF:14
LH:7
BRDA:63,0,0,0
BRDA:63,0,1,0
BRDA:70,1,0,0
BRDA:70,1,1,0
BRF:4
BRH:0
end_of_record
TN:
SF:src\models\Video.js
FNF:0
FNH:0
DA:1,1
DA:2,1
DA:3,1
DA:7,1
DA:85,1
DA:86,1
DA:88,1
LF:7
LH:7
BRF:0
BRH:0
end_of_record
TN:
SF:src\services\heartbeat.js
FN:6,(anonymous_0)
FN:15,(anonymous_1)
FN:58,(anonymous_2)
FN:79,(anonymous_3)
FN:96,(anonymous_4)
FN:137,(anonymous_5)
FN:162,(anonymous_6)
FN:208,(anonymous_7)
FNF:8
FNH:1
FNDA:1,(anonymous_0)
FNDA:0,(anonymous_1)
FNDA:0,(anonymous_2)
FNDA:0,(anonymous_3)
FNDA:0,(anonymous_4)
FNDA:0,(anonymous_5)
FNDA:0,(anonymous_6)
FNDA:0,(anonymous_7)
DA:1,1
DA:2,1
DA:3,1
DA:7,1
DA:16,0
DA:17,0
DA:19,0
DA:20,0
DA:21,0
DA:25,0
DA:31,0
DA:32,0
DA:36,0
DA:37,0
DA:40,0
DA:43,0
DA:46,0
DA:48,0
DA:50,0
DA:51,0
DA:59,0
DA:60,0
DA:61,0
DA:64,0
DA:73,0
DA:74,0
DA:77,0
DA:79,0
DA:87,0
DA:88,0
DA:97,0
DA:99,0
DA:102,0
DA:111,0
DA:112,0
DA:125,0
DA:128,0
DA:129,0
DA:138,0
DA:139,0
DA:147,0
DA:148,0
DA:154,0
DA:163,0
DA:164,0
DA:165,0
DA:168,0
DA:169,0
DA:171,0
DA:173,0
DA:181,0
DA:182,0
DA:197,0
DA:201,0
DA:209,0
DA:210,0
DA:211,0
DA:212,0
DA:213,0
DA:215,0
DA:222,0
DA:223,0
DA:228,1
LF:63
LH:5
BRDA:15,0,0,0
BRDA:19,1,0,0
BRDA:19,1,1,0
BRDA:31,2,0,0
BRDA:31,2,1,0
BRDA:36,3,0,0
BRDA:36,3,1,0
BRDA:111,4,0,0
BRDA:111,4,1,0
BRDA:164,5,0,0
BRDA:164,5,1,0
BRDA:164,6,0,0
BRDA:164,6,1,0
BRDA:169,7,0,0
BRDA:169,7,1,0
BRDA:171,8,0,0
BRDA:171,8,1,0
BRDA:181,9,0,0
BRDA:181,9,1,0
BRDA:185,10,0,0
BRDA:185,10,1,0
BRF:21
BRH:0
end_of_record
TN:
SF:src\services\recordingPlan.js
FN:9,(anonymous_0)
FN:26,(anonymous_1)
FN:72,(anonymous_2)
FN:100,(anonymous_3)
FN:120,(anonymous_4)
FN:139,(anonymous_5)
FN:197,(anonymous_6)
FNF:7
FNH:0
FNDA:0,(anonymous_0)
FNDA:0,(anonymous_1)
FNDA:0,(anonymous_2)
FNDA:0,(anonymous_3)
FNDA:0,(anonymous_4)
FNDA:0,(anonymous_5)
FNDA:0,(anonymous_6)
DA:1,1
DA:2,1
DA:10,0
DA:11,0
DA:15,0
DA:17,0
DA:18,0
DA:27,0
DA:28,0
DA:31,0
DA:32,0
DA:33,0
DA:37,0
DA:38,0
DA:42,0
DA:43,0
DA:44,0
DA:46,0
DA:50,0
DA:60,0
DA:62,0
DA:63,0
DA:73,0
DA:74,0
DA:75,0
DA:76,0
DA:80,0
DA:81,0
DA:82,0
DA:84,0
DA:88,0
DA:89,0
DA:91,0
DA:92,0
DA:101,0
DA:102,0
DA:103,0
DA:104,0
DA:107,0
DA:108,0
DA:110,0
DA:111,0
DA:121,0
DA:122,0
DA:123,0
DA:124,0
DA:127,0
DA:128,0
DA:130,0
DA:131,0
DA:140,0
DA:141,0
DA:142,0
DA:143,0
DA:146,0
DA:154,0
DA:155,0
DA:157,0
DA:163,0
DA:164,0
DA:165,0
DA:166,0
DA:168,0
DA:169,0
DA:170,0
DA:171,0
DA:181,0
DA:186,0
DA:188,0
DA:189,0
DA:198,0
DA:199,0
DA:205,0
DA:211,0
DA:212,0
DA:217,1
LF:76
LH:3
BRDA:32,0,0,0
BRDA:32,0,1,0
BRDA:37,1,0,0
BRDA:37,1,1,0
BRDA:37,2,0,0
BRDA:37,2,1,0
BRDA:42,3,0,0
BRDA:42,3,1,0
BRDA:55,4,0,0
BRDA:55,4,1,0
BRDA:56,5,0,0
BRDA:56,5,1,0
BRDA:57,6,0,0
BRDA:57,6,1,0
BRDA:75,7,0,0
BRDA:75,7,1,0
BRDA:80,8,0,0
BRDA:80,8,1,0
BRDA:103,9,0,0
BRDA:103,9,1,0
BRDA:123,10,0,0
BRDA:123,10,1,0
BRDA:155,11,0,0
BRDA:155,11,1,0
BRDA:163,12,0,0
BRDA:163,12,1,0
BRDA:163,13,0,0
BRDA:163,13,1,0
BRDA:166,14,0,0
BRDA:166,14,1,0
BRDA:170,15,0,0
BRDA:170,15,1,0
BRDA:170,16,0,0
BRDA:170,16,1,0
BRF:34
BRH:0
end_of_record
TN:
SF:src\services\video.js
FN:17,(anonymous_0)
FN:63,(anonymous_1)
FN:104,(anonymous_2)
FN:108,(anonymous_3)
FN:115,(anonymous_4)
FN:128,(anonymous_5)
FN:151,(anonymous_6)
FN:180,(anonymous_7)
FN:211,(anonymous_8)
FN:242,(anonymous_9)
FN:295,(anonymous_10)
FN:329,(anonymous_11)
FN:330,(anonymous_12)
FN:336,(anonymous_13)
FN:341,(anonymous_14)
FN:360,(anonymous_15)
FNF:16
FNH:0
FNDA:0,(anonymous_0)
FNDA:0,(anonymous_1)
FNDA:0,(anonymous_2)
FNDA:0,(anonymous_3)
FNDA:0,(anonymous_4)
FNDA:0,(anonymous_5)
FNDA:0,(anonymous_6)
FNDA:0,(anonymous_7)
FNDA:0,(anonymous_8)
FNDA:0,(anonymous_9)
FNDA:0,(anonymous_10)
FNDA:0,(anonymous_11)
FNDA:0,(anonymous_12)
FNDA:0,(anonymous_13)
FNDA:0,(anonymous_14)
FNDA:0,(anonymous_15)
DA:1,1
DA:2,1
DA:3,1
DA:4,1
DA:5,1
DA:6,1
DA:7,1
DA:10,1
DA:18,0
DA:19,0
DA:21,0
DA:22,0
DA:23,0
DA:25,0
DA:26,0
DA:27,0
DA:28,0
DA:30,0
DA:31,0
DA:35,0
DA:36,0
DA:44,0
DA:51,0
DA:52,0
DA:64,0
DA:66,0
DA:77,0
DA:78,0
DA:82,0
DA:84,0
DA:87,0
DA:88,0
DA:89,0
DA:90,0
DA:92,0
DA:93,0
DA:103,0
DA:104,0
DA:107,0
DA:108,0
DA:111,0
DA:115,0
DA:118,0
DA:119,0
DA:129,0
DA:130,0
DA:131,0
DA:132,0
DA:136,0
DA:137,0
DA:141,0
DA:144,0
DA:145,0
DA:147,0
DA:148,0
DA:151,0
DA:152,0
DA:163,0
DA:170,0
DA:171,0
DA:181,0
DA:182,0
DA:183,0
DA:185,0
DA:186,0
DA:187,0
DA:188,0
DA:190,0
DA:194,0
DA:202,0
DA:203,0
DA:212,0
DA:213,0
DA:214,0
DA:215,0
DA:219,0
DA:220,0
DA:222,0
DA:225,0
DA:233,0
DA:234,0
DA:243,0
DA:244,0
DA:245,0
DA:246,0
DA:250,0
DA:251,0
DA:254,0
DA:255,0
DA:256,0
DA:257,0
DA:258,0
DA:259,0
DA:260,0
DA:267,0
DA:271,0
DA:274,0
DA:275,0
DA:276,0
DA:277,0
DA:280,0
DA:286,0
DA:287,0
DA:296,0
DA:297,0
DA:298,0
DA:299,0
DA:301,0
DA:302,0
DA:303,0
DA:304,0
DA:305,0
DA:307,0
DA:311,0
DA:318,0
DA:319,0
DA:330,0
DA:331,0
DA:332,0
DA:336,0
DA:337,0
DA:338,0
DA:341,0
DA:342,0
DA:345,0
DA:348,0
DA:349,0
DA:352,0
DA:361,0
DA:362,0
DA:364,0
DA:374,0
DA:376,0
DA:377,0
DA:382,1
LF:135
LH:9
BRDA:17,0,0,0
BRDA:19,1,0,0
BRDA:19,2,0,0
BRDA:22,3,0,0
BRDA:22,3,1,0
BRDA:25,4,0,0
BRDA:25,4,1,0
BRDA:25,5,0,0
BRDA:25,5,1,0
BRDA:27,6,0,0
BRDA:27,6,1,0
BRDA:30,7,0,0
BRDA:30,7,1,0
BRDA:77,8,0,0
BRDA:77,8,1,0
BRDA:128,9,0,0
BRDA:131,10,0,0
BRDA:131,10,1,0
BRDA:136,11,0,0
BRDA:136,11,1,0
BRDA:180,12,0,0
BRDA:214,13,0,0
BRDA:214,13,1,0
BRDA:245,14,0,0
BRDA:245,14,1,0
BRDA:259,15,0,0
BRDA:259,15,1,0
BRDA:275,16,0,0
BRDA:275,16,1,0
BRDA:276,17,0,0
BRDA:276,17,1,0
BRDA:362,18,0,0
BRDA:362,18,1,0
BRDA:374,19,0,0
BRDA:374,19,1,0
BRF:35
BRH:0
end_of_record
