<?xml version="1.0" encoding="UTF-8"?>
<coverage generated="1776042481214" clover="3.2.0">
  <project timestamp="1776042481214" name="All files">
    <metrics statements="857" coveredstatements="0" conditionals="343" coveredconditionals="0" methods="101" coveredmethods="0" elements="1301" coveredelements="0" complexity="0" loc="857" ncloc="857" packages="1" files="1" classes="1"/>
    <file name="index.js" path="F:\study\vedio\monitor\NAS\index.js">
      <metrics statements="857" coveredstatements="0" conditionals="343" coveredconditionals="0" methods="101" coveredmethods="0"/>
      <line num="1" count="0" type="stmt"/>
      <line num="2" count="0" type="stmt"/>
      <line num="3" count="0" type="stmt"/>
      <line num="4" count="0" type="stmt"/>
      <line num="5" count="0" type="stmt"/>
      <line num="6" count="0" type="stmt"/>
      <line num="7" count="0" type="stmt"/>
      <line num="8" count="0" type="stmt"/>
      <line num="9" count="0" type="stmt"/>
      <line num="10" count="0" type="stmt"/>
      <line num="11" count="0" type="stmt"/>
      <line num="14" count="0" type="cond" truecount="0" falsecount="2"/>
      <line num="15" count="0" type="cond" truecount="0" falsecount="2"/>
      <line num="16" count="0" type="stmt"/>
      <line num="19" count="0" type="stmt"/>
      <line num="20" count="0" type="stmt"/>
      <line num="21" count="0" type="cond" truecount="0" falsecount="2"/>
      <line num="24" count="0" type="stmt"/>
      <line num="30" count="0" type="stmt"/>
      <line num="33" count="0" type="stmt"/>
      <line num="39" count="0" type="cond" truecount="0" falsecount="2"/>
      <line num="40" count="0" type="stmt"/>
      <line num="41" count="0" type="stmt"/>
      <line num="44" count="0" type="cond" truecount="0" falsecount="2"/>
      <line num="45" count="0" type="stmt"/>
      <line num="46" count="0" type="stmt"/>
      <line num="47" count="0" type="stmt"/>
      <line num="53" count="0" type="stmt"/>
      <line num="54" count="0" type="stmt"/>
      <line num="57" count="0" type="stmt"/>
      <line num="61" count="0" type="cond" truecount="0" falsecount="2"/>
      <line num="62" count="0" type="stmt"/>
      <line num="65" count="0" type="stmt"/>
      <line num="66" count="0" type="cond" truecount="0" falsecount="2"/>
      <line num="67" count="0" type="stmt"/>
      <line num="68" count="0" type="stmt"/>
      <line num="71" count="0" type="stmt"/>
      <line num="72" count="0" type="stmt"/>
      <line num="73" count="0" type="stmt"/>
      <line num="76" count="0" type="stmt"/>
      <line num="77" count="0" type="cond" truecount="0" falsecount="2"/>
      <line num="78" count="0" type="stmt"/>
      <line num="79" count="0" type="stmt"/>
      <line num="82" count="0" type="stmt"/>
      <line num="84" count="0" type="stmt"/>
      <line num="87" count="0" type="stmt"/>
      <line num="90" count="0" type="stmt"/>
      <line num="104" count="0" type="stmt"/>
      <line num="106" count="0" type="stmt"/>
      <line num="108" count="0" type="stmt"/>
      <line num="109" count="0" type="stmt"/>
      <line num="112" count="0" type="stmt"/>
      <line num="113" count="0" type="stmt"/>
      <line num="116" count="0" type="cond" truecount="0" falsecount="2"/>
      <line num="118" count="0" type="cond" truecount="0" falsecount="4"/>
      <line num="119" count="0" type="stmt"/>
      <line num="122" count="0" type="cond" truecount="0" falsecount="4"/>
      <line num="123" count="0" type="stmt"/>
      <line num="125" count="0" type="cond" truecount="0" falsecount="2"/>
      <line num="127" count="0" type="stmt"/>
      <line num="129" count="0" type="cond" truecount="0" falsecount="2"/>
      <line num="130" count="0" type="stmt"/>
      <line num="133" count="0" type="stmt"/>
      <line num="135" count="0" type="cond" truecount="0" falsecount="4"/>
      <line num="137" count="0" type="stmt"/>
      <line num="140" count="0" type="stmt"/>
      <line num="143" count="0" type="stmt"/>
      <line num="144" count="0" type="stmt"/>
      <line num="148" count="0" type="stmt"/>
      <line num="151" count="0" type="stmt"/>
      <line num="152" count="0" type="stmt"/>
      <line num="153" count="0" type="stmt"/>
      <line num="157" count="0" type="stmt"/>
      <line num="160" count="0" type="stmt"/>
      <line num="161" count="0" type="stmt"/>
      <line num="168" count="0" type="stmt"/>
      <line num="170" count="0" type="stmt"/>
      <line num="174" count="0" type="cond" truecount="0" falsecount="2"/>
      <line num="175" count="0" type="stmt"/>
      <line num="176" count="0" type="stmt"/>
      <line num="177" count="0" type="cond" truecount="0" falsecount="2"/>
      <line num="178" count="0" type="stmt"/>
      <line num="179" count="0" type="stmt"/>
      <line num="182" count="0" type="stmt"/>
      <line num="188" count="0" type="stmt"/>
      <line num="191" count="0" type="stmt"/>
      <line num="192" count="0" type="stmt"/>
      <line num="193" count="0" type="stmt"/>
      <line num="198" count="0" type="stmt"/>
      <line num="199" count="0" type="stmt"/>
      <line num="200" count="0" type="stmt"/>
      <line num="201" count="0" type="stmt"/>
      <line num="206" count="0" type="stmt"/>
      <line num="207" count="0" type="stmt"/>
      <line num="208" count="0" type="stmt"/>
      <line num="209" count="0" type="stmt"/>
      <line num="214" count="0" type="stmt"/>
      <line num="226" count="0" type="stmt"/>
      <line num="231" count="0" type="stmt"/>
      <line num="232" count="0" type="cond" truecount="0" falsecount="2"/>
      <line num="233" count="0" type="stmt"/>
      <line num="236" count="0" type="stmt"/>
      <line num="244" count="0" type="stmt"/>
      <line num="245" count="0" type="stmt"/>
      <line num="249" count="0" type="stmt"/>
      <line num="250" count="0" type="cond" truecount="0" falsecount="2"/>
      <line num="251" count="0" type="stmt"/>
      <line num="252" count="0" type="stmt"/>
      <line num="253" count="0" type="stmt"/>
      <line num="259" count="0" type="stmt"/>
      <line num="260" count="0" type="cond" truecount="0" falsecount="4"/>
      <line num="261" count="0" type="stmt"/>
      <line num="265" count="0" type="stmt"/>
      <line num="266" count="0" type="stmt"/>
      <line num="269" count="0" type="cond" truecount="0" falsecount="2"/>
      <line num="270" count="0" type="stmt"/>
      <line num="271" count="0" type="stmt"/>
      <line num="275" count="0" type="stmt"/>
      <line num="276" count="0" type="stmt"/>
      <line num="278" count="0" type="cond" truecount="0" falsecount="4"/>
      <line num="279" count="0" type="stmt"/>
      <line num="281" count="0" type="stmt"/>
      <line num="282" count="0" type="cond" truecount="0" falsecount="2"/>
      <line num="283" count="0" type="stmt"/>
      <line num="284" count="0" type="stmt"/>
      <line num="285" count="0" type="stmt"/>
      <line num="291" count="0" type="cond" truecount="0" falsecount="2"/>
      <line num="292" count="0" type="stmt"/>
      <line num="295" count="0" type="stmt"/>
      <line num="297" count="0" type="stmt"/>
      <line num="298" count="0" type="stmt"/>
      <line num="299" count="0" type="stmt"/>
      <line num="301" count="0" type="cond" truecount="0" falsecount="6"/>
      <line num="302" count="0" type="stmt"/>
      <line num="306" count="0" type="cond" truecount="0" falsecount="2"/>
      <line num="307" count="0" type="stmt"/>
      <line num="308" count="0" type="stmt"/>
      <line num="312" count="0" type="stmt"/>
      <line num="317" count="0" type="stmt"/>
      <line num="319" count="0" type="cond" truecount="0" falsecount="4"/>
      <line num="320" count="0" type="stmt"/>
      <line num="321" count="0" type="stmt"/>
      <line num="324" count="0" type="stmt"/>
      <line num="325" count="0" type="stmt"/>
      <line num="326" count="0" type="stmt"/>
      <line num="329" count="0" type="stmt"/>
      <line num="330" count="0" type="stmt"/>
      <line num="331" count="0" type="stmt"/>
      <line num="332" count="0" type="stmt"/>
      <line num="333" count="0" type="stmt"/>
      <line num="336" count="0" type="stmt"/>
      <line num="337" count="0" type="stmt"/>
      <line num="338" count="0" type="stmt"/>
      <line num="339" count="0" type="stmt"/>
      <line num="342" count="0" type="stmt"/>
      <line num="351" count="0" type="stmt"/>
      <line num="353" count="0" type="stmt"/>
      <line num="355" count="0" type="stmt"/>
      <line num="356" count="0" type="stmt"/>
      <line num="359" count="0" type="stmt"/>
      <line num="361" count="0" type="stmt"/>
      <line num="362" count="0" type="cond" truecount="0" falsecount="2"/>
      <line num="363" count="0" type="stmt"/>
      <line num="366" count="0" type="stmt"/>
      <line num="369" count="0" type="cond" truecount="0" falsecount="4"/>
      <line num="370" count="0" type="stmt"/>
      <line num="373" count="0" type="stmt"/>
      <line num="374" count="0" type="stmt"/>
      <line num="375" count="0" type="stmt"/>
      <line num="382" count="0" type="stmt"/>
      <line num="384" count="0" type="stmt"/>
      <line num="388" count="0" type="stmt"/>
      <line num="389" count="0" type="stmt"/>
      <line num="390" count="0" type="cond" truecount="0" falsecount="2"/>
      <line num="391" count="0" type="stmt"/>
      <line num="392" count="0" type="stmt"/>
      <line num="395" count="0" type="stmt"/>
      <line num="400" count="0" type="stmt"/>
      <line num="401" count="0" type="stmt"/>
      <line num="402" count="0" type="stmt"/>
      <line num="405" count="0" type="stmt"/>
      <line num="407" count="0" type="stmt"/>
      <line num="408" count="0" type="stmt"/>
      <line num="409" count="0" type="stmt"/>
      <line num="416" count="0" type="stmt"/>
      <line num="417" count="0" type="stmt"/>
      <line num="418" count="0" type="stmt"/>
      <line num="420" count="0" type="stmt"/>
      <line num="422" count="0" type="stmt"/>
      <line num="423" count="0" type="stmt"/>
      <line num="425" count="0" type="cond" truecount="0" falsecount="2"/>
      <line num="426" count="0" type="cond" truecount="0" falsecount="2"/>
      <line num="427" count="0" type="stmt"/>
      <line num="428" count="0" type="cond" truecount="0" falsecount="2"/>
      <line num="429" count="0" type="stmt"/>
      <line num="430" count="0" type="stmt"/>
      <line num="431" count="0" type="stmt"/>
      <line num="434" count="0" type="stmt"/>
      <line num="438" count="0" type="stmt"/>
      <line num="439" count="0" type="stmt"/>
      <line num="441" count="0" type="cond" truecount="0" falsecount="2"/>
      <line num="442" count="0" type="stmt"/>
      <line num="445" count="0" type="stmt"/>
      <line num="447" count="0" type="stmt"/>
      <line num="457" count="0" type="stmt"/>
      <line num="460" count="0" type="stmt"/>
      <line num="468" count="0" type="cond" truecount="0" falsecount="2"/>
      <line num="469" count="0" type="stmt"/>
      <line num="470" count="0" type="stmt"/>
      <line num="475" count="0" type="cond" truecount="0" falsecount="2"/>
      <line num="476" count="0" type="stmt"/>
      <line num="477" count="0" type="cond" truecount="0" falsecount="2"/>
      <line num="478" count="0" type="stmt"/>
      <line num="479" count="0" type="stmt"/>
      <line num="482" count="0" type="stmt"/>
      <line num="489" count="0" type="stmt"/>
      <line num="493" count="0" type="stmt"/>
      <line num="494" count="0" type="cond" truecount="0" falsecount="2"/>
      <line num="495" count="0" type="cond" truecount="0" falsecount="2"/>
      <line num="496" count="0" type="stmt"/>
      <line num="497" count="0" type="cond" truecount="0" falsecount="2"/>
      <line num="498" count="0" type="stmt"/>
      <line num="499" count="0" type="stmt"/>
      <line num="500" count="0" type="stmt"/>
      <line num="504" count="0" type="cond" truecount="0" falsecount="2"/>
      <line num="505" count="0" type="stmt"/>
      <line num="506" count="0" type="stmt"/>
      <line num="510" count="0" type="stmt"/>
      <line num="511" count="0" type="cond" truecount="0" falsecount="2"/>
      <line num="512" count="0" type="stmt"/>
      <line num="513" count="0" type="stmt"/>
      <line num="519" count="0" type="stmt"/>
      <line num="520" count="0" type="stmt"/>
      <line num="521" count="0" type="cond" truecount="0" falsecount="2"/>
      <line num="522" count="0" type="stmt"/>
      <line num="523" count="0" type="cond" truecount="0" falsecount="2"/>
      <line num="524" count="0" type="stmt"/>
      <line num="525" count="0" type="stmt"/>
      <line num="532" count="0" type="stmt"/>
      <line num="533" count="0" type="stmt"/>
      <line num="536" count="0" type="stmt"/>
      <line num="538" count="0" type="stmt"/>
      <line num="542" count="0" type="stmt"/>
      <line num="543" count="0" type="stmt"/>
      <line num="544" count="0" type="stmt"/>
      <line num="548" count="0" type="stmt"/>
      <line num="556" count="0" type="stmt"/>
      <line num="560" count="0" type="cond" truecount="0" falsecount="2"/>
      <line num="561" count="0" type="stmt"/>
      <line num="564" count="0" type="stmt"/>
      <line num="566" count="0" type="stmt"/>
      <line num="574" count="0" type="stmt"/>
      <line num="575" count="0" type="stmt"/>
      <line num="580" count="0" type="stmt"/>
      <line num="583" count="0" type="cond" truecount="0" falsecount="2"/>
      <line num="584" count="0" type="stmt"/>
      <line num="587" count="0" type="stmt"/>
      <line num="589" count="0" type="stmt"/>
      <line num="596" count="0" type="stmt"/>
      <line num="598" count="0" type="stmt"/>
      <line num="599" count="0" type="stmt"/>
      <line num="601" count="0" type="stmt"/>
      <line num="602" count="0" type="stmt"/>
      <line num="605" count="0" type="stmt"/>
      <line num="606" count="0" type="stmt"/>
      <line num="608" count="0" type="stmt"/>
      <line num="609" count="0" type="stmt"/>
      <line num="610" count="0" type="stmt"/>
      <line num="611" count="0" type="cond" truecount="0" falsecount="2"/>
      <line num="613" count="0" type="stmt"/>
      <line num="614" count="0" type="cond" truecount="0" falsecount="2"/>
      <line num="617" count="0" type="stmt"/>
      <line num="618" count="0" type="cond" truecount="0" falsecount="4"/>
      <line num="619" count="0" type="stmt"/>
      <line num="622" count="0" type="stmt"/>
      <line num="623" count="0" type="stmt"/>
      <line num="624" count="0" type="stmt"/>
      <line num="626" count="0" type="cond" truecount="0" falsecount="2"/>
      <line num="627" count="0" type="stmt"/>
      <line num="631" count="0" type="stmt"/>
      <line num="632" count="0" type="cond" truecount="0" falsecount="2"/>
      <line num="633" count="0" type="stmt"/>
      <line num="634" count="0" type="stmt"/>
      <line num="635" count="0" type="stmt"/>
      <line num="636" count="0" type="stmt"/>
      <line num="637" count="0" type="stmt"/>
      <line num="638" count="0" type="stmt"/>
      <line num="646" count="0" type="stmt"/>
      <line num="650" count="0" type="cond" truecount="0" falsecount="2"/>
      <line num="651" count="0" type="stmt"/>
      <line num="655" count="0" type="stmt"/>
      <line num="656" count="0" type="stmt"/>
      <line num="657" count="0" type="stmt"/>
      <line num="660" count="0" type="stmt"/>
      <line num="661" count="0" type="stmt"/>
      <line num="662" count="0" type="stmt"/>
      <line num="666" count="0" type="stmt"/>
      <line num="667" count="0" type="stmt"/>
      <line num="668" count="0" type="stmt"/>
      <line num="671" count="0" type="stmt"/>
      <line num="672" count="0" type="stmt"/>
      <line num="675" count="0" type="stmt"/>
      <line num="679" count="0" type="stmt"/>
      <line num="680" count="0" type="cond" truecount="0" falsecount="2"/>
      <line num="682" count="0" type="stmt"/>
      <line num="683" count="0" type="cond" truecount="0" falsecount="2"/>
      <line num="685" count="0" type="stmt"/>
      <line num="688" count="0" type="stmt"/>
      <line num="696" count="0" type="stmt"/>
      <line num="701" count="0" type="stmt"/>
      <line num="702" count="0" type="stmt"/>
      <line num="703" count="0" type="stmt"/>
      <line num="704" count="0" type="stmt"/>
      <line num="705" count="0" type="stmt"/>
      <line num="708" count="0" type="stmt"/>
      <line num="709" count="0" type="stmt"/>
      <line num="710" count="0" type="cond" truecount="0" falsecount="4"/>
      <line num="711" count="0" type="stmt"/>
      <line num="712" count="0" type="stmt"/>
      <line num="713" count="0" type="stmt"/>
      <line num="716" count="0" type="stmt"/>
      <line num="719" count="0" type="stmt"/>
      <line num="724" count="0" type="stmt"/>
      <line num="725" count="0" type="stmt"/>
      <line num="726" count="0" type="stmt"/>
      <line num="727" count="0" type="stmt"/>
      <line num="730" count="0" type="stmt"/>
      <line num="733" count="0" type="stmt"/>
      <line num="736" count="0" type="stmt"/>
      <line num="738" count="0" type="stmt"/>
      <line num="741" count="0" type="stmt"/>
      <line num="749" count="0" type="stmt"/>
      <line num="755" count="0" type="stmt"/>
      <line num="756" count="0" type="cond" truecount="0" falsecount="2"/>
      <line num="757" count="0" type="stmt"/>
      <line num="758" count="0" type="stmt"/>
      <line num="761" count="0" type="cond" truecount="0" falsecount="4"/>
      <line num="762" count="0" type="stmt"/>
      <line num="763" count="0" type="stmt"/>
      <line num="764" count="0" type="stmt"/>
      <line num="765" count="0" type="stmt"/>
      <line num="766" count="0" type="stmt"/>
      <line num="771" count="0" type="cond" truecount="0" falsecount="4"/>
      <line num="772" count="0" type="stmt"/>
      <line num="773" count="0" type="stmt"/>
      <line num="774" count="0" type="stmt"/>
      <line num="775" count="0" type="stmt"/>
      <line num="776" count="0" type="stmt"/>
      <line num="780" count="0" type="stmt"/>
      <line num="781" count="0" type="stmt"/>
      <line num="784" count="0" type="stmt"/>
      <line num="785" count="0" type="stmt"/>
      <line num="786" count="0" type="cond" truecount="0" falsecount="2"/>
      <line num="787" count="0" type="stmt"/>
      <line num="788" count="0" type="stmt"/>
      <line num="790" count="0" type="stmt"/>
      <line num="795" count="0" type="stmt"/>
      <line num="796" count="0" type="stmt"/>
      <line num="799" count="0" type="stmt"/>
      <line num="800" count="0" type="cond" truecount="0" falsecount="2"/>
      <line num="801" count="0" type="cond" truecount="0" falsecount="2"/>
      <line num="803" count="0" type="stmt"/>
      <line num="816" count="0" type="stmt"/>
      <line num="817" count="0" type="cond" truecount="0" falsecount="2"/>
      <line num="818" count="0" type="stmt"/>
      <line num="830" count="0" type="stmt"/>
      <line num="834" count="0" type="stmt"/>
      <line num="835" count="0" type="stmt"/>
      <line num="837" count="0" type="cond" truecount="0" falsecount="4"/>
      <line num="838" count="0" type="stmt"/>
      <line num="841" count="0" type="stmt"/>
      <line num="844" count="0" type="stmt"/>
      <line num="845" count="0" type="stmt"/>
      <line num="848" count="0" type="cond" truecount="0" falsecount="4"/>
      <line num="849" count="0" type="stmt"/>
      <line num="850" count="0" type="stmt"/>
      <line num="853" count="0" type="stmt"/>
      <line num="862" count="0" type="stmt"/>
      <line num="863" count="0" type="cond" truecount="0" falsecount="2"/>
      <line num="864" count="0" type="stmt"/>
      <line num="865" count="0" type="stmt"/>
      <line num="869" count="0" type="stmt"/>
      <line num="870" count="0" type="cond" truecount="0" falsecount="2"/>
      <line num="871" count="0" type="stmt"/>
      <line num="872" count="0" type="stmt"/>
      <line num="876" count="0" type="stmt"/>
      <line num="877" count="0" type="cond" truecount="0" falsecount="2"/>
      <line num="878" count="0" type="stmt"/>
      <line num="880" count="0" type="cond" truecount="0" falsecount="2"/>
      <line num="881" count="0" type="stmt"/>
      <line num="884" count="0" type="stmt"/>
      <line num="885" count="0" type="stmt"/>
      <line num="888" count="0" type="stmt"/>
      <line num="891" count="0" type="stmt"/>
      <line num="899" count="0" type="stmt"/>
      <line num="900" count="0" type="stmt"/>
      <line num="901" count="0" type="stmt"/>
      <line num="903" count="0" type="stmt"/>
      <line num="904" count="0" type="stmt"/>
      <line num="907" count="0" type="stmt"/>
      <line num="908" count="0" type="stmt"/>
      <line num="910" count="0" type="stmt"/>
      <line num="911" count="0" type="stmt"/>
      <line num="912" count="0" type="cond" truecount="0" falsecount="2"/>
      <line num="914" count="0" type="stmt"/>
      <line num="915" count="0" type="stmt"/>
      <line num="917" count="0" type="cond" truecount="0" falsecount="4"/>
      <line num="918" count="0" type="stmt"/>
      <line num="919" count="0" type="stmt"/>
      <line num="922" count="0" type="stmt"/>
      <line num="923" count="0" type="stmt"/>
      <line num="926" count="0" type="cond" truecount="0" falsecount="2"/>
      <line num="927" count="0" type="stmt"/>
      <line num="928" count="0" type="stmt"/>
      <line num="929" count="0" type="stmt"/>
      <line num="933" count="0" type="stmt"/>
      <line num="937" count="0" type="cond" truecount="0" falsecount="2"/>
      <line num="938" count="0" type="stmt"/>
      <line num="942" count="0" type="stmt"/>
      <line num="943" count="0" type="stmt"/>
      <line num="944" count="0" type="stmt"/>
      <line num="948" count="0" type="stmt"/>
      <line num="949" count="0" type="stmt"/>
      <line num="950" count="0" type="stmt"/>
      <line num="951" count="0" type="stmt"/>
      <line num="954" count="0" type="stmt"/>
      <line num="955" count="0" type="stmt"/>
      <line num="956" count="0" type="stmt"/>
      <line num="957" count="0" type="stmt"/>
      <line num="960" count="0" type="stmt"/>
      <line num="962" count="0" type="stmt"/>
      <line num="970" count="0" type="stmt"/>
      <line num="971" count="0" type="stmt"/>
      <line num="976" count="0" type="stmt"/>
      <line num="979" count="0" type="stmt"/>
      <line num="980" count="0" type="stmt"/>
      <line num="981" count="0" type="stmt"/>
      <line num="983" count="0" type="cond" truecount="0" falsecount="2"/>
      <line num="984" count="0" type="stmt"/>
      <line num="987" count="0" type="stmt"/>
      <line num="988" count="0" type="stmt"/>
      <line num="989" count="0" type="stmt"/>
      <line num="991" count="0" type="cond" truecount="0" falsecount="2"/>
      <line num="992" count="0" type="stmt"/>
      <line num="993" count="0" type="stmt"/>
      <line num="994" count="0" type="cond" truecount="0" falsecount="2"/>
      <line num="995" count="0" type="stmt"/>
      <line num="996" count="0" type="stmt"/>
      <line num="997" count="0" type="stmt"/>
      <line num="1003" count="0" type="stmt"/>
      <line num="1004" count="0" type="stmt"/>
      <line num="1006" count="0" type="stmt"/>
      <line num="1010" count="0" type="stmt"/>
      <line num="1011" count="0" type="stmt"/>
      <line num="1016" count="0" type="stmt"/>
      <line num="1017" count="0" type="stmt"/>
      <line num="1018" count="0" type="cond" truecount="0" falsecount="2"/>
      <line num="1019" count="0" type="cond" truecount="0" falsecount="2"/>
      <line num="1020" count="0" type="stmt"/>
      <line num="1021" count="0" type="stmt"/>
      <line num="1022" count="0" type="stmt"/>
      <line num="1024" count="0" type="stmt"/>
      <line num="1027" count="0" type="stmt"/>
      <line num="1028" count="0" type="stmt"/>
      <line num="1029" count="0" type="cond" truecount="0" falsecount="2"/>
      <line num="1030" count="0" type="stmt"/>
      <line num="1035" count="0" type="cond" truecount="0" falsecount="2"/>
      <line num="1036" count="0" type="stmt"/>
      <line num="1037" count="0" type="stmt"/>
      <line num="1040" count="0" type="stmt"/>
      <line num="1042" count="0" type="cond" truecount="0" falsecount="4"/>
      <line num="1043" count="0" type="stmt"/>
      <line num="1046" count="0" type="stmt"/>
      <line num="1047" count="0" type="stmt"/>
      <line num="1049" count="0" type="stmt"/>
      <line num="1051" count="0" type="cond" truecount="0" falsecount="2"/>
      <line num="1052" count="0" type="stmt"/>
      <line num="1055" count="0" type="stmt"/>
      <line num="1056" count="0" type="stmt"/>
      <line num="1059" count="0" type="stmt"/>
      <line num="1060" count="0" type="cond" truecount="0" falsecount="2"/>
      <line num="1061" count="0" type="stmt"/>
      <line num="1065" count="0" type="stmt"/>
      <line num="1066" count="0" type="cond" truecount="0" falsecount="2"/>
      <line num="1067" count="0" type="stmt"/>
      <line num="1071" count="0" type="stmt"/>
      <line num="1072" count="0" type="stmt"/>
      <line num="1073" count="0" type="stmt"/>
      <line num="1080" count="0" type="cond" truecount="0" falsecount="4"/>
      <line num="1081" count="0" type="stmt"/>
      <line num="1084" count="0" type="stmt"/>
      <line num="1085" count="0" type="cond" truecount="0" falsecount="4"/>
      <line num="1086" count="0" type="stmt"/>
      <line num="1090" count="0" type="cond" truecount="0" falsecount="4"/>
      <line num="1091" count="0" type="stmt"/>
      <line num="1095" count="0" type="stmt"/>
      <line num="1096" count="0" type="cond" truecount="0" falsecount="4"/>
      <line num="1097" count="0" type="stmt"/>
      <line num="1099" count="0" type="cond" truecount="0" falsecount="4"/>
      <line num="1100" count="0" type="stmt"/>
      <line num="1103" count="0" type="stmt"/>
      <line num="1113" count="0" type="stmt"/>
      <line num="1120" count="0" type="stmt"/>
      <line num="1123" count="0" type="stmt"/>
      <line num="1124" count="0" type="stmt"/>
      <line num="1125" count="0" type="stmt"/>
      <line num="1126" count="0" type="stmt"/>
      <line num="1127" count="0" type="stmt"/>
      <line num="1129" count="0" type="stmt"/>
      <line num="1131" count="0" type="stmt"/>
      <line num="1142" count="0" type="stmt"/>
      <line num="1143" count="0" type="stmt"/>
      <line num="1151" count="0" type="stmt"/>
      <line num="1154" count="0" type="stmt"/>
      <line num="1155" count="0" type="stmt"/>
      <line num="1156" count="0" type="stmt"/>
      <line num="1158" count="0" type="cond" truecount="0" falsecount="4"/>
      <line num="1159" count="0" type="stmt"/>
      <line num="1166" count="0" type="stmt"/>
      <line num="1167" count="0" type="stmt"/>
      <line num="1168" count="0" type="stmt"/>
      <line num="1172" count="0" type="stmt"/>
      <line num="1173" count="0" type="stmt"/>
      <line num="1174" count="0" type="stmt"/>
      <line num="1176" count="0" type="cond" truecount="0" falsecount="4"/>
      <line num="1177" count="0" type="stmt"/>
      <line num="1184" count="0" type="stmt"/>
      <line num="1185" count="0" type="stmt"/>
      <line num="1186" count="0" type="stmt"/>
      <line num="1188" count="0" type="stmt"/>
      <line num="1189" count="0" type="cond" truecount="0" falsecount="2"/>
      <line num="1190" count="0" type="stmt"/>
      <line num="1193" count="0" type="stmt"/>
      <line num="1195" count="0" type="stmt"/>
      <line num="1196" count="0" type="stmt"/>
      <line num="1197" count="0" type="stmt"/>
      <line num="1199" count="0" type="stmt"/>
      <line num="1206" count="0" type="stmt"/>
      <line num="1207" count="0" type="stmt"/>
      <line num="1215" count="0" type="stmt"/>
      <line num="1216" count="0" type="stmt"/>
      <line num="1217" count="0" type="stmt"/>
      <line num="1218" count="0" type="stmt"/>
      <line num="1220" count="0" type="cond" truecount="0" falsecount="2"/>
      <line num="1221" count="0" type="stmt"/>
      <line num="1227" count="0" type="stmt"/>
      <line num="1228" count="0" type="stmt"/>
      <line num="1231" count="0" type="cond" truecount="0" falsecount="2"/>
      <line num="1232" count="0" type="stmt"/>
      <line num="1239" count="0" type="stmt"/>
      <line num="1240" count="0" type="stmt"/>
      <line num="1248" count="0" type="stmt"/>
      <line num="1249" count="0" type="cond" truecount="0" falsecount="4"/>
      <line num="1250" count="0" type="stmt"/>
      <line num="1252" count="0" type="stmt"/>
      <line num="1258" count="0" type="stmt"/>
      <line num="1259" count="0" type="stmt"/>
      <line num="1267" count="0" type="stmt"/>
      <line num="1268" count="0" type="stmt"/>
      <line num="1276" count="0" type="stmt"/>
      <line num="1277" count="0" type="stmt"/>
      <line num="1278" count="0" type="stmt"/>
      <line num="1280" count="0" type="cond" truecount="0" falsecount="2"/>
      <line num="1281" count="0" type="stmt"/>
      <line num="1288" count="0" type="stmt"/>
      <line num="1289" count="0" type="stmt"/>
      <line num="1291" count="0" type="stmt"/>
      <line num="1292" count="0" type="stmt"/>
      <line num="1296" count="0" type="stmt"/>
      <line num="1297" count="0" type="stmt"/>
      <line num="1298" count="0" type="stmt"/>
      <line num="1299" count="0" type="stmt"/>
      <line num="1301" count="0" type="cond" truecount="0" falsecount="2"/>
      <line num="1302" count="0" type="stmt"/>
      <line num="1308" count="0" type="stmt"/>
      <line num="1309" count="0" type="stmt"/>
      <line num="1311" count="0" type="stmt"/>
      <line num="1316" count="0" type="stmt"/>
      <line num="1317" count="0" type="stmt"/>
      <line num="1325" count="0" type="stmt"/>
      <line num="1326" count="0" type="stmt"/>
      <line num="1327" count="0" type="stmt"/>
      <line num="1329" count="0" type="cond" truecount="0" falsecount="4"/>
      <line num="1330" count="0" type="stmt"/>
      <line num="1336" count="0" type="stmt"/>
      <line num="1337" count="0" type="stmt"/>
      <line num="1339" count="0" type="stmt"/>
      <line num="1340" count="0" type="stmt"/>
      <line num="1341" count="0" type="stmt"/>
      <line num="1342" count="0" type="cond" truecount="0" falsecount="2"/>
      <line num="1343" count="0" type="stmt"/>
      <line num="1344" count="0" type="stmt"/>
      <line num="1346" count="0" type="stmt"/>
      <line num="1349" count="0" type="stmt"/>
      <line num="1353" count="0" type="stmt"/>
      <line num="1355" count="0" type="stmt"/>
      <line num="1362" count="0" type="stmt"/>
      <line num="1363" count="0" type="stmt"/>
      <line num="1371" count="0" type="stmt"/>
      <line num="1372" count="0" type="stmt"/>
      <line num="1373" count="0" type="stmt"/>
      <line num="1375" count="0" type="cond" truecount="0" falsecount="5"/>
      <line num="1376" count="0" type="stmt"/>
      <line num="1382" count="0" type="stmt"/>
      <line num="1383" count="0" type="stmt"/>
      <line num="1386" count="0" type="stmt"/>
      <line num="1387" count="0" type="cond" truecount="0" falsecount="2"/>
      <line num="1388" count="0" type="stmt"/>
      <line num="1394" count="0" type="stmt"/>
      <line num="1395" count="0" type="stmt"/>
      <line num="1397" count="0" type="stmt"/>
      <line num="1398" count="0" type="stmt"/>
      <line num="1399" count="0" type="stmt"/>
      <line num="1401" count="0" type="cond" truecount="0" falsecount="4"/>
      <line num="1402" count="0" type="stmt"/>
      <line num="1406" count="0" type="cond" truecount="0" falsecount="2"/>
      <line num="1407" count="0" type="stmt"/>
      <line num="1414" count="0" type="stmt"/>
      <line num="1415" count="0" type="stmt"/>
      <line num="1418" count="0" type="stmt"/>
      <line num="1419" count="0" type="stmt"/>
      <line num="1420" count="0" type="stmt"/>
      <line num="1422" count="0" type="stmt"/>
      <line num="1425" count="0" type="stmt"/>
      <line num="1426" count="0" type="stmt"/>
      <line num="1435" count="0" type="stmt"/>
      <line num="1437" count="0" type="stmt"/>
      <line num="1439" count="0" type="stmt"/>
      <line num="1440" count="0" type="cond" truecount="0" falsecount="2"/>
      <line num="1441" count="0" type="stmt"/>
      <line num="1445" count="0" type="cond" truecount="0" falsecount="4"/>
      <line num="1446" count="0" type="stmt"/>
      <line num="1448" count="0" type="stmt"/>
      <line num="1456" count="0" type="stmt"/>
      <line num="1457" count="0" type="stmt"/>
      <line num="1464" count="0" type="stmt"/>
      <line num="1465" count="0" type="stmt"/>
      <line num="1469" count="0" type="stmt"/>
      <line num="1470" count="0" type="stmt"/>
      <line num="1478" count="0" type="stmt"/>
      <line num="1479" count="0" type="stmt"/>
      <line num="1480" count="0" type="cond" truecount="0" falsecount="2"/>
      <line num="1481" count="0" type="stmt"/>
      <line num="1485" count="0" type="stmt"/>
      <line num="1486" count="0" type="stmt"/>
      <line num="1494" count="0" type="stmt"/>
      <line num="1500" count="0" type="stmt"/>
      <line num="1501" count="0" type="stmt"/>
      <line num="1506" count="0" type="stmt"/>
      <line num="1507" count="0" type="stmt"/>
      <line num="1515" count="0" type="stmt"/>
      <line num="1516" count="0" type="stmt"/>
      <line num="1522" count="0" type="stmt"/>
      <line num="1523" count="0" type="cond" truecount="0" falsecount="2"/>
      <line num="1524" count="0" type="stmt"/>
      <line num="1525" count="0" type="stmt"/>
      <line num="1528" count="0" type="stmt"/>
      <line num="1530" count="0" type="stmt"/>
      <line num="1531" count="0" type="stmt"/>
      <line num="1532" count="0" type="stmt"/>
      <line num="1535" count="0" type="stmt"/>
      <line num="1543" count="0" type="stmt"/>
      <line num="1545" count="0" type="stmt"/>
      <line num="1546" count="0" type="stmt"/>
      <line num="1548" count="0" type="stmt"/>
      <line num="1550" count="0" type="stmt"/>
      <line num="1551" count="0" type="stmt"/>
      <line num="1554" count="0" type="stmt"/>
      <line num="1557" count="0" type="stmt"/>
      <line num="1558" count="0" type="stmt"/>
      <line num="1559" count="0" type="stmt"/>
      <line num="1561" count="0" type="stmt"/>
      <line num="1563" count="0" type="stmt"/>
      <line num="1564" count="0" type="stmt"/>
      <line num="1565" count="0" type="cond" truecount="0" falsecount="2"/>
      <line num="1567" count="0" type="stmt"/>
      <line num="1570" count="0" type="stmt"/>
      <line num="1571" count="0" type="cond" truecount="0" falsecount="2"/>
      <line num="1573" count="0" type="stmt"/>
      <line num="1576" count="0" type="stmt"/>
      <line num="1577" count="0" type="stmt"/>
      <line num="1578" count="0" type="cond" truecount="0" falsecount="2"/>
      <line num="1579" count="0" type="stmt"/>
      <line num="1580" count="0" type="stmt"/>
      <line num="1584" count="0" type="cond" truecount="0" falsecount="2"/>
      <line num="1585" count="0" type="stmt"/>
      <line num="1586" count="0" type="stmt"/>
      <line num="1587" count="0" type="stmt"/>
      <line num="1588" count="0" type="stmt"/>
      <line num="1590" count="0" type="cond" truecount="0" falsecount="2"/>
      <line num="1591" count="0" type="stmt"/>
      <line num="1595" count="0" type="stmt"/>
      <line num="1596" count="0" type="stmt"/>
      <line num="1597" count="0" type="stmt"/>
      <line num="1598" count="0" type="stmt"/>
      <line num="1602" count="0" type="cond" truecount="0" falsecount="2"/>
      <line num="1603" count="0" type="stmt"/>
      <line num="1605" count="0" type="stmt"/>
      <line num="1609" count="0" type="cond" truecount="0" falsecount="4"/>
      <line num="1610" count="0" type="stmt"/>
      <line num="1615" count="0" type="cond" truecount="0" falsecount="4"/>
      <line num="1616" count="0" type="stmt"/>
      <line num="1617" count="0" type="stmt"/>
      <line num="1618" count="0" type="cond" truecount="0" falsecount="4"/>
      <line num="1619" count="0" type="stmt"/>
      <line num="1620" count="0" type="stmt"/>
      <line num="1621" count="0" type="cond" truecount="0" falsecount="4"/>
      <line num="1622" count="0" type="stmt"/>
      <line num="1623" count="0" type="stmt"/>
      <line num="1624" count="0" type="stmt"/>
      <line num="1625" count="0" type="stmt"/>
      <line num="1627" count="0" type="cond" truecount="0" falsecount="2"/>
      <line num="1628" count="0" type="stmt"/>
      <line num="1631" count="0" type="stmt"/>
      <line num="1632" count="0" type="stmt"/>
      <line num="1633" count="0" type="stmt"/>
      <line num="1635" count="0" type="stmt"/>
      <line num="1638" count="0" type="cond" truecount="0" falsecount="2"/>
      <line num="1639" count="0" type="stmt"/>
      <line num="1642" count="0" type="stmt"/>
      <line num="1648" count="0" type="cond" truecount="0" falsecount="2"/>
      <line num="1649" count="0" type="stmt"/>
      <line num="1650" count="0" type="stmt"/>
      <line num="1654" count="0" type="stmt"/>
      <line num="1655" count="0" type="stmt"/>
      <line num="1656" count="0" type="stmt"/>
      <line num="1659" count="0" type="stmt"/>
      <line num="1660" count="0" type="stmt"/>
      <line num="1661" count="0" type="stmt"/>
      <line num="1665" count="0" type="stmt"/>
      <line num="1666" count="0" type="stmt"/>
      <line num="1667" count="0" type="stmt"/>
      <line num="1670" count="0" type="stmt"/>
      <line num="1673" count="0" type="stmt"/>
      <line num="1677" count="0" type="stmt"/>
      <line num="1679" count="0" type="stmt"/>
      <line num="1680" count="0" type="cond" truecount="0" falsecount="2"/>
      <line num="1681" count="0" type="stmt"/>
      <line num="1685" count="0" type="stmt"/>
      <line num="2195" count="0" type="stmt"/>
      <line num="2196" count="0" type="stmt"/>
      <line num="2197" count="0" type="stmt"/>
      <line num="2199" count="0" type="stmt"/>
      <line num="2200" count="0" type="cond" truecount="0" falsecount="2"/>
      <line num="2201" count="0" type="stmt"/>
      <line num="2202" count="0" type="stmt"/>
      <line num="2205" count="0" type="cond" truecount="0" falsecount="2"/>
      <line num="2206" count="0" type="stmt"/>
      <line num="2207" count="0" type="stmt"/>
      <line num="2214" count="0" type="stmt"/>
      <line num="2215" count="0" type="stmt"/>
      <line num="2216" count="0" type="stmt"/>
      <line num="2221" count="0" type="cond" truecount="0" falsecount="2"/>
      <line num="2223" count="0" type="stmt"/>
      <line num="2224" count="0" type="stmt"/>
      <line num="2225" count="0" type="stmt"/>
      <line num="2226" count="0" type="stmt"/>
      <line num="2227" count="0" type="stmt"/>
      <line num="2230" count="0" type="stmt"/>
      <line num="2231" count="0" type="stmt"/>
      <line num="2232" count="0" type="stmt"/>
      <line num="2233" count="0" type="stmt"/>
      <line num="2234" count="0" type="stmt"/>
      <line num="2237" count="0" type="stmt"/>
      <line num="2238" count="0" type="stmt"/>
      <line num="2241" count="0" type="stmt"/>
      <line num="2242" count="0" type="cond" truecount="0" falsecount="2"/>
      <line num="2244" count="0" type="stmt"/>
      <line num="2245" count="0" type="stmt"/>
      <line num="2246" count="0" type="stmt"/>
      <line num="2247" count="0" type="stmt"/>
      <line num="2248" count="0" type="stmt"/>
      <line num="2249" count="0" type="cond" truecount="0" falsecount="2"/>
      <line num="2250" count="0" type="stmt"/>
      <line num="2252" count="0" type="stmt"/>
      <line num="2255" count="0" type="stmt"/>
      <line num="2257" count="0" type="stmt"/>
      <line num="2260" count="0" type="stmt"/>
      <line num="2272" count="0" type="stmt"/>
      <line num="2273" count="0" type="stmt"/>
      <line num="2281" count="0" type="stmt"/>
      <line num="2282" count="0" type="stmt"/>
      <line num="2283" count="0" type="stmt"/>
      <line num="2284" count="0" type="cond" truecount="0" falsecount="2"/>
      <line num="2286" count="0" type="stmt"/>
      <line num="2288" count="0" type="stmt"/>
      <line num="2289" count="0" type="stmt"/>
      <line num="2291" count="0" type="stmt"/>
      <line num="2292" count="0" type="stmt"/>
      <line num="2294" count="0" type="cond" truecount="0" falsecount="2"/>
      <line num="2295" count="0" type="stmt"/>
      <line num="2296" count="0" type="stmt"/>
      <line num="2299" count="0" type="stmt"/>
      <line num="2300" count="0" type="stmt"/>
      <line num="2301" count="0" type="stmt"/>
      <line num="2303" count="0" type="stmt"/>
      <line num="2304" count="0" type="cond" truecount="0" falsecount="2"/>
      <line num="2306" count="0" type="stmt"/>
      <line num="2307" count="0" type="stmt"/>
      <line num="2309" count="0" type="cond" truecount="0" falsecount="2"/>
      <line num="2310" count="0" type="stmt"/>
      <line num="2311" count="0" type="stmt"/>
      <line num="2312" count="0" type="stmt"/>
      <line num="2313" count="0" type="stmt"/>
      <line num="2314" count="0" type="stmt"/>
      <line num="2320" count="0" type="stmt"/>
      <line num="2321" count="0" type="stmt"/>
      <line num="2323" count="0" type="stmt"/>
      <line num="2330" count="0" type="stmt"/>
      <line num="2331" count="0" type="stmt"/>
      <line num="2339" count="0" type="stmt"/>
      <line num="2340" count="0" type="stmt"/>
      <line num="2341" count="0" type="stmt"/>
      <line num="2342" count="0" type="stmt"/>
      <line num="2345" count="0" type="stmt"/>
      <line num="2348" count="0" type="cond" truecount="0" falsecount="2"/>
      <line num="2349" count="0" type="stmt"/>
      <line num="2350" count="0" type="stmt"/>
      <line num="2351" count="0" type="stmt"/>
      <line num="2352" count="0" type="stmt"/>
      <line num="2354" count="0" type="stmt"/>
      <line num="2355" count="0" type="stmt"/>
      <line num="2356" count="0" type="stmt"/>
      <line num="2359" count="0" type="stmt"/>
      <line num="2360" count="0" type="stmt"/>
      <line num="2363" count="0" type="cond" truecount="0" falsecount="2"/>
      <line num="2364" count="0" type="stmt"/>
      <line num="2366" count="0" type="stmt"/>
      <line num="2367" count="0" type="stmt"/>
      <line num="2369" count="0" type="stmt"/>
      <line num="2371" count="0" type="cond" truecount="0" falsecount="2"/>
      <line num="2372" count="0" type="stmt"/>
      <line num="2373" count="0" type="stmt"/>
      <line num="2376" count="0" type="stmt"/>
      <line num="2377" count="0" type="stmt"/>
      <line num="2378" count="0" type="stmt"/>
      <line num="2380" count="0" type="stmt"/>
      <line num="2381" count="0" type="stmt"/>
      <line num="2382" count="0" type="stmt"/>
      <line num="2384" count="0" type="cond" truecount="0" falsecount="2"/>
      <line num="2385" count="0" type="stmt"/>
      <line num="2386" count="0" type="stmt"/>
      <line num="2392" count="0" type="stmt"/>
      <line num="2396" count="0" type="stmt"/>
      <line num="2400" count="0" type="stmt"/>
      <line num="2401" count="0" type="stmt"/>
      <line num="2402" count="0" type="stmt"/>
      <line num="2403" count="0" type="stmt"/>
      <line num="2404" count="0" type="stmt"/>
      <line num="2405" count="0" type="stmt"/>
      <line num="2406" count="0" type="stmt"/>
      <line num="2407" count="0" type="stmt"/>
      <line num="2410" count="0" type="stmt"/>
      <line num="2411" count="0" type="stmt"/>
      <line num="2412" count="0" type="stmt"/>
      <line num="2413" count="0" type="stmt"/>
      <line num="2418" count="0" type="stmt"/>
    </file>
  </project>
</coverage>
