{"F:\\study\\vedio\\monitor\\NAS\\index.js": {"path":"F:\\study\\vedio\\monitor\\NAS\\index.js","statementMap":{"0":{"start":{"line":1,"column":16},"end":{"line":1,"column":34}},"1":{"start":{"line":2,"column":13},"end":{"line":2,"column":28}},"2":{"start":{"line":3,"column":13},"end":{"line":3,"column":28}},"3":{"start":{"line":4,"column":18},"end":{"line":4,"column":31}},"4":{"start":{"line":5,"column":0},"end":{"line":5,"column":27}},"5":{"start":{"line":6,"column":18},"end":{"line":6,"column":46}},"6":{"start":{"line":7,"column":20},"end":{"line":7,"column":46}},"7":{"start":{"line":8,"column":11},"end":{"line":8,"column":24}},"8":{"start":{"line":9,"column":13},"end":{"line":9,"column":28}},"9":{"start":{"line":10,"column":15},"end":{"line":10,"column":32}},"10":{"start":{"line":11,"column":18},"end":{"line":11,"column":42}},"11":{"start":{"line":14,"column":25},"end":{"line":14,"column":69}},"12":{"start":{"line":15,"column":0},"end":{"line":17,"column":1}},"13":{"start":{"line":16,"column":2},"end":{"line":16,"column":54}},"14":{"start":{"line":19,"column":12},"end":{"line":19,"column":21}},"15":{"start":{"line":20,"column":15},"end":{"line":20,"column":37}},"16":{"start":{"line":21,"column":13},"end":{"line":21,"column":38}},"17":{"start":{"line":24,"column":12},"end":{"line":27,"column":2}},"18":{"start":{"line":30,"column":25},"end":{"line":30,"column":34}},"19":{"start":{"line":33,"column":22},"end":{"line":35,"column":1}},"20":{"start":{"line":39,"column":2},"end":{"line":49,"column":3}},"21":{"start":{"line":40,"column":4},"end":{"line":40,"column":33}},"22":{"start":{"line":41,"column":4},"end":{"line":41,"column":47}},"23":{"start":{"line":44,"column":4},"end":{"line":48,"column":5}},"24":{"start":{"line":45,"column":6},"end":{"line":45,"column":50}},"25":{"start":{"line":46,"column":6},"end":{"line":46,"column":37}},"26":{"start":{"line":47,"column":6},"end":{"line":47,"column":62}},"27":{"start":{"line":47,"column":23},"end":{"line":47,"column":54}},"28":{"start":{"line":53,"column":26},"end":{"line":53,"column":35}},"29":{"start":{"line":54,"column":24},"end":{"line":54,"column":33}},"30":{"start":{"line":57,"column":21},"end":{"line":57,"column":30}},"31":{"start":{"line":61,"column":2},"end":{"line":63,"column":3}},"32":{"start":{"line":62,"column":4},"end":{"line":62,"column":11}},"33":{"start":{"line":65,"column":18},"end":{"line":65,"column":41}},"34":{"start":{"line":66,"column":2},"end":{"line":69,"column":3}},"35":{"start":{"line":67,"column":4},"end":{"line":67,"column":44}},"36":{"start":{"line":68,"column":4},"end":{"line":68,"column":11}},"37":{"start":{"line":71,"column":14},"end":{"line":71,"column":24}},"38":{"start":{"line":72,"column":20},"end":{"line":72,"column":275}},"39":{"start":{"line":73,"column":19},"end":{"line":73,"column":37}},"40":{"start":{"line":76,"column":23},"end":{"line":76,"column":60}},"41":{"start":{"line":77,"column":2},"end":{"line":80,"column":3}},"42":{"start":{"line":78,"column":4},"end":{"line":78,"column":52}},"43":{"start":{"line":79,"column":4},"end":{"line":79,"column":48}},"44":{"start":{"line":82,"column":19},"end":{"line":82,"column":52}},"45":{"start":{"line":84,"column":2},"end":{"line":84,"column":63}},"46":{"start":{"line":87,"column":2},"end":{"line":87,"column":38}},"47":{"start":{"line":90,"column":21},"end":{"line":102,"column":3}},"48":{"start":{"line":104,"column":2},"end":{"line":104,"column":52}},"49":{"start":{"line":106,"column":17},"end":{"line":106,"column":44}},"50":{"start":{"line":108,"column":2},"end":{"line":110,"column":5}},"51":{"start":{"line":109,"column":4},"end":{"line":109,"column":51}},"52":{"start":{"line":112,"column":2},"end":{"line":212,"column":5}},"53":{"start":{"line":113,"column":4},"end":{"line":113,"column":68}},"54":{"start":{"line":116,"column":24},"end":{"line":116,"column":88}},"55":{"start":{"line":118,"column":4},"end":{"line":211,"column":5}},"56":{"start":{"line":119,"column":20},"end":{"line":119,"column":41}},"57":{"start":{"line":122,"column":6},"end":{"line":203,"column":7}},"58":{"start":{"line":123,"column":32},"end":{"line":123,"column":92}},"59":{"start":{"line":125,"column":8},"end":{"line":195,"column":9}},"60":{"start":{"line":127,"column":10},"end":{"line":127,"column":95}},"61":{"start":{"line":129,"column":10},"end":{"line":129,"column":63}},"62":{"start":{"line":129,"column":37},"end":{"line":129,"column":63}},"63":{"start":{"line":130,"column":10},"end":{"line":130,"column":46}},"64":{"start":{"line":133,"column":32},"end":{"line":133,"column":85}},"65":{"start":{"line":135,"column":10},"end":{"line":145,"column":11}},"66":{"start":{"line":137,"column":12},"end":{"line":137,"column":93}},"67":{"start":{"line":140,"column":12},"end":{"line":140,"column":45}},"68":{"start":{"line":143,"column":12},"end":{"line":143,"column":49}},"69":{"start":{"line":144,"column":12},"end":{"line":144,"column":19}},"70":{"start":{"line":148,"column":10},"end":{"line":148,"column":43}},"71":{"start":{"line":151,"column":10},"end":{"line":154,"column":19}},"72":{"start":{"line":152,"column":12},"end":{"line":152,"column":47}},"73":{"start":{"line":153,"column":12},"end":{"line":153,"column":44}},"74":{"start":{"line":157,"column":10},"end":{"line":157,"column":64}},"75":{"start":{"line":160,"column":24},"end":{"line":160,"column":49}},"76":{"start":{"line":161,"column":10},"end":{"line":171,"column":13}},"77":{"start":{"line":168,"column":12},"end":{"line":168,"column":66}},"78":{"start":{"line":170,"column":12},"end":{"line":170,"column":46}},"79":{"start":{"line":174,"column":10},"end":{"line":185,"column":11}},"80":{"start":{"line":175,"column":12},"end":{"line":184,"column":15}},"81":{"start":{"line":176,"column":14},"end":{"line":183,"column":15}},"82":{"start":{"line":177,"column":16},"end":{"line":180,"column":17}},"83":{"start":{"line":178,"column":18},"end":{"line":178,"column":41}},"84":{"start":{"line":179,"column":18},"end":{"line":179,"column":56}},"85":{"start":{"line":182,"column":16},"end":{"line":182,"column":52}},"86":{"start":{"line":188,"column":10},"end":{"line":188,"column":43}},"87":{"start":{"line":191,"column":10},"end":{"line":194,"column":19}},"88":{"start":{"line":192,"column":12},"end":{"line":192,"column":47}},"89":{"start":{"line":193,"column":12},"end":{"line":193,"column":44}},"90":{"start":{"line":198,"column":8},"end":{"line":198,"column":41}},"91":{"start":{"line":199,"column":8},"end":{"line":202,"column":17}},"92":{"start":{"line":200,"column":10},"end":{"line":200,"column":45}},"93":{"start":{"line":201,"column":10},"end":{"line":201,"column":42}},"94":{"start":{"line":206,"column":6},"end":{"line":206,"column":39}},"95":{"start":{"line":207,"column":6},"end":{"line":210,"column":15}},"96":{"start":{"line":208,"column":8},"end":{"line":208,"column":43}},"97":{"start":{"line":209,"column":8},"end":{"line":209,"column":40}},"98":{"start":{"line":214,"column":2},"end":{"line":223,"column":5}},"99":{"start":{"line":226,"column":2},"end":{"line":226,"column":29}},"100":{"start":{"line":231,"column":18},"end":{"line":231,"column":49}},"101":{"start":{"line":232,"column":2},"end":{"line":246,"column":3}},"102":{"start":{"line":233,"column":4},"end":{"line":233,"column":48}},"103":{"start":{"line":236,"column":4},"end":{"line":242,"column":7}},"104":{"start":{"line":244,"column":4},"end":{"line":244,"column":31}},"105":{"start":{"line":245,"column":4},"end":{"line":245,"column":39}},"106":{"start":{"line":249,"column":17},"end":{"line":249,"column":43}},"107":{"start":{"line":250,"column":2},"end":{"line":254,"column":3}},"108":{"start":{"line":251,"column":4},"end":{"line":251,"column":26}},"109":{"start":{"line":252,"column":4},"end":{"line":252,"column":34}},"110":{"start":{"line":253,"column":4},"end":{"line":253,"column":45}},"111":{"start":{"line":259,"column":18},"end":{"line":259,"column":49}},"112":{"start":{"line":260,"column":2},"end":{"line":262,"column":3}},"113":{"start":{"line":261,"column":4},"end":{"line":261,"column":11}},"114":{"start":{"line":265,"column":2},"end":{"line":265,"column":42}},"115":{"start":{"line":266,"column":2},"end":{"line":266,"column":23}},"116":{"start":{"line":269,"column":2},"end":{"line":272,"column":3}},"117":{"start":{"line":270,"column":27},"end":{"line":270,"column":76}},"118":{"start":{"line":271,"column":4},"end":{"line":271,"column":105}},"119":{"start":{"line":275,"column":25},"end":{"line":275,"column":74}},"120":{"start":{"line":276,"column":32},"end":{"line":276,"column":88}},"121":{"start":{"line":278,"column":2},"end":{"line":286,"column":3}},"122":{"start":{"line":279,"column":4},"end":{"line":279,"column":52}},"123":{"start":{"line":281,"column":4},"end":{"line":281,"column":35}},"124":{"start":{"line":282,"column":9},"end":{"line":286,"column":3}},"125":{"start":{"line":283,"column":4},"end":{"line":283,"column":82}},"126":{"start":{"line":284,"column":4},"end":{"line":284,"column":35}},"127":{"start":{"line":285,"column":4},"end":{"line":285,"column":60}},"128":{"start":{"line":285,"column":21},"end":{"line":285,"column":52}},"129":{"start":{"line":291,"column":2},"end":{"line":293,"column":3}},"130":{"start":{"line":292,"column":4},"end":{"line":292,"column":11}},"131":{"start":{"line":295,"column":2},"end":{"line":295,"column":45}},"132":{"start":{"line":297,"column":17},"end":{"line":310,"column":9}},"133":{"start":{"line":298,"column":18},"end":{"line":298,"column":43}},"134":{"start":{"line":299,"column":20},"end":{"line":299,"column":51}},"135":{"start":{"line":301,"column":4},"end":{"line":303,"column":5}},"136":{"start":{"line":302,"column":6},"end":{"line":302,"column":13}},"137":{"start":{"line":306,"column":4},"end":{"line":309,"column":5}},"138":{"start":{"line":307,"column":6},"end":{"line":307,"column":51}},"139":{"start":{"line":308,"column":6},"end":{"line":308,"column":55}},"140":{"start":{"line":312,"column":2},"end":{"line":312,"column":37}},"141":{"start":{"line":317,"column":19},"end":{"line":317,"column":39}},"142":{"start":{"line":319,"column":2},"end":{"line":322,"column":3}},"143":{"start":{"line":320,"column":4},"end":{"line":320,"column":44}},"144":{"start":{"line":321,"column":4},"end":{"line":321,"column":11}},"145":{"start":{"line":324,"column":2},"end":{"line":324,"column":63}},"146":{"start":{"line":325,"column":2},"end":{"line":327,"column":5}},"147":{"start":{"line":326,"column":4},"end":{"line":326,"column":41}},"148":{"start":{"line":329,"column":14},"end":{"line":329,"column":35}},"149":{"start":{"line":330,"column":25},"end":{"line":330,"column":280}},"150":{"start":{"line":331,"column":24},"end":{"line":331,"column":54}},"151":{"start":{"line":332,"column":23},"end":{"line":332,"column":60}},"152":{"start":{"line":333,"column":24},"end":{"line":333,"column":62}},"153":{"start":{"line":336,"column":23},"end":{"line":336,"column":65}},"154":{"start":{"line":337,"column":26},"end":{"line":337,"column":73}},"155":{"start":{"line":337,"column":46},"end":{"line":337,"column":61}},"156":{"start":{"line":338,"column":2},"end":{"line":338,"column":50}},"157":{"start":{"line":339,"column":2},"end":{"line":339,"column":45}},"158":{"start":{"line":342,"column":20},"end":{"line":349,"column":3}},"159":{"start":{"line":351,"column":2},"end":{"line":351,"column":69}},"160":{"start":{"line":353,"column":22},"end":{"line":353,"column":48}},"161":{"start":{"line":355,"column":2},"end":{"line":357,"column":5}},"162":{"start":{"line":356,"column":4},"end":{"line":356,"column":58}},"163":{"start":{"line":359,"column":2},"end":{"line":412,"column":5}},"164":{"start":{"line":361,"column":4},"end":{"line":367,"column":5}},"165":{"start":{"line":362,"column":6},"end":{"line":364,"column":7}},"166":{"start":{"line":363,"column":8},"end":{"line":363,"column":36}},"167":{"start":{"line":366,"column":6},"end":{"line":366,"column":44}},"168":{"start":{"line":369,"column":4},"end":{"line":411,"column":5}},"169":{"start":{"line":370,"column":6},"end":{"line":370,"column":60}},"170":{"start":{"line":373,"column":20},"end":{"line":373,"column":46}},"171":{"start":{"line":374,"column":20},"end":{"line":374,"column":45}},"172":{"start":{"line":375,"column":6},"end":{"line":385,"column":9}},"173":{"start":{"line":382,"column":8},"end":{"line":382,"column":69}},"174":{"start":{"line":384,"column":8},"end":{"line":384,"column":42}},"175":{"start":{"line":388,"column":6},"end":{"line":397,"column":9}},"176":{"start":{"line":389,"column":8},"end":{"line":396,"column":9}},"177":{"start":{"line":390,"column":10},"end":{"line":393,"column":11}},"178":{"start":{"line":391,"column":12},"end":{"line":391,"column":35}},"179":{"start":{"line":392,"column":12},"end":{"line":392,"column":50}},"180":{"start":{"line":395,"column":10},"end":{"line":395,"column":46}},"181":{"start":{"line":400,"column":6},"end":{"line":403,"column":15}},"182":{"start":{"line":401,"column":8},"end":{"line":401,"column":43}},"183":{"start":{"line":402,"column":8},"end":{"line":402,"column":40}},"184":{"start":{"line":405,"column":6},"end":{"line":405,"column":57}},"185":{"start":{"line":407,"column":6},"end":{"line":410,"column":15}},"186":{"start":{"line":408,"column":8},"end":{"line":408,"column":43}},"187":{"start":{"line":409,"column":8},"end":{"line":409,"column":40}},"188":{"start":{"line":416,"column":0},"end":{"line":529,"column":3}},"189":{"start":{"line":417,"column":19},"end":{"line":417,"column":43}},"190":{"start":{"line":418,"column":2},"end":{"line":418,"column":46}},"191":{"start":{"line":420,"column":17},"end":{"line":420,"column":21}},"192":{"start":{"line":422,"column":2},"end":{"line":491,"column":5}},"193":{"start":{"line":423,"column":4},"end":{"line":490,"column":5}},"194":{"start":{"line":425,"column":6},"end":{"line":435,"column":7}},"195":{"start":{"line":426,"column":8},"end":{"line":433,"column":9}},"196":{"start":{"line":427,"column":25},"end":{"line":427,"column":55}},"197":{"start":{"line":428,"column":10},"end":{"line":432,"column":11}},"198":{"start":{"line":429,"column":12},"end":{"line":429,"column":46}},"199":{"start":{"line":430,"column":12},"end":{"line":430,"column":39}},"200":{"start":{"line":431,"column":12},"end":{"line":431,"column":80}},"201":{"start":{"line":434,"column":8},"end":{"line":434,"column":15}},"202":{"start":{"line":438,"column":19},"end":{"line":438,"column":49}},"203":{"start":{"line":439,"column":6},"end":{"line":439,"column":37}},"204":{"start":{"line":441,"column":6},"end":{"line":472,"column":7}},"205":{"start":{"line":442,"column":8},"end":{"line":442,"column":33}},"206":{"start":{"line":445,"column":8},"end":{"line":445,"column":42}},"207":{"start":{"line":447,"column":8},"end":{"line":455,"column":11}},"208":{"start":{"line":457,"column":8},"end":{"line":457,"column":63}},"209":{"start":{"line":460,"column":8},"end":{"line":465,"column":12}},"210":{"start":{"line":468,"column":8},"end":{"line":471,"column":9}},"211":{"start":{"line":469,"column":10},"end":{"line":469,"column":51}},"212":{"start":{"line":470,"column":10},"end":{"line":470,"column":66}},"213":{"start":{"line":470,"column":27},"end":{"line":470,"column":58}},"214":{"start":{"line":475,"column":6},"end":{"line":487,"column":7}},"215":{"start":{"line":476,"column":23},"end":{"line":476,"column":58}},"216":{"start":{"line":477,"column":8},"end":{"line":486,"column":9}},"217":{"start":{"line":478,"column":10},"end":{"line":478,"column":44}},"218":{"start":{"line":479,"column":10},"end":{"line":479,"column":35}},"219":{"start":{"line":482,"column":10},"end":{"line":485,"column":14}},"220":{"start":{"line":489,"column":6},"end":{"line":489,"column":40}},"221":{"start":{"line":493,"column":2},"end":{"line":517,"column":5}},"222":{"start":{"line":494,"column":4},"end":{"line":494,"column":76}},"223":{"start":{"line":495,"column":4},"end":{"line":516,"column":5}},"224":{"start":{"line":496,"column":21},"end":{"line":496,"column":51}},"225":{"start":{"line":497,"column":6},"end":{"line":501,"column":7}},"226":{"start":{"line":498,"column":8},"end":{"line":498,"column":34}},"227":{"start":{"line":499,"column":8},"end":{"line":499,"column":43}},"228":{"start":{"line":500,"column":8},"end":{"line":500,"column":46}},"229":{"start":{"line":504,"column":6},"end":{"line":507,"column":7}},"230":{"start":{"line":505,"column":8},"end":{"line":505,"column":50}},"231":{"start":{"line":506,"column":8},"end":{"line":506,"column":39}},"232":{"start":{"line":510,"column":6},"end":{"line":515,"column":16}},"233":{"start":{"line":511,"column":8},"end":{"line":514,"column":9}},"234":{"start":{"line":512,"column":10},"end":{"line":512,"column":44}},"235":{"start":{"line":513,"column":10},"end":{"line":513,"column":49}},"236":{"start":{"line":519,"column":2},"end":{"line":528,"column":5}},"237":{"start":{"line":520,"column":4},"end":{"line":520,"column":49}},"238":{"start":{"line":521,"column":4},"end":{"line":527,"column":5}},"239":{"start":{"line":522,"column":21},"end":{"line":522,"column":51}},"240":{"start":{"line":523,"column":6},"end":{"line":526,"column":7}},"241":{"start":{"line":524,"column":8},"end":{"line":524,"column":32}},"242":{"start":{"line":525,"column":8},"end":{"line":525,"column":46}},"243":{"start":{"line":532,"column":0},"end":{"line":532,"column":16}},"244":{"start":{"line":533,"column":0},"end":{"line":533,"column":24}},"245":{"start":{"line":536,"column":16},"end":{"line":546,"column":2}},"246":{"start":{"line":538,"column":4},"end":{"line":538,"column":30}},"247":{"start":{"line":542,"column":16},"end":{"line":542,"column":26}},"248":{"start":{"line":543,"column":22},"end":{"line":543,"column":229}},"249":{"start":{"line":544,"column":4},"end":{"line":544,"column":32}},"250":{"start":{"line":548,"column":15},"end":{"line":553,"column":2}},"251":{"start":{"line":556,"column":20},"end":{"line":556,"column":29}},"252":{"start":{"line":560,"column":2},"end":{"line":562,"column":3}},"253":{"start":{"line":561,"column":4},"end":{"line":561,"column":11}},"254":{"start":{"line":564,"column":2},"end":{"line":564,"column":45}},"255":{"start":{"line":566,"column":16},"end":{"line":572,"column":3}},"256":{"start":{"line":574,"column":2},"end":{"line":574,"column":35}},"257":{"start":{"line":575,"column":2},"end":{"line":575,"column":49}},"258":{"start":{"line":580,"column":15},"end":{"line":580,"column":30}},"259":{"start":{"line":583,"column":4},"end":{"line":585,"column":5}},"260":{"start":{"line":584,"column":6},"end":{"line":584,"column":39}},"261":{"start":{"line":587,"column":4},"end":{"line":587,"column":65}},"262":{"start":{"line":589,"column":16},"end":{"line":664,"column":6}},"263":{"start":{"line":596,"column":6},"end":{"line":596,"column":48}},"264":{"start":{"line":598,"column":19},"end":{"line":598,"column":34}},"265":{"start":{"line":599,"column":23},"end":{"line":599,"column":24}},"266":{"start":{"line":601,"column":6},"end":{"line":653,"column":9}},"267":{"start":{"line":602,"column":8},"end":{"line":602,"column":48}},"268":{"start":{"line":605,"column":25},"end":{"line":605,"column":42}},"269":{"start":{"line":606,"column":31},"end":{"line":606,"column":52}},"270":{"start":{"line":608,"column":23},"end":{"line":608,"column":24}},"271":{"start":{"line":609,"column":8},"end":{"line":647,"column":9}},"272":{"start":{"line":610,"column":29},"end":{"line":610,"column":69}},"273":{"start":{"line":611,"column":10},"end":{"line":611,"column":39}},"274":{"start":{"line":611,"column":33},"end":{"line":611,"column":39}},"275":{"start":{"line":613,"column":33},"end":{"line":613,"column":99}},"276":{"start":{"line":614,"column":10},"end":{"line":614,"column":43}},"277":{"start":{"line":614,"column":37},"end":{"line":614,"column":43}},"278":{"start":{"line":617,"column":28},"end":{"line":617,"column":66}},"279":{"start":{"line":618,"column":10},"end":{"line":644,"column":11}},"280":{"start":{"line":619,"column":29},"end":{"line":619,"column":72}},"281":{"start":{"line":622,"column":12},"end":{"line":622,"column":41}},"282":{"start":{"line":623,"column":12},"end":{"line":623,"column":41}},"283":{"start":{"line":624,"column":12},"end":{"line":624,"column":25}},"284":{"start":{"line":626,"column":12},"end":{"line":628,"column":13}},"285":{"start":{"line":627,"column":14},"end":{"line":627,"column":99}},"286":{"start":{"line":631,"column":12},"end":{"line":643,"column":15}},"287":{"start":{"line":632,"column":14},"end":{"line":642,"column":15}},"288":{"start":{"line":633,"column":16},"end":{"line":641,"column":17}},"289":{"start":{"line":634,"column":18},"end":{"line":634,"column":50}},"290":{"start":{"line":635,"column":18},"end":{"line":635,"column":67}},"291":{"start":{"line":636,"column":18},"end":{"line":636,"column":43}},"292":{"start":{"line":637,"column":18},"end":{"line":637,"column":45}},"293":{"start":{"line":638,"column":18},"end":{"line":638,"column":43}},"294":{"start":{"line":646,"column":10},"end":{"line":646,"column":36}},"295":{"start":{"line":650,"column":8},"end":{"line":652,"column":9}},"296":{"start":{"line":651,"column":10},"end":{"line":651,"column":40}},"297":{"start":{"line":655,"column":6},"end":{"line":658,"column":9}},"298":{"start":{"line":656,"column":8},"end":{"line":656,"column":58}},"299":{"start":{"line":657,"column":8},"end":{"line":657,"column":57}},"300":{"start":{"line":660,"column":6},"end":{"line":663,"column":9}},"301":{"start":{"line":661,"column":8},"end":{"line":661,"column":64}},"302":{"start":{"line":662,"column":8},"end":{"line":662,"column":57}},"303":{"start":{"line":666,"column":4},"end":{"line":669,"column":7}},"304":{"start":{"line":667,"column":6},"end":{"line":667,"column":63}},"305":{"start":{"line":668,"column":6},"end":{"line":668,"column":55}},"306":{"start":{"line":671,"column":4},"end":{"line":671,"column":14}},"307":{"start":{"line":672,"column":4},"end":{"line":672,"column":33}},"308":{"start":{"line":675,"column":2},"end":{"line":675,"column":12}},"309":{"start":{"line":679,"column":0},"end":{"line":792,"column":3}},"310":{"start":{"line":680,"column":19},"end":{"line":680,"column":50}},"311":{"start":{"line":682,"column":18},"end":{"line":682,"column":41}},"312":{"start":{"line":683,"column":2},"end":{"line":731,"column":3}},"313":{"start":{"line":685,"column":4},"end":{"line":685,"column":53}},"314":{"start":{"line":688,"column":4},"end":{"line":692,"column":7}},"315":{"start":{"line":696,"column":24},"end":{"line":699,"column":5}},"316":{"start":{"line":701,"column":4},"end":{"line":701,"column":29}},"317":{"start":{"line":702,"column":4},"end":{"line":702,"column":46}},"318":{"start":{"line":703,"column":4},"end":{"line":703,"column":22}},"319":{"start":{"line":704,"column":4},"end":{"line":704,"column":27}},"320":{"start":{"line":705,"column":4},"end":{"line":705,"column":22}},"321":{"start":{"line":708,"column":26},"end":{"line":721,"column":12}},"322":{"start":{"line":709,"column":20},"end":{"line":709,"column":43}},"323":{"start":{"line":710,"column":6},"end":{"line":720,"column":7}},"324":{"start":{"line":711,"column":8},"end":{"line":711,"column":68}},"325":{"start":{"line":712,"column":8},"end":{"line":712,"column":37}},"326":{"start":{"line":713,"column":8},"end":{"line":713,"column":43}},"327":{"start":{"line":716,"column":8},"end":{"line":716,"column":18}},"328":{"start":{"line":719,"column":8},"end":{"line":719,"column":42}},"329":{"start":{"line":724,"column":4},"end":{"line":728,"column":7}},"330":{"start":{"line":725,"column":6},"end":{"line":725,"column":35}},"331":{"start":{"line":726,"column":6},"end":{"line":726,"column":41}},"332":{"start":{"line":727,"column":6},"end":{"line":727,"column":52}},"333":{"start":{"line":730,"column":4},"end":{"line":730,"column":11}},"334":{"start":{"line":733,"column":2},"end":{"line":733,"column":42}},"335":{"start":{"line":736,"column":2},"end":{"line":736,"column":38}},"336":{"start":{"line":738,"column":16},"end":{"line":738,"column":41}},"337":{"start":{"line":741,"column":2},"end":{"line":746,"column":5}},"338":{"start":{"line":749,"column":22},"end":{"line":752,"column":3}},"339":{"start":{"line":755,"column":28},"end":{"line":768,"column":9}},"340":{"start":{"line":756,"column":4},"end":{"line":759,"column":5}},"341":{"start":{"line":757,"column":6},"end":{"line":757,"column":39}},"342":{"start":{"line":758,"column":6},"end":{"line":758,"column":13}},"343":{"start":{"line":761,"column":4},"end":{"line":767,"column":5}},"344":{"start":{"line":762,"column":6},"end":{"line":762,"column":31}},"345":{"start":{"line":763,"column":6},"end":{"line":763,"column":48}},"346":{"start":{"line":764,"column":6},"end":{"line":764,"column":24}},"347":{"start":{"line":765,"column":6},"end":{"line":765,"column":29}},"348":{"start":{"line":766,"column":6},"end":{"line":766,"column":24}},"349":{"start":{"line":771,"column":2},"end":{"line":777,"column":3}},"350":{"start":{"line":772,"column":4},"end":{"line":772,"column":29}},"351":{"start":{"line":773,"column":4},"end":{"line":773,"column":46}},"352":{"start":{"line":774,"column":4},"end":{"line":774,"column":22}},"353":{"start":{"line":775,"column":4},"end":{"line":775,"column":33}},"354":{"start":{"line":776,"column":4},"end":{"line":776,"column":22}},"355":{"start":{"line":780,"column":17},"end":{"line":780,"column":64}},"356":{"start":{"line":781,"column":2},"end":{"line":781,"column":29}},"357":{"start":{"line":784,"column":2},"end":{"line":791,"column":5}},"358":{"start":{"line":785,"column":18},"end":{"line":785,"column":47}},"359":{"start":{"line":786,"column":4},"end":{"line":789,"column":5}},"360":{"start":{"line":787,"column":6},"end":{"line":787,"column":46}},"361":{"start":{"line":788,"column":6},"end":{"line":788,"column":37}},"362":{"start":{"line":790,"column":4},"end":{"line":790,"column":72}},"363":{"start":{"line":795,"column":0},"end":{"line":831,"column":3}},"364":{"start":{"line":796,"column":21},"end":{"line":796,"column":30}},"365":{"start":{"line":799,"column":2},"end":{"line":813,"column":3}},"366":{"start":{"line":800,"column":31},"end":{"line":800,"column":71}},"367":{"start":{"line":801,"column":21},"end":{"line":801,"column":77}},"368":{"start":{"line":803,"column":4},"end":{"line":812,"column":7}},"369":{"start":{"line":816,"column":2},"end":{"line":828,"column":3}},"370":{"start":{"line":817,"column":4},"end":{"line":827,"column":5}},"371":{"start":{"line":818,"column":6},"end":{"line":826,"column":9}},"372":{"start":{"line":830,"column":2},"end":{"line":830,"column":44}},"373":{"start":{"line":834,"column":0},"end":{"line":859,"column":3}},"374":{"start":{"line":835,"column":27},"end":{"line":835,"column":35}},"375":{"start":{"line":837,"column":2},"end":{"line":839,"column":3}},"376":{"start":{"line":838,"column":4},"end":{"line":838,"column":60}},"377":{"start":{"line":841,"column":2},"end":{"line":841,"column":52}},"378":{"start":{"line":844,"column":16},"end":{"line":844,"column":39}},"379":{"start":{"line":845,"column":2},"end":{"line":845,"column":30}},"380":{"start":{"line":848,"column":2},"end":{"line":851,"column":3}},"381":{"start":{"line":849,"column":4},"end":{"line":849,"column":48}},"382":{"start":{"line":850,"column":4},"end":{"line":850,"column":36}},"383":{"start":{"line":853,"column":2},"end":{"line":858,"column":5}},"384":{"start":{"line":862,"column":0},"end":{"line":866,"column":3}},"385":{"start":{"line":863,"column":19},"end":{"line":863,"column":50}},"386":{"start":{"line":864,"column":2},"end":{"line":864,"column":34}},"387":{"start":{"line":865,"column":2},"end":{"line":865,"column":43}},"388":{"start":{"line":869,"column":0},"end":{"line":873,"column":3}},"389":{"start":{"line":870,"column":19},"end":{"line":870,"column":50}},"390":{"start":{"line":871,"column":2},"end":{"line":871,"column":33}},"391":{"start":{"line":872,"column":2},"end":{"line":872,"column":43}},"392":{"start":{"line":876,"column":0},"end":{"line":973,"column":3}},"393":{"start":{"line":877,"column":19},"end":{"line":877,"column":50}},"394":{"start":{"line":878,"column":18},"end":{"line":878,"column":41}},"395":{"start":{"line":880,"column":2},"end":{"line":882,"column":3}},"396":{"start":{"line":881,"column":4},"end":{"line":881,"column":53}},"397":{"start":{"line":884,"column":2},"end":{"line":972,"column":3}},"398":{"start":{"line":885,"column":17},"end":{"line":885,"column":32}},"399":{"start":{"line":888,"column":4},"end":{"line":888,"column":36}},"400":{"start":{"line":891,"column":20},"end":{"line":897,"column":5}},"401":{"start":{"line":899,"column":20},"end":{"line":946,"column":6}},"402":{"start":{"line":900,"column":23},"end":{"line":900,"column":24}},"403":{"start":{"line":901,"column":19},"end":{"line":901,"column":21}},"404":{"start":{"line":903,"column":6},"end":{"line":940,"column":9}},"405":{"start":{"line":904,"column":8},"end":{"line":904,"column":35}},"406":{"start":{"line":907,"column":25},"end":{"line":907,"column":34}},"407":{"start":{"line":908,"column":18},"end":{"line":908,"column":19}},"408":{"start":{"line":910,"column":8},"end":{"line":934,"column":9}},"409":{"start":{"line":911,"column":26},"end":{"line":911,"column":73}},"410":{"start":{"line":912,"column":10},"end":{"line":912,"column":36}},"411":{"start":{"line":912,"column":30},"end":{"line":912,"column":36}},"412":{"start":{"line":914,"column":29},"end":{"line":914,"column":64}},"413":{"start":{"line":915,"column":27},"end":{"line":915,"column":34}},"414":{"start":{"line":917,"column":10},"end":{"line":931,"column":11}},"415":{"start":{"line":918,"column":30},"end":{"line":918,"column":68}},"416":{"start":{"line":919,"column":32},"end":{"line":919,"column":64}},"417":{"start":{"line":922,"column":12},"end":{"line":922,"column":55}},"418":{"start":{"line":923,"column":12},"end":{"line":923,"column":25}},"419":{"start":{"line":926,"column":12},"end":{"line":930,"column":13}},"420":{"start":{"line":927,"column":14},"end":{"line":927,"column":45}},"421":{"start":{"line":928,"column":14},"end":{"line":928,"column":32}},"422":{"start":{"line":929,"column":14},"end":{"line":929,"column":20}},"423":{"start":{"line":933,"column":10},"end":{"line":933,"column":24}},"424":{"start":{"line":937,"column":8},"end":{"line":939,"column":9}},"425":{"start":{"line":938,"column":10},"end":{"line":938,"column":41}},"426":{"start":{"line":942,"column":6},"end":{"line":945,"column":9}},"427":{"start":{"line":943,"column":8},"end":{"line":943,"column":39}},"428":{"start":{"line":944,"column":8},"end":{"line":944,"column":46}},"429":{"start":{"line":948,"column":4},"end":{"line":952,"column":7}},"430":{"start":{"line":949,"column":6},"end":{"line":949,"column":38}},"431":{"start":{"line":950,"column":6},"end":{"line":950,"column":37}},"432":{"start":{"line":951,"column":6},"end":{"line":951,"column":53}},"433":{"start":{"line":954,"column":4},"end":{"line":958,"column":7}},"434":{"start":{"line":955,"column":6},"end":{"line":955,"column":24}},"435":{"start":{"line":956,"column":6},"end":{"line":956,"column":37}},"436":{"start":{"line":957,"column":6},"end":{"line":957,"column":29}},"437":{"start":{"line":960,"column":4},"end":{"line":960,"column":18}},"438":{"start":{"line":962,"column":4},"end":{"line":967,"column":7}},"439":{"start":{"line":970,"column":4},"end":{"line":970,"column":34}},"440":{"start":{"line":971,"column":4},"end":{"line":971,"column":51}},"441":{"start":{"line":976,"column":0},"end":{"line":976,"column":67}},"442":{"start":{"line":979,"column":0},"end":{"line":1013,"column":3}},"443":{"start":{"line":980,"column":33},"end":{"line":980,"column":43}},"444":{"start":{"line":981,"column":20},"end":{"line":981,"column":67}},"445":{"start":{"line":983,"column":2},"end":{"line":985,"column":3}},"446":{"start":{"line":984,"column":4},"end":{"line":984,"column":54}},"447":{"start":{"line":987,"column":15},"end":{"line":987,"column":37}},"448":{"start":{"line":988,"column":19},"end":{"line":988,"column":28}},"449":{"start":{"line":989,"column":16},"end":{"line":989,"column":33}},"450":{"start":{"line":991,"column":2},"end":{"line":1012,"column":3}},"451":{"start":{"line":992,"column":18},"end":{"line":992,"column":56}},"452":{"start":{"line":993,"column":18},"end":{"line":993,"column":40}},"453":{"start":{"line":994,"column":16},"end":{"line":994,"column":64}},"454":{"start":{"line":995,"column":22},"end":{"line":995,"column":39}},"455":{"start":{"line":996,"column":17},"end":{"line":996,"column":61}},"456":{"start":{"line":997,"column":17},"end":{"line":1002,"column":5}},"457":{"start":{"line":1003,"column":4},"end":{"line":1003,"column":29}},"458":{"start":{"line":1004,"column":4},"end":{"line":1004,"column":19}},"459":{"start":{"line":1006,"column":17},"end":{"line":1009,"column":5}},"460":{"start":{"line":1010,"column":4},"end":{"line":1010,"column":29}},"461":{"start":{"line":1011,"column":4},"end":{"line":1011,"column":45}},"462":{"start":{"line":1016,"column":0},"end":{"line":1148,"column":3}},"463":{"start":{"line":1017,"column":2},"end":{"line":1147,"column":3}},"464":{"start":{"line":1018,"column":17},"end":{"line":1018,"column":46}},"465":{"start":{"line":1019,"column":21},"end":{"line":1019,"column":55}},"466":{"start":{"line":1020,"column":21},"end":{"line":1020,"column":39}},"467":{"start":{"line":1021,"column":22},"end":{"line":1021,"column":41}},"468":{"start":{"line":1022,"column":20},"end":{"line":1022,"column":37}},"469":{"start":{"line":1024,"column":19},"end":{"line":1024,"column":21}},"470":{"start":{"line":1027,"column":27},"end":{"line":1027,"column":36}},"471":{"start":{"line":1028,"column":4},"end":{"line":1032,"column":5}},"472":{"start":{"line":1029,"column":6},"end":{"line":1031,"column":7}},"473":{"start":{"line":1030,"column":8},"end":{"line":1030,"column":45}},"474":{"start":{"line":1035,"column":4},"end":{"line":1117,"column":5}},"475":{"start":{"line":1036,"column":25},"end":{"line":1038,"column":8}},"476":{"start":{"line":1037,"column":8},"end":{"line":1037,"column":73}},"477":{"start":{"line":1040,"column":6},"end":{"line":1116,"column":7}},"478":{"start":{"line":1042,"column":8},"end":{"line":1044,"column":9}},"479":{"start":{"line":1043,"column":10},"end":{"line":1043,"column":19}},"480":{"start":{"line":1046,"column":26},"end":{"line":1046,"column":66}},"481":{"start":{"line":1047,"column":22},"end":{"line":1047,"column":79}},"482":{"start":{"line":1047,"column":60},"end":{"line":1047,"column":78}},"483":{"start":{"line":1049,"column":8},"end":{"line":1115,"column":9}},"484":{"start":{"line":1051,"column":10},"end":{"line":1053,"column":11}},"485":{"start":{"line":1052,"column":12},"end":{"line":1052,"column":21}},"486":{"start":{"line":1055,"column":27},"end":{"line":1055,"column":53}},"487":{"start":{"line":1056,"column":23},"end":{"line":1056,"column":44}},"488":{"start":{"line":1059,"column":32},"end":{"line":1059,"column":51}},"489":{"start":{"line":1060,"column":10},"end":{"line":1062,"column":11}},"490":{"start":{"line":1061,"column":12},"end":{"line":1061,"column":21}},"491":{"start":{"line":1065,"column":26},"end":{"line":1065,"column":41}},"492":{"start":{"line":1066,"column":10},"end":{"line":1068,"column":11}},"493":{"start":{"line":1067,"column":12},"end":{"line":1067,"column":21}},"494":{"start":{"line":1071,"column":10},"end":{"line":1114,"column":11}},"495":{"start":{"line":1072,"column":34},"end":{"line":1072,"column":58}},"496":{"start":{"line":1073,"column":27},"end":{"line":1078,"column":33}},"497":{"start":{"line":1080,"column":12},"end":{"line":1082,"column":13}},"498":{"start":{"line":1081,"column":14},"end":{"line":1081,"column":23}},"499":{"start":{"line":1084,"column":29},"end":{"line":1084,"column":72}},"500":{"start":{"line":1085,"column":12},"end":{"line":1087,"column":13}},"501":{"start":{"line":1086,"column":14},"end":{"line":1086,"column":23}},"502":{"start":{"line":1090,"column":12},"end":{"line":1092,"column":13}},"503":{"start":{"line":1091,"column":14},"end":{"line":1091,"column":23}},"504":{"start":{"line":1095,"column":29},"end":{"line":1095,"column":39}},"505":{"start":{"line":1096,"column":12},"end":{"line":1098,"column":13}},"506":{"start":{"line":1097,"column":14},"end":{"line":1097,"column":23}},"507":{"start":{"line":1099,"column":12},"end":{"line":1101,"column":13}},"508":{"start":{"line":1100,"column":14},"end":{"line":1100,"column":23}},"509":{"start":{"line":1103,"column":12},"end":{"line":1111,"column":15}},"510":{"start":{"line":1113,"column":12},"end":{"line":1113,"column":21}},"511":{"start":{"line":1120,"column":4},"end":{"line":1120,"column":53}},"512":{"start":{"line":1120,"column":26},"end":{"line":1120,"column":51}},"513":{"start":{"line":1123,"column":18},"end":{"line":1123,"column":31}},"514":{"start":{"line":1124,"column":23},"end":{"line":1124,"column":50}},"515":{"start":{"line":1125,"column":18},"end":{"line":1125,"column":39}},"516":{"start":{"line":1126,"column":16},"end":{"line":1126,"column":32}},"517":{"start":{"line":1127,"column":28},"end":{"line":1127,"column":52}},"518":{"start":{"line":1129,"column":4},"end":{"line":1129,"column":64}},"519":{"start":{"line":1131,"column":4},"end":{"line":1140,"column":7}},"520":{"start":{"line":1142,"column":4},"end":{"line":1142,"column":38}},"521":{"start":{"line":1143,"column":4},"end":{"line":1146,"column":7}},"522":{"start":{"line":1151,"column":0},"end":{"line":1151,"column":36}},"523":{"start":{"line":1154,"column":0},"end":{"line":1169,"column":3}},"524":{"start":{"line":1155,"column":23},"end":{"line":1155,"column":33}},"525":{"start":{"line":1156,"column":16},"end":{"line":1156,"column":41}},"526":{"start":{"line":1158,"column":2},"end":{"line":1163,"column":3}},"527":{"start":{"line":1159,"column":4},"end":{"line":1162,"column":7}},"528":{"start":{"line":1166,"column":2},"end":{"line":1166,"column":46}},"529":{"start":{"line":1167,"column":2},"end":{"line":1167,"column":45}},"530":{"start":{"line":1168,"column":2},"end":{"line":1168,"column":30}},"531":{"start":{"line":1172,"column":0},"end":{"line":1212,"column":3}},"532":{"start":{"line":1173,"column":23},"end":{"line":1173,"column":33}},"533":{"start":{"line":1174,"column":16},"end":{"line":1174,"column":41}},"534":{"start":{"line":1176,"column":2},"end":{"line":1181,"column":3}},"535":{"start":{"line":1177,"column":4},"end":{"line":1180,"column":7}},"536":{"start":{"line":1184,"column":14},"end":{"line":1184,"column":24}},"537":{"start":{"line":1185,"column":20},"end":{"line":1185,"column":275}},"538":{"start":{"line":1186,"column":19},"end":{"line":1186,"column":46}},"539":{"start":{"line":1188,"column":20},"end":{"line":1188,"column":70}},"540":{"start":{"line":1189,"column":2},"end":{"line":1191,"column":3}},"541":{"start":{"line":1190,"column":4},"end":{"line":1190,"column":49}},"542":{"start":{"line":1193,"column":19},"end":{"line":1193,"column":49}},"543":{"start":{"line":1195,"column":2},"end":{"line":1211,"column":3}},"544":{"start":{"line":1196,"column":4},"end":{"line":1196,"column":50}},"545":{"start":{"line":1197,"column":4},"end":{"line":1197,"column":42}},"546":{"start":{"line":1199,"column":4},"end":{"line":1204,"column":7}},"547":{"start":{"line":1206,"column":4},"end":{"line":1206,"column":36}},"548":{"start":{"line":1207,"column":4},"end":{"line":1210,"column":7}},"549":{"start":{"line":1215,"column":0},"end":{"line":1273,"column":3}},"550":{"start":{"line":1216,"column":2},"end":{"line":1272,"column":3}},"551":{"start":{"line":1217,"column":35},"end":{"line":1217,"column":45}},"552":{"start":{"line":1218,"column":22},"end":{"line":1218,"column":69}},"553":{"start":{"line":1220,"column":4},"end":{"line":1225,"column":5}},"554":{"start":{"line":1221,"column":6},"end":{"line":1224,"column":9}},"555":{"start":{"line":1227,"column":30},"end":{"line":1227,"column":68}},"556":{"start":{"line":1228,"column":26},"end":{"line":1228,"column":82}},"557":{"start":{"line":1231,"column":4},"end":{"line":1236,"column":5}},"558":{"start":{"line":1232,"column":6},"end":{"line":1235,"column":9}},"559":{"start":{"line":1239,"column":22},"end":{"line":1239,"column":46}},"560":{"start":{"line":1240,"column":19},"end":{"line":1246,"column":6}},"561":{"start":{"line":1248,"column":4},"end":{"line":1264,"column":7}},"562":{"start":{"line":1249,"column":6},"end":{"line":1263,"column":7}},"563":{"start":{"line":1250,"column":8},"end":{"line":1250,"column":57}},"564":{"start":{"line":1252,"column":8},"end":{"line":1256,"column":11}},"565":{"start":{"line":1258,"column":8},"end":{"line":1258,"column":48}},"566":{"start":{"line":1259,"column":8},"end":{"line":1262,"column":11}},"567":{"start":{"line":1267,"column":4},"end":{"line":1267,"column":37}},"568":{"start":{"line":1268,"column":4},"end":{"line":1271,"column":7}},"569":{"start":{"line":1276,"column":0},"end":{"line":1293,"column":3}},"570":{"start":{"line":1277,"column":33},"end":{"line":1277,"column":43}},"571":{"start":{"line":1278,"column":20},"end":{"line":1278,"column":67}},"572":{"start":{"line":1280,"column":2},"end":{"line":1285,"column":3}},"573":{"start":{"line":1281,"column":4},"end":{"line":1284,"column":7}},"574":{"start":{"line":1288,"column":2},"end":{"line":1288,"column":77}},"575":{"start":{"line":1289,"column":2},"end":{"line":1289,"column":45}},"576":{"start":{"line":1291,"column":21},"end":{"line":1291,"column":51}},"577":{"start":{"line":1292,"column":2},"end":{"line":1292,"column":23}},"578":{"start":{"line":1296,"column":0},"end":{"line":1322,"column":3}},"579":{"start":{"line":1297,"column":2},"end":{"line":1321,"column":3}},"580":{"start":{"line":1298,"column":35},"end":{"line":1298,"column":45}},"581":{"start":{"line":1299,"column":22},"end":{"line":1299,"column":69}},"582":{"start":{"line":1301,"column":4},"end":{"line":1306,"column":5}},"583":{"start":{"line":1302,"column":6},"end":{"line":1305,"column":9}},"584":{"start":{"line":1308,"column":4},"end":{"line":1308,"column":29}},"585":{"start":{"line":1309,"column":4},"end":{"line":1309,"column":42}},"586":{"start":{"line":1311,"column":4},"end":{"line":1314,"column":7}},"587":{"start":{"line":1316,"column":4},"end":{"line":1316,"column":36}},"588":{"start":{"line":1317,"column":4},"end":{"line":1320,"column":7}},"589":{"start":{"line":1325,"column":0},"end":{"line":1368,"column":3}},"590":{"start":{"line":1326,"column":2},"end":{"line":1367,"column":3}},"591":{"start":{"line":1327,"column":23},"end":{"line":1327,"column":31}},"592":{"start":{"line":1329,"column":4},"end":{"line":1334,"column":5}},"593":{"start":{"line":1330,"column":6},"end":{"line":1333,"column":9}},"594":{"start":{"line":1336,"column":20},"end":{"line":1336,"column":22}},"595":{"start":{"line":1337,"column":19},"end":{"line":1337,"column":21}},"596":{"start":{"line":1339,"column":4},"end":{"line":1351,"column":7}},"597":{"start":{"line":1340,"column":6},"end":{"line":1350,"column":7}},"598":{"start":{"line":1341,"column":26},"end":{"line":1341,"column":73}},"599":{"start":{"line":1342,"column":8},"end":{"line":1347,"column":9}},"600":{"start":{"line":1343,"column":10},"end":{"line":1343,"column":35}},"601":{"start":{"line":1344,"column":10},"end":{"line":1344,"column":47}},"602":{"start":{"line":1346,"column":10},"end":{"line":1346,"column":63}},"603":{"start":{"line":1349,"column":8},"end":{"line":1349,"column":65}},"604":{"start":{"line":1353,"column":4},"end":{"line":1353,"column":71}},"605":{"start":{"line":1355,"column":4},"end":{"line":1360,"column":7}},"606":{"start":{"line":1362,"column":4},"end":{"line":1362,"column":36}},"607":{"start":{"line":1363,"column":4},"end":{"line":1366,"column":7}},"608":{"start":{"line":1371,"column":0},"end":{"line":1475,"column":3}},"609":{"start":{"line":1372,"column":2},"end":{"line":1474,"column":3}},"610":{"start":{"line":1373,"column":45},"end":{"line":1373,"column":53}},"611":{"start":{"line":1375,"column":4},"end":{"line":1380,"column":5}},"612":{"start":{"line":1376,"column":6},"end":{"line":1379,"column":9}},"613":{"start":{"line":1382,"column":18},"end":{"line":1382,"column":37}},"614":{"start":{"line":1383,"column":16},"end":{"line":1383,"column":33}},"615":{"start":{"line":1386,"column":22},"end":{"line":1386,"column":59}},"616":{"start":{"line":1387,"column":4},"end":{"line":1392,"column":5}},"617":{"start":{"line":1388,"column":6},"end":{"line":1391,"column":9}},"618":{"start":{"line":1394,"column":18},"end":{"line":1394,"column":75}},"619":{"start":{"line":1394,"column":56},"end":{"line":1394,"column":74}},"620":{"start":{"line":1395,"column":26},"end":{"line":1395,"column":28}},"621":{"start":{"line":1397,"column":4},"end":{"line":1404,"column":5}},"622":{"start":{"line":1398,"column":23},"end":{"line":1398,"column":49}},"623":{"start":{"line":1399,"column":19},"end":{"line":1399,"column":40}},"624":{"start":{"line":1401,"column":6},"end":{"line":1403,"column":7}},"625":{"start":{"line":1402,"column":8},"end":{"line":1402,"column":37}},"626":{"start":{"line":1406,"column":4},"end":{"line":1411,"column":5}},"627":{"start":{"line":1407,"column":6},"end":{"line":1410,"column":9}},"628":{"start":{"line":1414,"column":27},"end":{"line":1414,"column":87}},"629":{"start":{"line":1415,"column":23},"end":{"line":1415,"column":59}},"630":{"start":{"line":1418,"column":25},"end":{"line":1418,"column":64}},"631":{"start":{"line":1419,"column":28},"end":{"line":1419,"column":76}},"632":{"start":{"line":1419,"column":51},"end":{"line":1419,"column":64}},"633":{"start":{"line":1420,"column":4},"end":{"line":1420,"column":52}},"634":{"start":{"line":1422,"column":4},"end":{"line":1422,"column":58}},"635":{"start":{"line":1425,"column":22},"end":{"line":1425,"column":46}},"636":{"start":{"line":1426,"column":23},"end":{"line":1433,"column":5}},"637":{"start":{"line":1435,"column":19},"end":{"line":1435,"column":46}},"638":{"start":{"line":1437,"column":4},"end":{"line":1462,"column":7}},"639":{"start":{"line":1439,"column":6},"end":{"line":1443,"column":20}},"640":{"start":{"line":1440,"column":8},"end":{"line":1442,"column":9}},"641":{"start":{"line":1441,"column":10},"end":{"line":1441,"column":38}},"642":{"start":{"line":1445,"column":6},"end":{"line":1461,"column":7}},"643":{"start":{"line":1446,"column":8},"end":{"line":1446,"column":51}},"644":{"start":{"line":1448,"column":8},"end":{"line":1454,"column":11}},"645":{"start":{"line":1456,"column":8},"end":{"line":1456,"column":47}},"646":{"start":{"line":1457,"column":8},"end":{"line":1460,"column":11}},"647":{"start":{"line":1464,"column":4},"end":{"line":1466,"column":7}},"648":{"start":{"line":1465,"column":6},"end":{"line":1465,"column":53}},"649":{"start":{"line":1469,"column":4},"end":{"line":1469,"column":36}},"650":{"start":{"line":1470,"column":4},"end":{"line":1473,"column":7}},"651":{"start":{"line":1478,"column":0},"end":{"line":1503,"column":3}},"652":{"start":{"line":1479,"column":2},"end":{"line":1502,"column":3}},"653":{"start":{"line":1480,"column":4},"end":{"line":1482,"column":5}},"654":{"start":{"line":1481,"column":6},"end":{"line":1481,"column":55}},"655":{"start":{"line":1485,"column":18},"end":{"line":1485,"column":43}},"656":{"start":{"line":1486,"column":18},"end":{"line":1492,"column":6}},"657":{"start":{"line":1494,"column":4},"end":{"line":1498,"column":7}},"658":{"start":{"line":1500,"column":4},"end":{"line":1500,"column":36}},"659":{"start":{"line":1501,"column":4},"end":{"line":1501,"column":46}},"660":{"start":{"line":1506,"column":0},"end":{"line":1518,"column":3}},"661":{"start":{"line":1507,"column":2},"end":{"line":1511,"column":5}},"662":{"start":{"line":1515,"column":2},"end":{"line":1515,"column":27}},"663":{"start":{"line":1516,"column":2},"end":{"line":1516,"column":48}},"664":{"start":{"line":1522,"column":18},"end":{"line":1522,"column":41}},"665":{"start":{"line":1523,"column":2},"end":{"line":1526,"column":3}},"666":{"start":{"line":1524,"column":4},"end":{"line":1524,"column":44}},"667":{"start":{"line":1525,"column":4},"end":{"line":1525,"column":11}},"668":{"start":{"line":1528,"column":2},"end":{"line":1528,"column":44}},"669":{"start":{"line":1530,"column":15},"end":{"line":1530,"column":30}},"670":{"start":{"line":1531,"column":23},"end":{"line":1531,"column":27}},"671":{"start":{"line":1532,"column":19},"end":{"line":1532,"column":20}},"672":{"start":{"line":1535,"column":20},"end":{"line":1541,"column":5}},"673":{"start":{"line":1543,"column":4},"end":{"line":1543,"column":56}},"674":{"start":{"line":1545,"column":20},"end":{"line":1663,"column":6}},"675":{"start":{"line":1546,"column":6},"end":{"line":1546,"column":61}},"676":{"start":{"line":1548,"column":19},"end":{"line":1548,"column":34}},"677":{"start":{"line":1550,"column":6},"end":{"line":1652,"column":9}},"678":{"start":{"line":1551,"column":8},"end":{"line":1551,"column":48}},"679":{"start":{"line":1554,"column":30},"end":{"line":1554,"column":31}},"680":{"start":{"line":1557,"column":28},"end":{"line":1557,"column":37}},"681":{"start":{"line":1558,"column":28},"end":{"line":1558,"column":52}},"682":{"start":{"line":1559,"column":24},"end":{"line":1559,"column":25}},"683":{"start":{"line":1561,"column":8},"end":{"line":1612,"column":9}},"684":{"start":{"line":1563,"column":30},"end":{"line":1563,"column":35}},"685":{"start":{"line":1564,"column":10},"end":{"line":1607,"column":11}},"686":{"start":{"line":1564,"column":23},"end":{"line":1564,"column":24}},"687":{"start":{"line":1565,"column":12},"end":{"line":1606,"column":13}},"688":{"start":{"line":1567,"column":40},"end":{"line":1567,"column":41}},"689":{"start":{"line":1570,"column":32},"end":{"line":1570,"column":61}},"690":{"start":{"line":1571,"column":14},"end":{"line":1600,"column":15}},"691":{"start":{"line":1573,"column":34},"end":{"line":1573,"column":47}},"692":{"start":{"line":1576,"column":30},"end":{"line":1576,"column":43}},"693":{"start":{"line":1577,"column":16},"end":{"line":1582,"column":17}},"694":{"start":{"line":1577,"column":29},"end":{"line":1577,"column":38}},"695":{"start":{"line":1578,"column":18},"end":{"line":1581,"column":19}},"696":{"start":{"line":1579,"column":20},"end":{"line":1579,"column":32}},"697":{"start":{"line":1580,"column":20},"end":{"line":1580,"column":26}},"698":{"start":{"line":1584,"column":16},"end":{"line":1599,"column":17}},"699":{"start":{"line":1585,"column":38},"end":{"line":1585,"column":70}},"700":{"start":{"line":1586,"column":18},"end":{"line":1586,"column":61}},"701":{"start":{"line":1587,"column":18},"end":{"line":1587,"column":31}},"702":{"start":{"line":1588,"column":18},"end":{"line":1588,"column":36}},"703":{"start":{"line":1590,"column":18},"end":{"line":1592,"column":19}},"704":{"start":{"line":1591,"column":20},"end":{"line":1591,"column":58}},"705":{"start":{"line":1595,"column":18},"end":{"line":1595,"column":49}},"706":{"start":{"line":1596,"column":18},"end":{"line":1596,"column":32}},"707":{"start":{"line":1597,"column":18},"end":{"line":1597,"column":39}},"708":{"start":{"line":1598,"column":18},"end":{"line":1598,"column":24}},"709":{"start":{"line":1602,"column":14},"end":{"line":1604,"column":15}},"710":{"start":{"line":1603,"column":16},"end":{"line":1603,"column":51}},"711":{"start":{"line":1605,"column":14},"end":{"line":1605,"column":20}},"712":{"start":{"line":1609,"column":10},"end":{"line":1611,"column":11}},"713":{"start":{"line":1610,"column":12},"end":{"line":1610,"column":18}},"714":{"start":{"line":1615,"column":8},"end":{"line":1645,"column":9}},"715":{"start":{"line":1616,"column":20},"end":{"line":1616,"column":21}},"716":{"start":{"line":1617,"column":10},"end":{"line":1644,"column":11}},"717":{"start":{"line":1618,"column":12},"end":{"line":1643,"column":13}},"718":{"start":{"line":1619,"column":27},"end":{"line":1619,"column":34}},"719":{"start":{"line":1620,"column":14},"end":{"line":1636,"column":15}},"720":{"start":{"line":1621,"column":16},"end":{"line":1634,"column":17}},"721":{"start":{"line":1622,"column":38},"end":{"line":1622,"column":67}},"722":{"start":{"line":1623,"column":18},"end":{"line":1623,"column":61}},"723":{"start":{"line":1624,"column":18},"end":{"line":1624,"column":31}},"724":{"start":{"line":1625,"column":18},"end":{"line":1625,"column":36}},"725":{"start":{"line":1627,"column":18},"end":{"line":1629,"column":19}},"726":{"start":{"line":1628,"column":20},"end":{"line":1628,"column":67}},"727":{"start":{"line":1631,"column":18},"end":{"line":1631,"column":52}},"728":{"start":{"line":1632,"column":18},"end":{"line":1632,"column":26}},"729":{"start":{"line":1633,"column":18},"end":{"line":1633,"column":24}},"730":{"start":{"line":1635,"column":16},"end":{"line":1635,"column":25}},"731":{"start":{"line":1638,"column":14},"end":{"line":1640,"column":15}},"732":{"start":{"line":1639,"column":16},"end":{"line":1639,"column":22}},"733":{"start":{"line":1642,"column":14},"end":{"line":1642,"column":20}},"734":{"start":{"line":1648,"column":8},"end":{"line":1651,"column":9}},"735":{"start":{"line":1649,"column":10},"end":{"line":1649,"column":40}},"736":{"start":{"line":1650,"column":10},"end":{"line":1650,"column":35}},"737":{"start":{"line":1654,"column":6},"end":{"line":1657,"column":9}},"738":{"start":{"line":1655,"column":8},"end":{"line":1655,"column":45}},"739":{"start":{"line":1656,"column":8},"end":{"line":1656,"column":51}},"740":{"start":{"line":1659,"column":6},"end":{"line":1662,"column":9}},"741":{"start":{"line":1660,"column":8},"end":{"line":1660,"column":52}},"742":{"start":{"line":1661,"column":8},"end":{"line":1661,"column":51}},"743":{"start":{"line":1665,"column":4},"end":{"line":1668,"column":7}},"744":{"start":{"line":1666,"column":6},"end":{"line":1666,"column":51}},"745":{"start":{"line":1667,"column":6},"end":{"line":1667,"column":49}},"746":{"start":{"line":1670,"column":4},"end":{"line":1670,"column":18}},"747":{"start":{"line":1673,"column":2},"end":{"line":1673,"column":12}},"748":{"start":{"line":1677,"column":0},"end":{"line":2192,"column":3}},"749":{"start":{"line":1679,"column":2},"end":{"line":1683,"column":5}},"750":{"start":{"line":1680,"column":4},"end":{"line":1682,"column":5}},"751":{"start":{"line":1681,"column":6},"end":{"line":1681,"column":38}},"752":{"start":{"line":1685,"column":2},"end":{"line":2191,"column":5}},"753":{"start":{"line":2195,"column":31},"end":{"line":2211,"column":9}},"754":{"start":{"line":2196,"column":14},"end":{"line":2196,"column":24}},"755":{"start":{"line":2197,"column":18},"end":{"line":2197,"column":23}},"756":{"start":{"line":2199,"column":2},"end":{"line":2210,"column":3}},"757":{"start":{"line":2200,"column":4},"end":{"line":2209,"column":5}},"758":{"start":{"line":2201,"column":6},"end":{"line":2201,"column":51}},"759":{"start":{"line":2202,"column":6},"end":{"line":2202,"column":32}},"760":{"start":{"line":2205,"column":6},"end":{"line":2208,"column":7}},"761":{"start":{"line":2206,"column":8},"end":{"line":2206,"column":50}},"762":{"start":{"line":2207,"column":8},"end":{"line":2207,"column":39}},"763":{"start":{"line":2214,"column":0},"end":{"line":2278,"column":3}},"764":{"start":{"line":2215,"column":2},"end":{"line":2277,"column":3}},"765":{"start":{"line":2216,"column":25},"end":{"line":2216,"column":49}},"766":{"start":{"line":2221,"column":4},"end":{"line":2235,"column":5}},"767":{"start":{"line":2223,"column":21},"end":{"line":2223,"column":116}},"768":{"start":{"line":2224,"column":20},"end":{"line":2224,"column":45}},"769":{"start":{"line":2225,"column":20},"end":{"line":2225,"column":63}},"770":{"start":{"line":2226,"column":6},"end":{"line":2226,"column":68}},"771":{"start":{"line":2227,"column":6},"end":{"line":2227,"column":81}},"772":{"start":{"line":2230,"column":21},"end":{"line":2230,"column":62}},"773":{"start":{"line":2231,"column":20},"end":{"line":2231,"column":45}},"774":{"start":{"line":2232,"column":20},"end":{"line":2232,"column":48}},"775":{"start":{"line":2233,"column":6},"end":{"line":2233,"column":45}},"776":{"start":{"line":2234,"column":6},"end":{"line":2234,"column":44}},"777":{"start":{"line":2237,"column":22},"end":{"line":2237,"column":44}},"778":{"start":{"line":2238,"column":25},"end":{"line":2238,"column":68}},"779":{"start":{"line":2241,"column":21},"end":{"line":2241,"column":22}},"780":{"start":{"line":2242,"column":4},"end":{"line":2258,"column":5}},"781":{"start":{"line":2244,"column":19},"end":{"line":2244,"column":20}},"782":{"start":{"line":2245,"column":22},"end":{"line":2245,"column":41}},"783":{"start":{"line":2246,"column":8},"end":{"line":2254,"column":9}},"784":{"start":{"line":2247,"column":27},"end":{"line":2247,"column":47}},"785":{"start":{"line":2248,"column":23},"end":{"line":2248,"column":44}},"786":{"start":{"line":2249,"column":10},"end":{"line":2253,"column":11}},"787":{"start":{"line":2250,"column":12},"end":{"line":2250,"column":41}},"788":{"start":{"line":2252,"column":12},"end":{"line":2252,"column":30}},"789":{"start":{"line":2255,"column":8},"end":{"line":2255,"column":20}},"790":{"start":{"line":2257,"column":6},"end":{"line":2257,"column":48}},"791":{"start":{"line":2260,"column":4},"end":{"line":2270,"column":7}},"792":{"start":{"line":2272,"column":4},"end":{"line":2272,"column":38}},"793":{"start":{"line":2273,"column":4},"end":{"line":2276,"column":7}},"794":{"start":{"line":2281,"column":0},"end":{"line":2336,"column":3}},"795":{"start":{"line":2282,"column":2},"end":{"line":2335,"column":3}},"796":{"start":{"line":2283,"column":27},"end":{"line":2283,"column":35}},"797":{"start":{"line":2284,"column":21},"end":{"line":2284,"column":36}},"798":{"start":{"line":2286,"column":4},"end":{"line":2286,"column":48}},"799":{"start":{"line":2288,"column":23},"end":{"line":2288,"column":33}},"800":{"start":{"line":2289,"column":4},"end":{"line":2289,"column":56}},"801":{"start":{"line":2291,"column":23},"end":{"line":2291,"column":24}},"802":{"start":{"line":2292,"column":21},"end":{"line":2292,"column":22}},"803":{"start":{"line":2294,"column":4},"end":{"line":2318,"column":5}},"804":{"start":{"line":2295,"column":25},"end":{"line":2297,"column":8}},"805":{"start":{"line":2296,"column":8},"end":{"line":2296,"column":73}},"806":{"start":{"line":2299,"column":6},"end":{"line":2317,"column":7}},"807":{"start":{"line":2300,"column":26},"end":{"line":2300,"column":63}},"808":{"start":{"line":2301,"column":22},"end":{"line":2301,"column":47}},"809":{"start":{"line":2303,"column":8},"end":{"line":2316,"column":9}},"810":{"start":{"line":2304,"column":10},"end":{"line":2304,"column":47}},"811":{"start":{"line":2304,"column":38},"end":{"line":2304,"column":47}},"812":{"start":{"line":2306,"column":27},"end":{"line":2306,"column":53}},"813":{"start":{"line":2307,"column":23},"end":{"line":2307,"column":44}},"814":{"start":{"line":2309,"column":10},"end":{"line":2315,"column":11}},"815":{"start":{"line":2310,"column":29},"end":{"line":2310,"column":38}},"816":{"start":{"line":2311,"column":12},"end":{"line":2311,"column":36}},"817":{"start":{"line":2312,"column":12},"end":{"line":2312,"column":27}},"818":{"start":{"line":2313,"column":12},"end":{"line":2313,"column":35}},"819":{"start":{"line":2314,"column":12},"end":{"line":2314,"column":47}},"820":{"start":{"line":2320,"column":20},"end":{"line":2320,"column":57}},"821":{"start":{"line":2321,"column":4},"end":{"line":2321,"column":67}},"822":{"start":{"line":2323,"column":4},"end":{"line":2328,"column":7}},"823":{"start":{"line":2330,"column":4},"end":{"line":2330,"column":34}},"824":{"start":{"line":2331,"column":4},"end":{"line":2334,"column":7}},"825":{"start":{"line":2339,"column":0},"end":{"line":2397,"column":1}},"826":{"start":{"line":2340,"column":15},"end":{"line":2340,"column":35}},"827":{"start":{"line":2341,"column":2},"end":{"line":2394,"column":5}},"828":{"start":{"line":2342,"column":4},"end":{"line":2342,"column":33}},"829":{"start":{"line":2345,"column":25},"end":{"line":2345,"column":49}},"830":{"start":{"line":2348,"column":4},"end":{"line":2357,"column":5}},"831":{"start":{"line":2349,"column":21},"end":{"line":2349,"column":111}},"832":{"start":{"line":2350,"column":20},"end":{"line":2350,"column":45}},"833":{"start":{"line":2351,"column":20},"end":{"line":2351,"column":63}},"834":{"start":{"line":2352,"column":6},"end":{"line":2352,"column":68}},"835":{"start":{"line":2354,"column":21},"end":{"line":2354,"column":62}},"836":{"start":{"line":2355,"column":20},"end":{"line":2355,"column":68}},"837":{"start":{"line":2356,"column":6},"end":{"line":2356,"column":44}},"838":{"start":{"line":2359,"column":23},"end":{"line":2359,"column":47}},"839":{"start":{"line":2360,"column":25},"end":{"line":2360,"column":70}},"840":{"start":{"line":2363,"column":4},"end":{"line":2393,"column":5}},"841":{"start":{"line":2364,"column":6},"end":{"line":2364,"column":65}},"842":{"start":{"line":2366,"column":25},"end":{"line":2366,"column":35}},"843":{"start":{"line":2367,"column":6},"end":{"line":2367,"column":52}},"844":{"start":{"line":2369,"column":25},"end":{"line":2369,"column":26}},"845":{"start":{"line":2371,"column":6},"end":{"line":2390,"column":7}},"846":{"start":{"line":2372,"column":27},"end":{"line":2374,"column":10}},"847":{"start":{"line":2373,"column":10},"end":{"line":2373,"column":75}},"848":{"start":{"line":2376,"column":8},"end":{"line":2389,"column":9}},"849":{"start":{"line":2377,"column":28},"end":{"line":2377,"column":65}},"850":{"start":{"line":2378,"column":24},"end":{"line":2378,"column":81}},"851":{"start":{"line":2378,"column":62},"end":{"line":2378,"column":80}},"852":{"start":{"line":2380,"column":10},"end":{"line":2388,"column":11}},"853":{"start":{"line":2381,"column":29},"end":{"line":2381,"column":55}},"854":{"start":{"line":2382,"column":25},"end":{"line":2382,"column":46}},"855":{"start":{"line":2384,"column":12},"end":{"line":2387,"column":13}},"856":{"start":{"line":2385,"column":14},"end":{"line":2385,"column":38}},"857":{"start":{"line":2386,"column":14},"end":{"line":2386,"column":29}},"858":{"start":{"line":2392,"column":6},"end":{"line":2392,"column":54}},"859":{"start":{"line":2396,"column":2},"end":{"line":2396,"column":43}},"860":{"start":{"line":2400,"column":0},"end":{"line":2419,"column":3}},"861":{"start":{"line":2401,"column":2},"end":{"line":2416,"column":5}},"862":{"start":{"line":2402,"column":4},"end":{"line":2402,"column":60}},"863":{"start":{"line":2403,"column":4},"end":{"line":2403,"column":32}},"864":{"start":{"line":2404,"column":4},"end":{"line":2404,"column":31}},"865":{"start":{"line":2405,"column":4},"end":{"line":2405,"column":50}},"866":{"start":{"line":2406,"column":4},"end":{"line":2406,"column":63}},"867":{"start":{"line":2407,"column":4},"end":{"line":2407,"column":60}},"868":{"start":{"line":2410,"column":4},"end":{"line":2410,"column":37}},"869":{"start":{"line":2411,"column":4},"end":{"line":2415,"column":7}},"870":{"start":{"line":2412,"column":6},"end":{"line":2414,"column":15}},"871":{"start":{"line":2413,"column":8},"end":{"line":2413,"column":40}},"872":{"start":{"line":2418,"column":2},"end":{"line":2418,"column":33}}},"fnMap":{"0":{"name":"updateESP32IP","decl":{"start":{"line":38,"column":9},"end":{"line":38,"column":22}},"loc":{"start":{"line":38,"column":37},"end":{"line":50,"column":1}},"line":38},"1":{"name":"(anonymous_1)","decl":{"start":{"line":47,"column":17},"end":{"line":47,"column":18}},"loc":{"start":{"line":47,"column":23},"end":{"line":47,"column":54}},"line":47},"2":{"name":"startRecordingSession","decl":{"start":{"line":60,"column":9},"end":{"line":60,"column":30}},"loc":{"start":{"line":60,"column":41},"end":{"line":227,"column":1}},"line":60},"3":{"name":"(anonymous_3)","decl":{"start":{"line":108,"column":27},"end":{"line":108,"column":28}},"loc":{"start":{"line":108,"column":37},"end":{"line":110,"column":3}},"line":108},"4":{"name":"(anonymous_4)","decl":{"start":{"line":112,"column":21},"end":{"line":112,"column":22}},"loc":{"start":{"line":112,"column":31},"end":{"line":212,"column":3}},"line":112},"5":{"name":"(anonymous_5)","decl":{"start":{"line":151,"column":21},"end":{"line":151,"column":22}},"loc":{"start":{"line":151,"column":27},"end":{"line":154,"column":11}},"line":151},"6":{"name":"(anonymous_6)","decl":{"start":{"line":167,"column":18},"end":{"line":167,"column":19}},"loc":{"start":{"line":167,"column":24},"end":{"line":169,"column":11}},"line":167},"7":{"name":"(anonymous_7)","decl":{"start":{"line":169,"column":19},"end":{"line":169,"column":20}},"loc":{"start":{"line":169,"column":26},"end":{"line":171,"column":11}},"line":169},"8":{"name":"(anonymous_8)","decl":{"start":{"line":175,"column":41},"end":{"line":175,"column":42}},"loc":{"start":{"line":175,"column":52},"end":{"line":184,"column":13}},"line":175},"9":{"name":"(anonymous_9)","decl":{"start":{"line":191,"column":21},"end":{"line":191,"column":22}},"loc":{"start":{"line":191,"column":27},"end":{"line":194,"column":11}},"line":191},"10":{"name":"(anonymous_10)","decl":{"start":{"line":199,"column":19},"end":{"line":199,"column":20}},"loc":{"start":{"line":199,"column":25},"end":{"line":202,"column":9}},"line":199},"11":{"name":"(anonymous_11)","decl":{"start":{"line":207,"column":17},"end":{"line":207,"column":18}},"loc":{"start":{"line":207,"column":23},"end":{"line":210,"column":7}},"line":207},"12":{"name":"stopRecordingSession","decl":{"start":{"line":230,"column":9},"end":{"line":230,"column":29}},"loc":{"start":{"line":230,"column":40},"end":{"line":255,"column":1}},"line":230},"13":{"name":"addFrameToRecording","decl":{"start":{"line":258,"column":9},"end":{"line":258,"column":28}},"loc":{"start":{"line":258,"column":52},"end":{"line":287,"column":1}},"line":258},"14":{"name":"(anonymous_14)","decl":{"start":{"line":285,"column":15},"end":{"line":285,"column":16}},"loc":{"start":{"line":285,"column":21},"end":{"line":285,"column":52}},"line":285},"15":{"name":"startFramePusher","decl":{"start":{"line":290,"column":9},"end":{"line":290,"column":25}},"loc":{"start":{"line":290,"column":36},"end":{"line":313,"column":1}},"line":290},"16":{"name":"(anonymous_16)","decl":{"start":{"line":297,"column":29},"end":{"line":297,"column":30}},"loc":{"start":{"line":297,"column":35},"end":{"line":310,"column":3}},"line":297},"17":{"name":"mergeSegments","decl":{"start":{"line":316,"column":9},"end":{"line":316,"column":22}},"loc":{"start":{"line":316,"column":46},"end":{"line":413,"column":1}},"line":316},"18":{"name":"(anonymous_18)","decl":{"start":{"line":325,"column":19},"end":{"line":325,"column":20}},"loc":{"start":{"line":325,"column":31},"end":{"line":327,"column":3}},"line":325},"19":{"name":"(anonymous_19)","decl":{"start":{"line":337,"column":39},"end":{"line":337,"column":40}},"loc":{"start":{"line":337,"column":46},"end":{"line":337,"column":61}},"line":337},"20":{"name":"(anonymous_20)","decl":{"start":{"line":355,"column":32},"end":{"line":355,"column":33}},"loc":{"start":{"line":355,"column":42},"end":{"line":357,"column":3}},"line":355},"21":{"name":"(anonymous_21)","decl":{"start":{"line":359,"column":26},"end":{"line":359,"column":27}},"loc":{"start":{"line":359,"column":36},"end":{"line":412,"column":3}},"line":359},"22":{"name":"(anonymous_22)","decl":{"start":{"line":381,"column":14},"end":{"line":381,"column":15}},"loc":{"start":{"line":381,"column":20},"end":{"line":383,"column":7}},"line":381},"23":{"name":"(anonymous_23)","decl":{"start":{"line":383,"column":15},"end":{"line":383,"column":16}},"loc":{"start":{"line":383,"column":22},"end":{"line":385,"column":7}},"line":383},"24":{"name":"(anonymous_24)","decl":{"start":{"line":388,"column":23},"end":{"line":388,"column":24}},"loc":{"start":{"line":388,"column":34},"end":{"line":397,"column":7}},"line":388},"25":{"name":"(anonymous_25)","decl":{"start":{"line":400,"column":17},"end":{"line":400,"column":18}},"loc":{"start":{"line":400,"column":23},"end":{"line":403,"column":7}},"line":400},"26":{"name":"(anonymous_26)","decl":{"start":{"line":407,"column":17},"end":{"line":407,"column":18}},"loc":{"start":{"line":407,"column":23},"end":{"line":410,"column":7}},"line":407},"27":{"name":"(anonymous_27)","decl":{"start":{"line":416,"column":21},"end":{"line":416,"column":22}},"loc":{"start":{"line":416,"column":34},"end":{"line":529,"column":1}},"line":416},"28":{"name":"(anonymous_28)","decl":{"start":{"line":422,"column":19},"end":{"line":422,"column":20}},"loc":{"start":{"line":422,"column":42},"end":{"line":491,"column":3}},"line":422},"29":{"name":"(anonymous_29)","decl":{"start":{"line":470,"column":21},"end":{"line":470,"column":22}},"loc":{"start":{"line":470,"column":27},"end":{"line":470,"column":58}},"line":470},"30":{"name":"(anonymous_30)","decl":{"start":{"line":493,"column":17},"end":{"line":493,"column":18}},"loc":{"start":{"line":493,"column":35},"end":{"line":517,"column":3}},"line":493},"31":{"name":"(anonymous_31)","decl":{"start":{"line":510,"column":17},"end":{"line":510,"column":18}},"loc":{"start":{"line":510,"column":23},"end":{"line":515,"column":7}},"line":510},"32":{"name":"(anonymous_32)","decl":{"start":{"line":519,"column":17},"end":{"line":519,"column":18}},"loc":{"start":{"line":519,"column":28},"end":{"line":528,"column":3}},"line":519},"33":{"name":"(anonymous_33)","decl":{"start":{"line":537,"column":15},"end":{"line":537,"column":16}},"loc":{"start":{"line":537,"column":40},"end":{"line":539,"column":3}},"line":537},"34":{"name":"(anonymous_34)","decl":{"start":{"line":540,"column":12},"end":{"line":540,"column":13}},"loc":{"start":{"line":540,"column":37},"end":{"line":545,"column":3}},"line":540},"35":{"name":"startStreamCache","decl":{"start":{"line":559,"column":9},"end":{"line":559,"column":25}},"loc":{"start":{"line":559,"column":45},"end":{"line":576,"column":1}},"line":559},"36":{"name":"connectToESP32Stream","decl":{"start":{"line":579,"column":9},"end":{"line":579,"column":29}},"loc":{"start":{"line":579,"column":56},"end":{"line":676,"column":1}},"line":579},"37":{"name":"connect","decl":{"start":{"line":582,"column":11},"end":{"line":582,"column":18}},"loc":{"start":{"line":582,"column":21},"end":{"line":673,"column":3}},"line":582},"38":{"name":"(anonymous_38)","decl":{"start":{"line":595,"column":7},"end":{"line":595,"column":8}},"loc":{"start":{"line":595,"column":16},"end":{"line":664,"column":5}},"line":595},"39":{"name":"(anonymous_39)","decl":{"start":{"line":601,"column":21},"end":{"line":601,"column":22}},"loc":{"start":{"line":601,"column":32},"end":{"line":653,"column":7}},"line":601},"40":{"name":"(anonymous_40)","decl":{"start":{"line":631,"column":34},"end":{"line":631,"column":35}},"loc":{"start":{"line":631,"column":44},"end":{"line":643,"column":13}},"line":631},"41":{"name":"(anonymous_41)","decl":{"start":{"line":655,"column":20},"end":{"line":655,"column":21}},"loc":{"start":{"line":655,"column":26},"end":{"line":658,"column":7}},"line":655},"42":{"name":"(anonymous_42)","decl":{"start":{"line":660,"column":22},"end":{"line":660,"column":23}},"loc":{"start":{"line":660,"column":31},"end":{"line":663,"column":7}},"line":660},"43":{"name":"(anonymous_43)","decl":{"start":{"line":666,"column":20},"end":{"line":666,"column":21}},"loc":{"start":{"line":666,"column":29},"end":{"line":669,"column":5}},"line":666},"44":{"name":"(anonymous_44)","decl":{"start":{"line":679,"column":23},"end":{"line":679,"column":24}},"loc":{"start":{"line":679,"column":37},"end":{"line":792,"column":1}},"line":679},"45":{"name":"(anonymous_45)","decl":{"start":{"line":708,"column":38},"end":{"line":708,"column":39}},"loc":{"start":{"line":708,"column":44},"end":{"line":721,"column":5}},"line":708},"46":{"name":"(anonymous_46)","decl":{"start":{"line":724,"column":20},"end":{"line":724,"column":21}},"loc":{"start":{"line":724,"column":26},"end":{"line":728,"column":5}},"line":724},"47":{"name":"(anonymous_47)","decl":{"start":{"line":755,"column":40},"end":{"line":755,"column":41}},"loc":{"start":{"line":755,"column":46},"end":{"line":768,"column":3}},"line":755},"48":{"name":"(anonymous_48)","decl":{"start":{"line":784,"column":18},"end":{"line":784,"column":19}},"loc":{"start":{"line":784,"column":24},"end":{"line":791,"column":3}},"line":784},"49":{"name":"(anonymous_49)","decl":{"start":{"line":795,"column":24},"end":{"line":795,"column":25}},"loc":{"start":{"line":795,"column":38},"end":{"line":831,"column":1}},"line":795},"50":{"name":"(anonymous_50)","decl":{"start":{"line":834,"column":33},"end":{"line":834,"column":34}},"loc":{"start":{"line":834,"column":47},"end":{"line":859,"column":1}},"line":834},"51":{"name":"(anonymous_51)","decl":{"start":{"line":862,"column":29},"end":{"line":862,"column":30}},"loc":{"start":{"line":862,"column":43},"end":{"line":866,"column":1}},"line":862},"52":{"name":"(anonymous_52)","decl":{"start":{"line":869,"column":28},"end":{"line":869,"column":29}},"loc":{"start":{"line":869,"column":42},"end":{"line":873,"column":1}},"line":869},"53":{"name":"(anonymous_53)","decl":{"start":{"line":876,"column":31},"end":{"line":876,"column":32}},"loc":{"start":{"line":876,"column":51},"end":{"line":973,"column":1}},"line":876},"54":{"name":"(anonymous_54)","decl":{"start":{"line":899,"column":42},"end":{"line":899,"column":43}},"loc":{"start":{"line":899,"column":56},"end":{"line":946,"column":5}},"line":899},"55":{"name":"(anonymous_55)","decl":{"start":{"line":903,"column":26},"end":{"line":903,"column":27}},"loc":{"start":{"line":903,"column":37},"end":{"line":940,"column":7}},"line":903},"56":{"name":"(anonymous_56)","decl":{"start":{"line":942,"column":25},"end":{"line":942,"column":26}},"loc":{"start":{"line":942,"column":31},"end":{"line":945,"column":7}},"line":942},"57":{"name":"(anonymous_57)","decl":{"start":{"line":948,"column":24},"end":{"line":948,"column":25}},"loc":{"start":{"line":948,"column":35},"end":{"line":952,"column":5}},"line":948},"58":{"name":"(anonymous_58)","decl":{"start":{"line":954,"column":26},"end":{"line":954,"column":27}},"loc":{"start":{"line":954,"column":32},"end":{"line":958,"column":5}},"line":954},"59":{"name":"(anonymous_59)","decl":{"start":{"line":979,"column":50},"end":{"line":979,"column":51}},"loc":{"start":{"line":979,"column":64},"end":{"line":1013,"column":1}},"line":979},"60":{"name":"(anonymous_60)","decl":{"start":{"line":1016,"column":27},"end":{"line":1016,"column":28}},"loc":{"start":{"line":1016,"column":47},"end":{"line":1148,"column":1}},"line":1016},"61":{"name":"(anonymous_61)","decl":{"start":{"line":1036,"column":65},"end":{"line":1036,"column":66}},"loc":{"start":{"line":1036,"column":70},"end":{"line":1038,"column":7}},"line":1036},"62":{"name":"(anonymous_62)","decl":{"start":{"line":1047,"column":55},"end":{"line":1047,"column":56}},"loc":{"start":{"line":1047,"column":60},"end":{"line":1047,"column":78}},"line":1047},"63":{"name":"(anonymous_63)","decl":{"start":{"line":1120,"column":16},"end":{"line":1120,"column":17}},"loc":{"start":{"line":1120,"column":26},"end":{"line":1120,"column":51}},"line":1120},"64":{"name":"(anonymous_64)","decl":{"start":{"line":1154,"column":35},"end":{"line":1154,"column":36}},"loc":{"start":{"line":1154,"column":49},"end":{"line":1169,"column":1}},"line":1154},"65":{"name":"(anonymous_65)","decl":{"start":{"line":1172,"column":41},"end":{"line":1172,"column":42}},"loc":{"start":{"line":1172,"column":55},"end":{"line":1212,"column":1}},"line":1172},"66":{"name":"(anonymous_66)","decl":{"start":{"line":1215,"column":54},"end":{"line":1215,"column":55}},"loc":{"start":{"line":1215,"column":68},"end":{"line":1273,"column":1}},"line":1215},"67":{"name":"(anonymous_67)","decl":{"start":{"line":1248,"column":23},"end":{"line":1248,"column":24}},"loc":{"start":{"line":1248,"column":33},"end":{"line":1264,"column":5}},"line":1248},"68":{"name":"(anonymous_68)","decl":{"start":{"line":1276,"column":52},"end":{"line":1276,"column":53}},"loc":{"start":{"line":1276,"column":66},"end":{"line":1293,"column":1}},"line":1276},"69":{"name":"(anonymous_69)","decl":{"start":{"line":1296,"column":46},"end":{"line":1296,"column":47}},"loc":{"start":{"line":1296,"column":60},"end":{"line":1322,"column":1}},"line":1296},"70":{"name":"(anonymous_70)","decl":{"start":{"line":1325,"column":37},"end":{"line":1325,"column":38}},"loc":{"start":{"line":1325,"column":51},"end":{"line":1368,"column":1}},"line":1325},"71":{"name":"(anonymous_71)","decl":{"start":{"line":1339,"column":19},"end":{"line":1339,"column":20}},"loc":{"start":{"line":1339,"column":47},"end":{"line":1351,"column":5}},"line":1339},"72":{"name":"(anonymous_72)","decl":{"start":{"line":1371,"column":31},"end":{"line":1371,"column":32}},"loc":{"start":{"line":1371,"column":51},"end":{"line":1475,"column":1}},"line":1371},"73":{"name":"(anonymous_73)","decl":{"start":{"line":1394,"column":51},"end":{"line":1394,"column":52}},"loc":{"start":{"line":1394,"column":56},"end":{"line":1394,"column":74}},"line":1394},"74":{"name":"(anonymous_74)","decl":{"start":{"line":1419,"column":46},"end":{"line":1419,"column":47}},"loc":{"start":{"line":1419,"column":51},"end":{"line":1419,"column":64}},"line":1419},"75":{"name":"(anonymous_75)","decl":{"start":{"line":1437,"column":23},"end":{"line":1437,"column":24}},"loc":{"start":{"line":1437,"column":33},"end":{"line":1462,"column":5}},"line":1437},"76":{"name":"(anonymous_76)","decl":{"start":{"line":1464,"column":29},"end":{"line":1464,"column":30}},"loc":{"start":{"line":1464,"column":39},"end":{"line":1466,"column":5}},"line":1464},"77":{"name":"(anonymous_77)","decl":{"start":{"line":1478,"column":55},"end":{"line":1478,"column":56}},"loc":{"start":{"line":1478,"column":75},"end":{"line":1503,"column":1}},"line":1478},"78":{"name":"(anonymous_78)","decl":{"start":{"line":1506,"column":30},"end":{"line":1506,"column":31}},"loc":{"start":{"line":1506,"column":44},"end":{"line":1518,"column":1}},"line":1506},"79":{"name":"captureFramesFromESP32","decl":{"start":{"line":1521,"column":9},"end":{"line":1521,"column":31}},"loc":{"start":{"line":1521,"column":42},"end":{"line":1674,"column":1}},"line":1521},"80":{"name":"connect","decl":{"start":{"line":1534,"column":11},"end":{"line":1534,"column":18}},"loc":{"start":{"line":1534,"column":21},"end":{"line":1671,"column":3}},"line":1534},"81":{"name":"(anonymous_81)","decl":{"start":{"line":1545,"column":42},"end":{"line":1545,"column":43}},"loc":{"start":{"line":1545,"column":56},"end":{"line":1663,"column":5}},"line":1545},"82":{"name":"(anonymous_82)","decl":{"start":{"line":1550,"column":26},"end":{"line":1550,"column":27}},"loc":{"start":{"line":1550,"column":37},"end":{"line":1652,"column":7}},"line":1550},"83":{"name":"(anonymous_83)","decl":{"start":{"line":1654,"column":25},"end":{"line":1654,"column":26}},"loc":{"start":{"line":1654,"column":31},"end":{"line":1657,"column":7}},"line":1654},"84":{"name":"(anonymous_84)","decl":{"start":{"line":1659,"column":27},"end":{"line":1659,"column":28}},"loc":{"start":{"line":1659,"column":38},"end":{"line":1662,"column":7}},"line":1659},"85":{"name":"(anonymous_85)","decl":{"start":{"line":1665,"column":24},"end":{"line":1665,"column":25}},"loc":{"start":{"line":1665,"column":35},"end":{"line":1668,"column":5}},"line":1665},"86":{"name":"(anonymous_86)","decl":{"start":{"line":1677,"column":13},"end":{"line":1677,"column":14}},"loc":{"start":{"line":1677,"column":27},"end":{"line":2192,"column":1}},"line":1677},"87":{"name":"(anonymous_87)","decl":{"start":{"line":1679,"column":37},"end":{"line":1679,"column":38}},"loc":{"start":{"line":1679,"column":49},"end":{"line":1683,"column":3}},"line":1679},"88":{"name":"(anonymous_88)","decl":{"start":{"line":2195,"column":43},"end":{"line":2195,"column":44}},"loc":{"start":{"line":2195,"column":49},"end":{"line":2211,"column":1}},"line":2195},"89":{"name":"(anonymous_89)","decl":{"start":{"line":2214,"column":29},"end":{"line":2214,"column":30}},"loc":{"start":{"line":2214,"column":43},"end":{"line":2278,"column":1}},"line":2214},"90":{"name":"getDirSize","decl":{"start":{"line":2243,"column":15},"end":{"line":2243,"column":25}},"loc":{"start":{"line":2243,"column":31},"end":{"line":2256,"column":7}},"line":2243},"91":{"name":"
[...]
":1301},"124":{"loc":{"start":{"line":1329,"column":4},"end":{"line":1334,"column":5}},"type":"if","locations":[{"start":{"line":1329,"column":4},"end":{"line":1334,"column":5}},{"start":{},"end":{}}],"line":1329},"125":{"loc":{"start":{"line":1329,"column":8},"end":{"line":1329,"column":41}},"type":"binary-expr","locations":[{"start":{"line":1329,"column":8},"end":{"line":1329,"column":15}},{"start":{"line":1329,"column":19},"end":{"line":1329,"column":41}}],"line":1329},"126":{"loc":{"start":{"line":1342,"column":8},"end":{"line":1347,"column":9}},"type":"if","locations":[{"start":{"line":1342,"column":8},"end":{"line":1347,"column":9}},{"start":{"line":1345,"column":15},"end":{"line":1347,"column":9}}],"line":1342},"127":{"loc":{"start":{"line":1375,"column":4},"end":{"line":1380,"column":5}},"type":"if","locations":[{"start":{"line":1375,"column":4},"end":{"line":1380,"column":5}},{"start":{},"end":{}}],"line":1375},"128":{"loc":{"start":{"line":1375,"column":8},"end":{"line":1375,"column":43}},"type":"binary-expr","locations":[{"start":{"line":1375,"column":8},"end":{"line":1375,"column":17}},{"start":{"line":1375,"column":21},"end":{"line":1375,"column":31}},{"start":{"line":1375,"column":35},"end":{"line":1375,"column":43}}],"line":1375},"129":{"loc":{"start":{"line":1387,"column":4},"end":{"line":1392,"column":5}},"type":"if","locations":[{"start":{"line":1387,"column":4},"end":{"line":1392,"column":5}},{"start":{},"end":{}}],"line":1387},"130":{"loc":{"start":{"line":1401,"column":6},"end":{"line":1403,"column":7}},"type":"if","locations":[{"start":{"line":1401,"column":6},"end":{"line":1403,"column":7}},{"start":{},"end":{}}],"line":1401},"131":{"loc":{"start":{"line":1401,"column":10},"end":{"line":1401,"column":50}},"type":"binary-expr","locations":[{"start":{"line":1401,"column":10},"end":{"line":1401,"column":29}},{"start":{"line":1401,"column":33},"end":{"line":1401,"column":50}}],"line":1401},"132":{"loc":{"start":{"line":1406,"column":4},"end":{"line":1411,"column":5}},"type":"if","locations":[{"start":{"line":1406,"column":4},"end":{"line":1411,"column":5}},{"start":{},"end":{}}],"line":1406},"133":{"loc":{"start":{"line":1440,"column":8},"end":{"line":1442,"column":9}},"type":"if","locations":[{"start":{"line":1440,"column":8},"end":{"line":1442,"column":9}},{"start":{},"end":{}}],"line":1440},"134":{"loc":{"start":{"line":1445,"column":6},"end":{"line":1461,"column":7}},"type":"if","locations":[{"start":{"line":1445,"column":6},"end":{"line":1461,"column":7}},{"start":{"line":1455,"column":13},"end":{"line":1461,"column":7}}],"line":1445},"135":{"loc":{"start":{"line":1445,"column":10},"end":{"line":1445,"column":49}},"type":"binary-expr","locations":[{"start":{"line":1445,"column":10},"end":{"line":1445,"column":20}},{"start":{"line":1445,"column":24},"end":{"line":1445,"column":49}}],"line":1445},"136":{"loc":{"start":{"line":1480,"column":4},"end":{"line":1482,"column":5}},"type":"if","locations":[{"start":{"line":1480,"column":4},"end":{"line":1482,"column":5}},{"start":{},"end":{}}],"line":1480},"137":{"loc":{"start":{"line":1490,"column":16},"end":{"line":1490,"column":53}},"type":"binary-expr","locations":[{"start":{"line":1490,"column":16},"end":{"line":1490,"column":40}},{"start":{"line":1490,"column":44},"end":{"line":1490,"column":53}}],"line":1490},"138":{"loc":{"start":{"line":1523,"column":2},"end":{"line":1526,"column":3}},"type":"if","locations":[{"start":{"line":1523,"column":2},"end":{"line":1526,"column":3}},{"start":{},"end":{}}],"line":1523},"139":{"loc":{"start":{"line":1565,"column":12},"end":{"line":1606,"column":13}},"type":"if","locations":[{"start":{"line":1565,"column":12},"end":{"line":1606,"column":13}},{"start":{},"end":{}}],"line":1565},"140":{"loc":{"start":{"line":1571,"column":14},"end":{"line":1600,"column":15}},"type":"if","locations":[{"start":{"line":1571,"column":14},"end":{"line":1600,"column":15}},{"start":{},"end":{}}],"line":1571},"141":{"loc":{"start":{"line":1578,"column":18},"end":{"line":1581,"column":19}},"type":"if","locations":[{"start":{"line":1578,"column":18},"end":{"line":1581,"column":19}},{"start":{},"end":{}}],"line":1578},"142":{"loc":{"start":{"line":1584,"column":16},"end":{"line":1599,"column":17}},"type":"if","locations":[{"start":{"line":1584,"column":16},"end":{"line":1599,"column":17}},{"start":{},"end":{}}],"line":1584},"143":{"loc":{"start":{"line":1590,"column":18},"end":{"line":1592,"column":19}},"type":"if","locations":[{"start":{"line":1590,"column":18},"end":{"line":1592,"column":19}},{"start":{},"end":{}}],"line":1590},"144":{"loc":{"start":{"line":1602,"column":14},"end":{"line":1604,"column":15}},"type":"if","locations":[{"start":{"line":1602,"column":14},"end":{"line":1604,"column":15}},{"start":{},"end":{}}],"line":1602},"145":{"loc":{"start":{"line":1609,"column":10},"end":{"line":1611,"column":11}},"type":"if","locations":[{"start":{"line":1609,"column":10},"end":{"line":1611,"column":11}},{"start":{},"end":{}}],"line":1609},"146":{"loc":{"start":{"line":1609,"column":14},"end":{"line":1609,"column":79}},"type":"binary-expr","locations":[{"start":{"line":1609,"column":14},"end":{"line":1609,"column":28}},{"start":{"line":1609,"column":32},"end":{"line":1609,"column":79}}],"line":1609},"147":{"loc":{"start":{"line":1615,"column":8},"end":{"line":1645,"column":9}},"type":"if","locations":[{"start":{"line":1615,"column":8},"end":{"line":1645,"column":9}},{"start":{},"end":{}}],"line":1615},"148":{"loc":{"start":{"line":1615,"column":12},"end":{"line":1615,"column":57}},"type":"binary-expr","locations":[{"start":{"line":1615,"column":12},"end":{"line":1615,"column":33}},{"start":{"line":1615,"column":37},"end":{"line":1615,"column":57}}],"line":1615},"149":{"loc":{"start":{"line":1618,"column":12},"end":{"line":1643,"column":13}},"type":"if","locations":[{"start":{"line":1618,"column":12},"end":{"line":1643,"column":13}},{"start":{"line":1641,"column":19},"end":{"line":1643,"column":13}}],"line":1618},"150":{"loc":{"start":{"line":1618,"column":16},"end":{"line":1618,"column":64}},"type":"binary-expr","locations":[{"start":{"line":1618,"column":16},"end":{"line":1618,"column":36}},{"start":{"line":1618,"column":40},"end":{"line":1618,"column":64}}],"line":1618},"151":{"loc":{"start":{"line":1621,"column":16},"end":{"line":1634,"column":17}},"type":"if","locations":[{"start":{"line":1621,"column":16},"end":{"line":1634,"column":17}},{"start":{},"end":{}}],"line":1621},"152":{"loc":{"start":{"line":1621,"column":20},"end":{"line":1621,"column":74}},"type":"binary-expr","locations":[{"start":{"line":1621,"column":20},"end":{"line":1621,"column":43}},{"start":{"line":1621,"column":47},"end":{"line":1621,"column":74}}],"line":1621},"153":{"loc":{"start":{"line":1627,"column":18},"end":{"line":1629,"column":19}},"type":"if","locations":[{"start":{"line":1627,"column":18},"end":{"line":1629,"column":19}},{"start":{},"end":{}}],"line":1627},"154":{"loc":{"start":{"line":1638,"column":14},"end":{"line":1640,"column":15}},"type":"if","locations":[{"start":{"line":1638,"column":14},"end":{"line":1640,"column":15}},{"start":{},"end":{}}],"line":1638},"155":{"loc":{"start":{"line":1648,"column":8},"end":{"line":1651,"column":9}},"type":"if","locations":[{"start":{"line":1648,"column":8},"end":{"line":1651,"column":9}},{"start":{},"end":{}}],"line":1648},"156":{"loc":{"start":{"line":1680,"column":4},"end":{"line":1682,"column":5}},"type":"if","locations":[{"start":{"line":1680,"column":4},"end":{"line":1682,"column":5}},{"start":{},"end":{}}],"line":1680},"157":{"loc":{"start":{"line":2200,"column":4},"end":{"line":2209,"column":5}},"type":"if","locations":[{"start":{"line":2200,"column":4},"end":{"line":2209,"column":5}},{"start":{},"end":{}}],"line":2200},"158":{"loc":{"start":{"line":2205,"column":6},"end":{"line":2208,"column":7}},"type":"if","locations":[{"start":{"line":2205,"column":6},"end":{"line":2208,"column":7}},{"start":{},"end":{}}],"line":2205},"159":{"loc":{"start":{"line":2221,"column":4},"end":{"line":2235,"column":5}},"type":"if","locations":[{"start":{"line":2221,"column":4},"end":{"line":2235,"column":5}},{"start":{"line":2228,"column":11},"end":{"line":2235,"column":5}}],"line":2221},"160":{"loc":{"start":{"line":2242,"column":4},"end":{"line":2258,"column":5}},"type":"if","locations":[{"start":{"line":2242,"column":4},"end":{"line":2258,"column":5}},{"start":{},"end":{}}],"line":2242},"161":{"loc":{"start":{"line":2249,"column":10},"end":{"line":2253,"column":11}},"type":"if","locations":[{"start":{"line":2249,"column":10},"end":{"line":2253,"column":11}},{"start":{"line":2251,"column":17},"end":{"line":2253,"column":11}}],"line":2249},"162":{"loc":{"start":{"line":2284,"column":21},"end":{"line":2284,"column":36}},"type":"binary-expr","locations":[{"start":{"line":2284,"column":21},"end":{"line":2284,"column":31}},{"start":{"line":2284,"column":35},"end":{"line":2284,"column":36}}],"line":2284},"163":{"loc":{"start":{"line":2294,"column":4},"end":{"line":2318,"column":5}},"type":"if","locations":[{"start":{"line":2294,"column":4},"end":{"line":2318,"column":5}},{"start":{},"end":{}}],"line":2294},"164":{"loc":{"start":{"line":2304,"column":10},"end":{"line":2304,"column":47}},"type":"if","locations":[{"start":{"line":2304,"column":10},"end":{"line":2304,"column":47}},{"start":{},"end":{}}],"line":2304},"165":{"loc":{"start":{"line":2309,"column":10},"end":{"line":2315,"column":11}},"type":"if","locations":[{"start":{"line":2309,"column":10},"end":{"line":2315,"column":11}},{"start":{},"end":{}}],"line":2309},"166":{"loc":{"start":{"line":2348,"column":4},"end":{"line":2357,"column":5}},"type":"if","locations":[{"start":{"line":2348,"column":4},"end":{"line":2357,"column":5}},{"start":{"line":2353,"column":11},"end":{"line":2357,"column":5}}],"line":2348},"167":{"loc":{"start":{"line":2363,"column":4},"end":{"line":2393,"column":5}},"type":"if","locations":[{"start":{"line":2363,"column":4},"end":{"line":2393,"column":5}},{"start":{},"end":{}}],"line":2363},"168":{"loc":{"start":{"line":2371,"column":6},"end":{"line":2390,"column":7}},"type":"if","locations":[{"start":{"line":2371,"column":6},"end":{"line":2390,"column":7}},{"start":{},"end":{}}],"line":2371},"169":{"loc":{"start":{"line":2384,"column":12},"end":{"line":2387,"column":13}},"type":"if","locations":[{"start":{"line":2384,"column":12},"end":{"line":2387,"column":13}},{"start":{},"end":{}}],"line":2384}},"s":{"0":0,"1":0,"2":0,"3":0,"4":0,"5":0,"6":0,"7":0,"8":0,"9":0,"10":0,"11":0,"12":0,"13":0,"14":0,"15":0,"16":0,"17":0,"18":0,"19":0,"20":0,"21":0,"22":0,"23":0,"24":0,"25":0,"26":0,"27":0,"28":0,"29":0,"30":0,"31":0,"32":0,"33":0,"34":0,"35":0,"36":0,"37":0,"38":0,"39":0,"40":0,"41":0,"42":0,"43":0,"44":0,"45":0,"46":0,"47":0,"48":0,"49":0,"50":0,"51":0,"52":0,"53":0,"54":0,"55":0,"56":0,"57":0,"58":0,"59":0,"60":0,"61":0,"62":0,"63":0,"64":0,"65":0,"66":0,"67":0,"68":0,"69":0,"70":0,"71":0,"72":0,"73":0,"74":0,"75":0,"76":0,"77":0,"78":0,"79":0,"80":0,"81":0,"82":0,"83":0,"84":0,"85":0,"86":0,"87":0,"88":0,"89":0,"90":0,"91":0,"92":0,"93":0,"94":0,"95":0,"96":0,"97":0,"98":0,"99":0,"100":0,"101":0,"102":0,"103":0,"104":0,"105":0,"106":0,"107":0,"108":0,"109":0,"110":0,"111":0,"112":0,"113":0,"114":0,"115":0,"116":0,"117":0,"118":0,"119":0,"120":0,"121":0,"122":0,"123":0,"124":0,"125":0,"126":0,"127":0,"128":0,"129":0,"130":0,"131":0,"132":0,"133":0,"134":0,"135":0,"136":0,"137":0,"138":0,"139":0,"140":0,"141":0,"142":0,"143":0,"144":0,"145":0,"146":0,"147":0,"148":0,"149":0,"150":0,"151":0,"152":0,"153":0,"154":0,"155":0,"156":0,"157":0,"158":0,"159":0,"160":0,"161":0,"162":0,"163":0,"164":0,"165":0,"166":0,"167":0,"168":0,"169":0,"170":0,"171":0,"172":0,"173":0,"174":0,"175":0,"176":0,"177":0,"178":0,"179":0,"180":0,"181":0,"182":0,"183":0,"184":0,"185":0,"186":0,"187":0,"188":0,"189":0,"190":0,"191":0,"192":0,"193":0,"194":0,"195":0,"196":0,"197":0,"198":0,"199":0,"200":0,"201":0,"202":0,"203":0,"204":0,"205":0,"206":0,"207":0,"208":0,"209":0,"210":0,"211":0,"212":0,"213":0,"214":0,"215":0,"216":0,"217":0,"218":0,"219":0,"220":0,"221":0,"222":0,"223":0,"224":0,"225":0,"226":0,"227":0,"228":0,"229":0,"230":0,"231":0,"232":0,"233":0,"234":0,"235":0,"236":0,"237":0,"238":0,"239":0,"240":0,"241":0,"242":0,"243":0,"244":0,"245":0,"246":0,"247":0,"248":0,"249":0,"250":0,"251":0,"252":0,"253":0,"254":0,"255":0,"256":0,"257":0,"258":0,"259":0,"260":0,"261":0,"262":0,"263":0,"264":0,"265":0,"266":0,"267":0,"268":0,"269":0,"270":0,"271":0,"272":0,"273":0,"274":0,"275":0,"276":0,"277":0,"278":0,"279":0,"280":0,"281":0,"282":0,"283":0,"284":0,"285":0,"286":0,"287":0,"288":0,"289":0,"290":0,"291":0,"292":0,"293":0,"294":0,"295":0,"296":0,"297":0,"298":0,"299":0,"300":0,"301":0,"302":0,"303":0,"304":0,"305":0,"306":0,"307":0,"308":0,"309":0,"310":0,"311":0,"312":0,"313":0,"314":0,"315":0,"316":0,"317":0,"318":0,"319":0,"320":0,"321":0,"322":0,"323":0,"324":0,"325":0,"326":0,"327":0,"328":0,"329":0,"330":0,"331":0,"332":0,"333":0,"334":0,"335":0,"336":0,"337":0,"338":0,"339":0,"340":0,"341":0,"342":0,"343":0,"344":0,"345":0,"346":0,"347":0,"348":0,"349":0,"350":0,"351":0,"352":0,"353":0,"354":0,"355":0,"356":0,"357":0,"358":0,"359":0,"360":0,"361":0,"362":0,"363":0,"364":0,"365":0,"366":0,"367":0,"368":0,"369":0,"370":0,"371":0,"372":0,"373":0,"374":0,"375":0,"376":0,"377":0,"378":0,"379":0,"380":0,"381":0,"382":0,"383":0,"384":0,"385":0,"386":0,"387":0,"388":0,"389":0,"390":0,"391":0,"392":0,"393":0,"394":0,"395":0,"396":0,"397":0,"398":0,"399":0,"400":0,"401":0,"402":0,"403":0,"404":0,"405":0,"406":0,"407":0,"408":0,"409":0,"410":0,"411":0,"412":0,"413":0,"414":0,"415":0,"416":0,"417":0,"418":0,"419":0,"420":0,"421":0,"422":0,"423":0,"424":0,"425":0,"426":0,"427":0,"428":0,"429":0,"430":0,"431":0,"432":0,"433":0,"434":0,"435":0,"436":0,"437":0,"438":0,"439":0,"440":0,"441":0,"442":0,"443":0,"444":0,"445":0,"446":0,"447":0,"448":0,"449":0,"450":0,"451":0,"452":0,"453":0,"454":0,"455":0,"456":0,"457":0,"458":0,"459":0,"460":0,"461":0,"462":0,"463":0,"464":0,"465":0,"466":0,"467":0,"468":0,"469":0,"470":0,"471":0,"472":0,"473":0,"474":0,"475":0,"476":0,"477":0,"478":0,"479":0,"480":0,"481":0,"482":0,"483":0,"484":0,"485":0,"486":0,"487":0,"488":0,"489":0,"490":0,"491":0,"492":0,"493":0,"494":0,"495":0,"496":0,"497":0,"498":0,"499":0,"500":0,"501":0,"502":0,"503":0,"504":0,"505":0,"506":0,"507":0,"508":0,"509":0,"510":0,"511":0,"512":0,"513":0,"514":0,"515":0,"516":0,"517":0,"518":0,"519":0,"520":0,"521":0,"522":0,"523":0,"524":0,"525":0,"526":0,"527":0,"528":0,"529":0,"530":0,"531":0,"532":0,"533":0,"534":0,"535":0,"536":0,"537":0,"538":0,"539":0,"540":0,"541":0,"542":0,"543":0,"544":0,"545":0,"546":0,"547":0,"548":0,"549":0,"550":0,"551":0,"552":0,"553":0,"554":0,"555":0,"556":0,"557":0,"558":0,"559":0,"560":0,"561":0,"562":0,"563":0,"564":0,"565":0,"566":0,"567":0,"568":0,"569":0,"570":0,"571":0,"572":0,"573":0,"574":0,"575":0,"576":0,"577":0,"578":0,"579":0,"580":0,"581":0,"582":0,"583":0,"584":0,"585":0,"586":0,"587":0,"588":0,"589":0,"590":0,"591":0,"592":0,"593":0,"594":0,"595":0,"596":0,"597":0,"598":0,"599":0,"600":0,"601":0,"602":0,"603":0,"604":0,"605":0,"606":0,"607":0,"608":0,"609":0,"610":0,"611":0,"612":0,"613":0,"614":0,"615":0,"616":0,"617":0,"618":0,"619":0,"620":0,"621":0,"622":0,"623":0,"624":0,"625":0,"626":0,"627":0,"628":0,"629":0,"630":0,"631":0,"632":0,"633":0,"634":0,"635":0,"636":0,"637":0,"638":0,"639":0,"640":0,"641":0,"642":0,"643":0,"644":0,"645":0,"646":0,"647":0,"648":0,"649":0,"650":0,"651":0,"652":0,"653":0,"654":0,"655":0,"656":0,"657":0,"658":0,"659":0,"660":0,"661":0,"662":0,"663":0,"664":0,"665":0,"666":0,"667":0,"668":0,"669":0,"670":0,"671":0,"672":0,"673":0,"674":0,"675":0,"676":0,"677":0,"678":0,"679":0,"680":0,"681":0,"682":0,"683":0,"684":0,"685":0,"686":0,"687":0,"688":0,"689":0,"690":0,"691":0,"692":0,"693":0,"694":0,"695":0,"696":0,"697":0,"698":0,"699":0,"700":0,"701":0,"702":0,"703":0,"704":0,"705":0,"706":0,"707":0,"708":0,"709":0,"710":0,"711":0,"712":0,"713":0,"714":0,"715":0,"716":0,"717":0,"718":0,"719":0,"720":0,"721":0,"722":0,"723":0,"724":0,"725":0,"726":0,"727":0,"728":0,"729":0,"730":0,"731":0,"732":0,"733":0,"734":0,"735":0,"736":0,"737":0,"738":0,"739":0,"740":0,"741":0,"742":0,"743":0,"744":0,"745":0,"746":0,"747":0,"748":0,"749":0,"750":0,"751":0,"752":0,"753":0,"754":0,"755":0,"756":0,"757":0,"758":0,"759":0,"760":0,"761":0,"762":0,"763":0,"764":0,"765":0,"766":0,"767":0,"768":0,"769":0,"770":0,"771":0,"772":0,"773":0,"774":0,"775":0,"776":0,"777":0,"778":0,"779":0,"780":0,"781":0,"782":0,"783":0,"784":0,"785":0,"786":0,"787":0,"788":0,"789":0,"790":0,"791":0,"792":0,"793":0,"794":0,"795":0,"796":0,"797":0,"798":0,"799":0,"800":0,"801":0,"802":0,"803":0,"804":0,"805":0,"806":0,"807":0,"808":0,"809":0,"810":0,"811":0,"812":0,"813":0,"814":0,"815":0,"816":0,"817":0,"818":0,"819":0,"820":0,"821":0,"822":0,"823":0,"824":0,"825":0,"826":0,"827":0,"828":0,"829":0,"830":0,"831":0,"832":0,"833":0,"834":0,"835":0,"836":0,"837":0,"838":0,"839":0,"840":0,"841":0,"842":0,"843":0,"844":0,"845":0,"846":0,"847":0,"848":0,"849":0,"850":0,"851":0,"852":0,"853":0,"854":0,"855":0,"856":0,"857":0,"858":0,"859":0,"860":0,"861":0,"862":0,"863":0,"864":0,"865":0,"866":0,"867":0,"868":0,"869":0,"870":0,"871":0,"872":0},"f":{"0":0,"1":0,"2":0,"3":0,"4":0,"5":0,"6":0,"7":0,"8":0,"9":0,"10":0,"11":0,"12":0,"13":0,"14":0,"15":0,"16":0,"17":0,"18":0,"19":0,"20":0,"21":0,"22":0,"23":0,"24":0,"25":0,"26":0,"27":0,"28":0,"29":0,"30":0,"31":0,"32":0,"33":0,"34":0,"35":0,"36":0,"37":0,"38":0,"39":0,"40":0,"41":0,"42":0,"43":0,"44":0,"45":0,"46":0,"47":0,"48":0,"49":0,"50":0,"51":0,"52":0,"53":0,"54":0,"55":0,"56":0,"57":0,"58":0,"59":0,"60":0,"61":0,"62":0,"63":0,"64":0,"65":0,"66":0,"67":0,"68":0,"69":0,"70":0,"71":0,"72":0,"73":0,"74":0,"75":0,"76":0,"77":0,"78":0,"79":0,"80":0,"81":0,"82":0,"83":0,"84":0,"85":0,"86":0,"87":0,"88":0,"89":0,"90":0,"91":0,"92":0,"93":0,"94":0,"95":0,"96":0,"97":0,"98":0,"99":0,"100":0},"b":{"0":[0,0],"1":[0,0],"2":[0,0],"3":[0,0],"4":[0,0],"5":[0,0],"6":[0,0],"7":[0,0],"8":[0,0],"9":[0,0],"10":[0,0],"11":[0,0],"12":[0,0],"13":[0,0],"14":[0,0],"15":[0,0],"16":[0,0],"17":[0,0],"18":[0,0],"19":[0,0],"20":[0,0],"21":[0,0],"22":[0,0],"23":[0,0],"24":[0,0],"25":[0,0],"26":[0,0],"27":[0,0],"28":[0,0],"29":[0,0],"30":[0,0,0,0],"31":[0,0],"32":[0,0],"33":[0,0],"34":[0,0],"35":[0,0],"36":[0,0],"37":[0,0],"38":[0,0],"39":[0,0],"40":[0,0],"41":[0,0],"42":[0,0],"43":[0,0],"44":[0,0],"45":[0,0],"46":[0,0],"47":[0,0],"48":[0,0],"49":[0,0],"50":[0,0],"51":[0,0],"52":[0,0],"53":[0,0],"54":[0,0],"55":[0,0],"56":[0,0],"57":[0,0],"58":[0,0],"59":[0,0],"60":[0,0],"61":[0,0],"62":[0,0],"63":[0,0],"64":[0,0],"65":[0,0],"66":[0,0],"67":[0,0],"68":[0,0],"69":[0,0],"70":[0,0],"71":[0,0],"72":[0,0],"73":[0,0],"74":[0,0],"75":[0,0],"76":[0,0],"77":[0,0],"78":[0,0],"79":[0,0],"80":[0,0],"81":[0,0],"82":[0,0],"83":[0,0],"84":[0,0],"85":[0,0],"86":[0,0],"87":[0,0],"88":[0,0],"89":[0,0],"90":[0,0],"91":[0,0],"92":[0,0],"93":[0,0],"94":[0,0],"95":[0,0],"96":[0,0],"97":[0,0],"98":[0,0],"99":[0,0],"100":[0,0],"101":[0,0],"102":[0,0],"103":[0,0],"104":[0,0],"105":[0,0],"106":[0,0],"107":[0,0],"108":[0,0],"109":[0,0],"110":[0,0],"111":[0,0],"112":[0,0],"113":[0,0],"114":[0,0],"115":[0,0],"116":[0,0],"117":[0,0],"118":[0,0],"119":[0,0],"120":[0,0],"121":[0,0],"122":[0,0],"123":[0,0],"124":[0,0],"125":[0,0],"126":[0,0],"127":[0,0],"128":[0,0,0],"129":[0,0],"130":[0,0],"131":[0,0],"132":[0,0],"133":[0,0],"134":[0,0],"135":[0,0],"136":[0,0],"137":[0,0],"138":[0,0],"139":[0,0],"140":[0,0],"141":[0,0],"142":[0,0],"143":[0,0],"144":[0,0],"145":[0,0],"146":[0,0],"147":[0,0],"148":[0,0],"149":[0,0],"150":[0,0],"151":[0,0],"152":[0,0],"153":[0,0],"154":[0,0],"155":[0,0],"156":[0,0],"157":[0,0],"158":[0,0],"159":[0,0],"160":[0,0],"161":[0,0],"162":[0,0],"163":[0,0],"164":[0,0],"165":[0,0],"166":[0,0],"167":[0,0],"168":[0,0],"169":[0,0]}}
}
