TN:
SF:index.js
FN:38,updateESP32IP
FN:47,(anonymous_1)
FN:60,startRecordingSession
FN:108,(anonymous_3)
FN:112,(anonymous_4)
FN:151,(anonymous_5)
FN:167,(anonymous_6)
FN:169,(anonymous_7)
FN:175,(anonymous_8)
FN:191,(anonymous_9)
FN:199,(anonymous_10)
FN:207,(anonymous_11)
FN:230,stopRecordingSession
FN:258,addFrameToRecording
FN:285,(anonymous_14)
FN:290,startFramePusher
FN:297,(anonymous_16)
FN:316,mergeSegments
FN:325,(anonymous_18)
FN:337,(anonymous_19)
FN:355,(anonymous_20)
FN:359,(anonymous_21)
FN:381,(anonymous_22)
FN:383,(anonymous_23)
FN:388,(anonymous_24)
FN:400,(anonymous_25)
FN:407,(anonymous_26)
FN:416,(anonymous_27)
FN:422,(anonymous_28)
FN:470,(anonymous_29)
FN:493,(anonymous_30)
FN:510,(anonymous_31)
FN:519,(anonymous_32)
FN:537,(anonymous_33)
FN:540,(anonymous_34)
FN:559,startStreamCache
FN:579,connectToESP32Stream
FN:582,connect
FN:595,(anonymous_38)
FN:601,(anonymous_39)
FN:631,(anonymous_40)
FN:655,(anonymous_41)
FN:660,(anonymous_42)
FN:666,(anonymous_43)
FN:679,(anonymous_44)
FN:708,(anonymous_45)
FN:724,(anonymous_46)
FN:755,(anonymous_47)
FN:784,(anonymous_48)
FN:795,(anonymous_49)
FN:834,(anonymous_50)
FN:862,(anonymous_51)
FN:869,(anonymous_52)
FN:876,(anonymous_53)
FN:899,(anonymous_54)
FN:903,(anonymous_55)
FN:942,(anonymous_56)
FN:948,(anonymous_57)
FN:954,(anonymous_58)
FN:979,(anonymous_59)
FN:1016,(anonymous_60)
FN:1036,(anonymous_61)
FN:1047,(anonymous_62)
FN:1120,(anonymous_63)
FN:1154,(anonymous_64)
FN:1172,(anonymous_65)
FN:1215,(anonymous_66)
FN:1248,(anonymous_67)
FN:1276,(anonymous_68)
FN:1296,(anonymous_69)
FN:1325,(anonymous_70)
FN:1339,(anonymous_71)
FN:1371,(anonymous_72)
FN:1394,(anonymous_73)
FN:1419,(anonymous_74)
FN:1437,(anonymous_75)
FN:1464,(anonymous_76)
FN:1478,(anonymous_77)
FN:1506,(anonymous_78)
FN:1521,captureFramesFromESP32
FN:1534,connect
FN:1545,(anonymous_81)
FN:1550,(anonymous_82)
FN:1654,(anonymous_83)
FN:1659,(anonymous_84)
FN:1665,(anonymous_85)
FN:1677,(anonymous_86)
FN:1679,(anonymous_87)
FN:2195,(anonymous_88)
FN:2214,(anonymous_89)
FN:2243,getDirSize
FN:2281,(anonymous_91)
FN:2295,(anonymous_92)
FN:2341,(anonymous_93)
FN:2372,(anonymous_94)
FN:2378,(anonymous_95)
FN:2400,(anonymous_96)
FN:2401,(anonymous_97)
FN:2411,(anonymous_98)
FN:2412,(anonymous_99)
FN:2417,(anonymous_100)
FNF:101
FNH:0
FNDA:0,updateESP32IP
FNDA:0,(anonymous_1)
FNDA:0,startRecordingSession
FNDA:0,(anonymous_3)
FNDA:0,(anonymous_4)
FNDA:0,(anonymous_5)
FNDA:0,(anonymous_6)
FNDA:0,(anonymous_7)
FNDA:0,(anonymous_8)
FNDA:0,(anonymous_9)
FNDA:0,(anonymous_10)
FNDA:0,(anonymous_11)
FNDA:0,stopRecordingSession
FNDA:0,addFrameToRecording
FNDA:0,(anonymous_14)
FNDA:0,startFramePusher
FNDA:0,(anonymous_16)
FNDA:0,mergeSegments
FNDA:0,(anonymous_18)
FNDA:0,(anonymous_19)
FNDA:0,(anonymous_20)
FNDA:0,(anonymous_21)
FNDA:0,(anonymous_22)
FNDA:0,(anonymous_23)
FNDA:0,(anonymous_24)
FNDA:0,(anonymous_25)
FNDA:0,(anonymous_26)
FNDA:0,(anonymous_27)
FNDA:0,(anonymous_28)
FNDA:0,(anonymous_29)
FNDA:0,(anonymous_30)
FNDA:0,(anonymous_31)
FNDA:0,(anonymous_32)
FNDA:0,(anonymous_33)
FNDA:0,(anonymous_34)
FNDA:0,startStreamCache
FNDA:0,connectToESP32Stream
FNDA:0,connect
FNDA:0,(anonymous_38)
FNDA:0,(anonymous_39)
FNDA:0,(anonymous_40)
FNDA:0,(anonymous_41)
FNDA:0,(anonymous_42)
FNDA:0,(anonymous_43)
FNDA:0,(anonymous_44)
FNDA:0,(anonymous_45)
FNDA:0,(anonymous_46)
FNDA:0,(anonymous_47)
FNDA:0,(anonymous_48)
FNDA:0,(anonymous_49)
FNDA:0,(anonymous_50)
FNDA:0,(anonymous_51)
FNDA:0,(anonymous_52)
FNDA:0,(anonymous_53)
FNDA:0,(anonymous_54)
FNDA:0,(anonymous_55)
FNDA:0,(anonymous_56)
FNDA:0,(anonymous_57)
FNDA:0,(anonymous_58)
FNDA:0,(anonymous_59)
FNDA:0,(anonymous_60)
FNDA:0,(anonymous_61)
FNDA:0,(anonymous_62)
FNDA:0,(anonymous_63)
FNDA:0,(anonymous_64)
FNDA:0,(anonymous_65)
FNDA:0,(anonymous_66)
FNDA:0,(anonymous_67)
FNDA:0,(anonymous_68)
FNDA:0,(anonymous_69)
FNDA:0,(anonymous_70)
FNDA:0,(anonymous_71)
FNDA:0,(anonymous_72)
FNDA:0,(anonymous_73)
FNDA:0,(anonymous_74)
FNDA:0,(anonymous_75)
FNDA:0,(anonymous_76)
FNDA:0,(anonymous_77)
FNDA:0,(anonymous_78)
FNDA:0,captureFramesFromESP32
FNDA:0,connect
FNDA:0,(anonymous_81)
FNDA:0,(anonymous_82)
FNDA:0,(anonymous_83)
FNDA:0,(anonymous_84)
FNDA:0,(anonymous_85)
FNDA:0,(anonymous_86)
FNDA:0,(anonymous_87)
FNDA:0,(anonymous_88)
FNDA:0,(anonymous_89)
FNDA:0,getDirSize
FNDA:0,(anonymous_91)
FNDA:0,(anonymous_92)
FNDA:0,(anonymous_93)
FNDA:0,(anonymous_94)
FNDA:0,(anonymous_95)
FNDA:0,(anonymous_96)
FNDA:0,(anonymous_97)
FNDA:0,(anonymous_98)
FNDA:0,(anonymous_99)
FNDA:0,(anonymous_100)
DA:1,0
DA:2,0
DA:3,0
DA:4,0
DA:5,0
DA:6,0
DA:7,0
DA:8,0
DA:9,0
DA:10,0
DA:11,0
DA:14,0
DA:15,0
DA:16,0
DA:19,0
DA:20,0
DA:21,0
DA:24,0
DA:30,0
DA:33,0
DA:39,0
DA:40,0
DA:41,0
DA:44,0
DA:45,0
DA:46,0
DA:47,0
DA:53,0
DA:54,0
DA:57,0
DA:61,0
DA:62,0
DA:65,0
DA:66,0
DA:67,0
DA:68,0
DA:71,0
DA:72,0
DA:73,0
DA:76,0
DA:77,0
DA:78,0
DA:79,0
DA:82,0
DA:84,0
DA:87,0
DA:90,0
DA:104,0
DA:106,0
DA:108,0
DA:109,0
DA:112,0
DA:113,0
DA:116,0
DA:118,0
DA:119,0
DA:122,0
DA:123,0
DA:125,0
DA:127,0
DA:129,0
DA:130,0
DA:133,0
DA:135,0
DA:137,0
DA:140,0
DA:143,0
DA:144,0
DA:148,0
DA:151,0
DA:152,0
DA:153,0
DA:157,0
DA:160,0
DA:161,0
DA:168,0
DA:170,0
DA:174,0
DA:175,0
DA:176,0
DA:177,0
DA:178,0
DA:179,0
DA:182,0
DA:188,0
DA:191,0
DA:192,0
DA:193,0
DA:198,0
DA:199,0
DA:200,0
DA:201,0
DA:206,0
DA:207,0
DA:208,0
DA:209,0
DA:214,0
DA:226,0
DA:231,0
DA:232,0
DA:233,0
DA:236,0
DA:244,0
DA:245,0
DA:249,0
DA:250,0
DA:251,0
DA:252,0
DA:253,0
DA:259,0
DA:260,0
DA:261,0
DA:265,0
DA:266,0
DA:269,0
DA:270,0
DA:271,0
DA:275,0
DA:276,0
DA:278,0
DA:279,0
DA:281,0
DA:282,0
DA:283,0
DA:284,0
DA:285,0
DA:291,0
DA:292,0
DA:295,0
DA:297,0
DA:298,0
DA:299,0
DA:301,0
DA:302,0
DA:306,0
DA:307,0
DA:308,0
DA:312,0
DA:317,0
DA:319,0
DA:320,0
DA:321,0
DA:324,0
DA:325,0
DA:326,0
DA:329,0
DA:330,0
DA:331,0
DA:332,0
DA:333,0
DA:336,0
DA:337,0
DA:338,0
DA:339,0
DA:342,0
DA:351,0
DA:353,0
DA:355,0
DA:356,0
DA:359,0
DA:361,0
DA:362,0
DA:363,0
DA:366,0
DA:369,0
DA:370,0
DA:373,0
DA:374,0
DA:375,0
DA:382,0
DA:384,0
DA:388,0
DA:389,0
DA:390,0
DA:391,0
DA:392,0
DA:395,0
DA:400,0
DA:401,0
DA:402,0
DA:405,0
DA:407,0
DA:408,0
DA:409,0
DA:416,0
DA:417,0
DA:418,0
DA:420,0
DA:422,0
DA:423,0
DA:425,0
DA:426,0
DA:427,0
DA:428,0
DA:429,0
DA:430,0
DA:431,0
DA:434,0
DA:438,0
DA:439,0
DA:441,0
DA:442,0
DA:445,0
DA:447,0
DA:457,0
DA:460,0
DA:468,0
DA:469,0
DA:470,0
DA:475,0
DA:476,0
DA:477,0
DA:478,0
DA:479,0
DA:482,0
DA:489,0
DA:493,0
DA:494,0
DA:495,0
DA:496,0
DA:497,0
DA:498,0
DA:499,0
DA:500,0
DA:504,0
DA:505,0
DA:506,0
DA:510,0
DA:511,0
DA:512,0
DA:513,0
DA:519,0
DA:520,0
DA:521,0
DA:522,0
DA:523,0
DA:524,0
DA:525,0
DA:532,0
DA:533,0
DA:536,0
DA:538,0
DA:542,0
DA:543,0
DA:544,0
DA:548,0
DA:556,0
DA:560,0
DA:561,0
DA:564,0
DA:566,0
DA:574,0
DA:575,0
DA:580,0
DA:583,0
DA:584,0
DA:587,0
DA:589,0
DA:596,0
DA:598,0
DA:599,0
DA:601,0
DA:602,0
DA:605,0
DA:606,0
DA:608,0
DA:609,0
DA:610,0
DA:611,0
DA:613,0
DA:614,0
DA:617,0
DA:618,0
DA:619,0
DA:622,0
DA:623,0
DA:624,0
DA:626,0
DA:627,0
DA:631,0
DA:632,0
DA:633,0
DA:634,0
DA:635,0
DA:636,0
DA:637,0
DA:638,0
DA:646,0
DA:650,0
DA:651,0
DA:655,0
DA:656,0
DA:657,0
DA:660,0
DA:661,0
DA:662,0
DA:666,0
DA:667,0
DA:668,0
DA:671,0
DA:672,0
DA:675,0
DA:679,0
DA:680,0
DA:682,0
DA:683,0
DA:685,0
DA:688,0
DA:696,0
DA:701,0
DA:702,0
DA:703,0
DA:704,0
DA:705,0
DA:708,0
DA:709,0
DA:710,0
DA:711,0
DA:712,0
DA:713,0
DA:716,0
DA:719,0
DA:724,0
DA:725,0
DA:726,0
DA:727,0
DA:730,0
DA:733,0
DA:736,0
DA:738,0
DA:741,0
DA:749,0
DA:755,0
DA:756,0
DA:757,0
DA:758,0
DA:761,0
DA:762,0
DA:763,0
DA:764,0
DA:765,0
DA:766,0
DA:771,0
DA:772,0
DA:773,0
DA:774,0
DA:775,0
DA:776,0
DA:780,0
DA:781,0
DA:784,0
DA:785,0
DA:786,0
DA:787,0
DA:788,0
DA:790,0
DA:795,0
DA:796,0
DA:799,0
DA:800,0
DA:801,0
DA:803,0
DA:816,0
DA:817,0
DA:818,0
DA:830,0
DA:834,0
DA:835,0
DA:837,0
DA:838,0
DA:841,0
DA:844,0
DA:845,0
DA:848,0
DA:849,0
DA:850,0
DA:853,0
DA:862,0
DA:863,0
DA:864,0
DA:865,0
DA:869,0
DA:870,0
DA:871,0
DA:872,0
DA:876,0
DA:877,0
DA:878,0
DA:880,0
DA:881,0
DA:884,0
DA:885,0
DA:888,0
DA:891,0
DA:899,0
DA:900,0
DA:901,0
DA:903,0
DA:904,0
DA:907,0
DA:908,0
DA:910,0
DA:911,0
DA:912,0
DA:914,0
DA:915,0
DA:917,0
DA:918,0
DA:919,0
DA:922,0
DA:923,0
DA:926,0
DA:927,0
DA:928,0
DA:929,0
DA:933,0
DA:937,0
DA:938,0
DA:942,0
DA:943,0
DA:944,0
DA:948,0
DA:949,0
DA:950,0
DA:951,0
DA:954,0
DA:955,0
DA:956,0
DA:957,0
DA:960,0
DA:962,0
DA:970,0
DA:971,0
DA:976,0
DA:979,0
DA:980,0
DA:981,0
DA:983,0
DA:984,0
DA:987,0
DA:988,0
DA:989,0
DA:991,0
DA:992,0
DA:993,0
DA:994,0
DA:995,0
DA:996,0
DA:997,0
DA:1003,0
DA:1004,0
DA:1006,0
DA:1010,0
DA:1011,0
DA:1016,0
DA:1017,0
DA:1018,0
DA:1019,0
DA:1020,0
DA:1021,0
DA:1022,0
DA:1024,0
DA:1027,0
DA:1028,0
DA:1029,0
DA:1030,0
DA:1035,0
DA:1036,0
DA:1037,0
DA:1040,0
DA:1042,0
DA:1043,0
DA:1046,0
DA:1047,0
DA:1049,0
DA:1051,0
DA:1052,0
DA:1055,0
DA:1056,0
DA:1059,0
DA:1060,0
DA:1061,0
DA:1065,0
DA:1066,0
DA:1067,0
DA:1071,0
DA:1072,0
DA:1073,0
DA:1080,0
DA:1081,0
DA:1084,0
DA:1085,0
DA:1086,0
DA:1090,0
DA:1091,0
DA:1095,0
DA:1096,0
DA:1097,0
DA:1099,0
DA:1100,0
DA:1103,0
DA:1113,0
DA:1120,0
DA:1123,0
DA:1124,0
DA:1125,0
DA:1126,0
DA:1127,0
DA:1129,0
DA:1131,0
DA:1142,0
DA:1143,0
DA:1151,0
DA:1154,0
DA:1155,0
DA:1156,0
DA:1158,0
DA:1159,0
DA:1166,0
DA:1167,0
DA:1168,0
DA:1172,0
DA:1173,0
DA:1174,0
DA:1176,0
DA:1177,0
DA:1184,0
DA:1185,0
DA:1186,0
DA:1188,0
DA:1189,0
DA:1190,0
DA:1193,0
DA:1195,0
DA:1196,0
DA:1197,0
DA:1199,0
DA:1206,0
DA:1207,0
DA:1215,0
DA:1216,0
DA:1217,0
DA:1218,0
DA:1220,0
DA:1221,0
DA:1227,0
DA:1228,0
DA:1231,0
DA:1232,0
DA:1239,0
DA:1240,0
DA:1248,0
DA:1249,0
DA:1250,0
DA:1252,0
DA:1258,0
DA:1259,0
DA:1267,0
DA:1268,0
DA:1276,0
DA:1277,0
DA:1278,0
DA:1280,0
DA:1281,0
DA:1288,0
DA:1289,0
DA:1291,0
DA:1292,0
DA:1296,0
DA:1297,0
DA:1298,0
DA:1299,0
DA:1301,0
DA:1302,0
DA:1308,0
DA:1309,0
DA:1311,0
DA:1316,0
DA:1317,0
DA:1325,0
DA:1326,0
DA:1327,0
DA:1329,0
DA:1330,0
DA:1336,0
DA:1337,0
DA:1339,0
DA:1340,0
DA:1341,0
DA:1342,0
DA:1343,0
DA:1344,0
DA:1346,0
DA:1349,0
DA:1353,0
DA:1355,0
DA:1362,0
DA:1363,0
DA:1371,0
DA:1372,0
DA:1373,0
DA:1375,0
DA:1376,0
DA:1382,0
DA:1383,0
DA:1386,0
DA:1387,0
DA:1388,0
DA:1394,0
DA:1395,0
DA:1397,0
DA:1398,0
DA:1399,0
DA:1401,0
DA:1402,0
DA:1406,0
DA:1407,0
DA:1414,0
DA:1415,0
DA:1418,0
DA:1419,0
DA:1420,0
DA:1422,0
DA:1425,0
DA:1426,0
DA:1435,0
DA:1437,0
DA:1439,0
DA:1440,0
DA:1441,0
DA:1445,0
DA:1446,0
DA:1448,0
DA:1456,0
DA:1457,0
DA:1464,0
DA:1465,0
DA:1469,0
DA:1470,0
DA:1478,0
DA:1479,0
DA:1480,0
DA:1481,0
DA:1485,0
DA:1486,0
DA:1494,0
DA:1500,0
DA:1501,0
DA:1506,0
DA:1507,0
DA:1515,0
DA:1516,0
DA:1522,0
DA:1523,0
DA:1524,0
DA:1525,0
DA:1528,0
DA:1530,0
DA:1531,0
DA:1532,0
DA:1535,0
DA:1543,0
DA:1545,0
DA:1546,0
DA:1548,0
DA:1550,0
DA:1551,0
DA:1554,0
DA:1557,0
DA:1558,0
DA:1559,0
DA:1561,0
DA:1563,0
DA:1564,0
DA:1565,0
DA:1567,0
DA:1570,0
DA:1571,0
DA:1573,0
DA:1576,0
DA:1577,0
DA:1578,0
DA:1579,0
DA:1580,0
DA:1584,0
DA:1585,0
DA:1586,0
DA:1587,0
DA:1588,0
DA:1590,0
DA:1591,0
DA:1595,0
DA:1596,0
DA:1597,0
DA:1598,0
DA:1602,0
DA:1603,0
DA:1605,0
DA:1609,0
DA:1610,0
DA:1615,0
DA:1616,0
DA:1617,0
DA:1618,0
DA:1619,0
DA:1620,0
DA:1621,0
DA:1622,0
DA:1623,0
DA:1624,0
DA:1625,0
DA:1627,0
DA:1628,0
DA:1631,0
DA:1632,0
DA:1633,0
DA:1635,0
DA:1638,0
DA:1639,0
DA:1642,0
DA:1648,0
DA:1649,0
DA:1650,0
DA:1654,0
DA:1655,0
DA:1656,0
DA:1659,0
DA:1660,0
DA:1661,0
DA:1665,0
DA:1666,0
DA:1667,0
DA:1670,0
DA:1673,0
DA:1677,0
DA:1679,0
DA:1680,0
DA:1681,0
DA:1685,0
DA:2195,0
DA:2196,0
DA:2197,0
DA:2199,0
DA:2200,0
DA:2201,0
DA:2202,0
DA:2205,0
DA:2206,0
DA:2207,0
DA:2214,0
DA:2215,0
DA:2216,0
DA:2221,0
DA:2223,0
DA:2224,0
DA:2225,0
DA:2226,0
DA:2227,0
DA:2230,0
DA:2231,0
DA:2232,0
DA:2233,0
DA:2234,0
DA:2237,0
DA:2238,0
DA:2241,0
DA:2242,0
DA:2244,0
DA:2245,0
DA:2246,0
DA:2247,0
DA:2248,0
DA:2249,0
DA:2250,0
DA:2252,0
DA:2255,0
DA:2257,0
DA:2260,0
DA:2272,0
DA:2273,0
DA:2281,0
DA:2282,0
DA:2283,0
DA:2284,0
DA:2286,0
DA:2288,0
DA:2289,0
DA:2291,0
DA:2292,0
DA:2294,0
DA:2295,0
DA:2296,0
DA:2299,0
DA:2300,0
DA:2301,0
DA:2303,0
DA:2304,0
DA:2306,0
DA:2307,0
DA:2309,0
DA:2310,0
DA:2311,0
DA:2312,0
DA:2313,0
DA:2314,0
DA:2320,0
DA:2321,0
DA:2323,0
DA:2330,0
DA:2331,0
DA:2339,0
DA:2340,0
DA:2341,0
DA:2342,0
DA:2345,0
DA:2348,0
DA:2349,0
DA:2350,0
DA:2351,0
DA:2352,0
DA:2354,0
DA:2355,0
DA:2356,0
DA:2359,0
DA:2360,0
DA:2363,0
DA:2364,0
DA:2366,0
DA:2367,0
DA:2369,0
DA:2371,0
DA:2372,0
DA:2373,0
DA:2376,0
DA:2377,0
DA:2378,0
DA:2380,0
DA:2381,0
DA:2382,0
DA:2384,0
DA:2385,0
DA:2386,0
DA:2392,0
DA:2396,0
DA:2400,0
DA:2401,0
DA:2402,0
DA:2403,0
DA:2404,0
DA:2405,0
DA:2406,0
DA:2407,0
DA:2410,0
DA:2411,0
DA:2412,0
DA:2413,0
DA:2418,0
LF:857
LH:0
BRDA:14,0,0,0
BRDA:14,0,1,0
BRDA:15,1,0,0
BRDA:15,1,1,0
BRDA:21,2,0,0
BRDA:21,2,1,0
BRDA:39,3,0,0
BRDA:39,3,1,0
BRDA:44,4,0,0
BRDA:44,4,1,0
BRDA:61,5,0,0
BRDA:61,5,1,0
BRDA:66,6,0,0
BRDA:66,6,1,0
BRDA:77,7,0,0
BRDA:77,7,1,0
BRDA:116,8,0,0
BRDA:116,8,1,0
BRDA:118,9,0,0
BRDA:118,9,1,0
BRDA:118,10,0,0
BRDA:118,10,1,0
BRDA:122,11,0,0
BRDA:122,11,1,0
BRDA:122,12,0,0
BRDA:122,12,1,0
BRDA:125,13,0,0
BRDA:125,13,1,0
BRDA:129,14,0,0
BRDA:129,14,1,0
BRDA:135,15,0,0
BRDA:135,15,1,0
BRDA:135,16,0,0
BRDA:135,16,1,0
BRDA:174,17,0,0
BRDA:174,17,1,0
BRDA:177,18,0,0
BRDA:177,18,1,0
BRDA:232,19,0,0
BRDA:232,19,1,0
BRDA:238,20,0,0
BRDA:238,20,1,0
BRDA:250,21,0,0
BRDA:250,21,1,0
BRDA:260,22,0,0
BRDA:260,22,1,0
BRDA:260,23,0,0
BRDA:260,23,1,0
BRDA:269,24,0,0
BRDA:269,24,1,0
BRDA:278,25,0,0
BRDA:278,25,1,0
BRDA:278,26,0,0
BRDA:278,26,1,0
BRDA:282,27,0,0
BRDA:282,27,1,0
BRDA:291,28,0,0
BRDA:291,28,1,0
BRDA:301,29,0,0
BRDA:301,29,1,0
BRDA:301,30,0,0
BRDA:301,30,1,0
BRDA:301,30,2,0
BRDA:301,30,3,0
BRDA:306,31,0,0
BRDA:306,31,1,0
BRDA:319,32,0,0
BRDA:319,32,1,0
BRDA:319,33,0,0
BRDA:319,33,1,0
BRDA:362,34,0,0
BRDA:362,34,1,0
BRDA:369,35,0,0
BRDA:369,35,1,0
BRDA:369,36,0,0
BRDA:369,36,1,0
BRDA:390,37,0,0
BRDA:390,37,1,0
BRDA:425,38,0,0
BRDA:425,38,1,0
BRDA:426,39,0,0
BRDA:426,39,1,0
BRDA:428,40,0,0
BRDA:428,40,1,0
BRDA:441,41,0,0
BRDA:441,41,1,0
BRDA:468,42,0,0
BRDA:468,42,1,0
BRDA:475,43,0,0
BRDA:475,43,1,0
BRDA:477,44,0,0
BRDA:477,44,1,0
BRDA:494,45,0,0
BRDA:494,45,1,0
BRDA:495,46,0,0
BRDA:495,46,1,0
BRDA:497,47,0,0
BRDA:497,47,1,0
BRDA:504,48,0,0
BRDA:504,48,1,0
BRDA:511,49,0,0
BRDA:511,49,1,0
BRDA:521,50,0,0
BRDA:521,50,1,0
BRDA:523,51,0,0
BRDA:523,51,1,0
BRDA:560,52,0,0
BRDA:560,52,1,0
BRDA:583,53,0,0
BRDA:583,53,1,0
BRDA:611,54,0,0
BRDA:611,54,1,0
BRDA:614,55,0,0
BRDA:614,55,1,0
BRDA:618,56,0,0
BRDA:618,56,1,0
BRDA:618,57,0,0
BRDA:618,57,1,0
BRDA:626,58,0,0
BRDA:626,58,1,0
BRDA:632,59,0,0
BRDA:632,59,1,0
BRDA:650,60,0,0
BRDA:650,60,1,0
BRDA:680,61,0,0
BRDA:680,61,1,0
BRDA:683,62,0,0
BRDA:683,62,1,0
BRDA:710,63,0,0
BRDA:710,63,1,0
BRDA:710,64,0,0
BRDA:710,64,1,0
BRDA:756,65,0,0
BRDA:756,65,1,0
BRDA:761,66,0,0
BRDA:761,66,1,0
BRDA:761,67,0,0
BRDA:761,67,1,0
BRDA:771,68,0,0
BRDA:771,68,1,0
BRDA:771,69,0,0
BRDA:771,69,1,0
BRDA:786,70,0,0
BRDA:786,70,1,0
BRDA:800,71,0,0
BRDA:800,71,1,0
BRDA:801,72,0,0
BRDA:801,72,1,0
BRDA:809,73,0,0
BRDA:809,73,1,0
BRDA:817,74,0,0
BRDA:817,74,1,0
BRDA:823,75,0,0
BRDA:823,75,1,0
BRDA:824,76,0,0
BRDA:824,76,1,0
BRDA:837,77,0,0
BRDA:837,77,1,0
BRDA:837,78,0,0
BRDA:837,78,1,0
BRDA:848,79,0,0
BRDA:848,79,1,0
BRDA:848,80,0,0
BRDA:848,80,1,0
BRDA:857,81,0,0
BRDA:857,81,1,0
BRDA:863,82,0,0
BRDA:863,82,1,0
BRDA:870,83,0,0
BRDA:870,83,1,0
BRDA:877,84,0,0
BRDA:877,84,1,0
BRDA:880,85,0,0
BRDA:880,85,1,0
BRDA:912,86,0,0
BRDA:912,86,1,0
BRDA:917,87,0,0
BRDA:917,87,1,0
BRDA:917,88,0,0
BRDA:917,88,1,0
BRDA:926,89,0,0
BRDA:926,89,1,0
BRDA:937,90,0,0
BRDA:937,90,1,0
BRDA:983,91,0,0
BRDA:983,91,1,0
BRDA:991,92,0,0
BRDA:991,92,1,0
BRDA:994,93,0,0
BRDA:994,93,1,0
BRDA:1018,94,0,0
BRDA:1018,94,1,0
BRDA:1019,95,0,0
BRDA:1019,95,1,0
BRDA:1029,96,0,0
BRDA:1029,96,1,0
BRDA:1035,97,0,0
BRDA:1035,97,1,0
BRDA:1042,98,0,0
BRDA:1042,98,1,0
BRDA:1042,99,0,0
BRDA:1042,99,1,0
BRDA:1051,100,0,0
BRDA:1051,100,1,0
BRDA:1060,101,0,0
BRDA:1060,101,1,0
BRDA:1066,102,0,0
BRDA:1066,102,1,0
BRDA:1080,103,0,0
BRDA:1080,103,1,0
BRDA:1080,104,0,0
BRDA:1080,104,1,0
BRDA:1085,105,0,0
BRDA:1085,105,1,0
BRDA:1085,106,0,0
BRDA:1085,106,1,0
BRDA:1090,107,0,0
BRDA:1090,107,1,0
BRDA:1090,108,0,0
BRDA:1090,108,1,0
BRDA:1096,109,0,0
BRDA:1096,109,1,0
BRDA:1096,110,0,0
BRDA:1096,110,1,0
BRDA:1099,111,0,0
BRDA:1099,111,1,0
BRDA:1099,112,0,0
BRDA:1099,112,1,0
BRDA:1158,113,0,0
BRDA:1158,113,1,0
BRDA:1158,114,0,0
BRDA:1158,114,1,0
BRDA:1176,115,0,0
BRDA:1176,115,1,0
BRDA:1176,116,0,0
BRDA:1176,116,1,0
BRDA:1189,117,0,0
BRDA:1189,117,1,0
BRDA:1220,118,0,0
BRDA:1220,118,1,0
BRDA:1231,119,0,0
BRDA:1231,119,1,0
BRDA:1249,120,0,0
BRDA:1249,120,1,0
BRDA:1249,121,0,0
BRDA:1249,121,1,0
BRDA:1280,122,0,0
BRDA:1280,122,1,0
BRDA:1301,123,0,0
BRDA:1301,123,1,0
BRDA:1329,124,0,0
BRDA:1329,124,1,0
BRDA:1329,125,0,0
BRDA:1329,125,1,0
BRDA:1342,126,0,0
BRDA:1342,126,1,0
BRDA:1375,127,0,0
BRDA:1375,127,1,0
BRDA:1375,128,0,0
BRDA:1375,128,1,0
BRDA:1375,128,2,0
BRDA:1387,129,0,0
BRDA:1387,129,1,0
BRDA:1401,130,0,0
BRDA:1401,130,1,0
BRDA:1401,131,0,0
BRDA:1401,131,1,0
BRDA:1406,132,0,0
BRDA:1406,132,1,0
BRDA:1440,133,0,0
BRDA:1440,133,1,0
BRDA:1445,134,0,0
BRDA:1445,134,1,0
BRDA:1445,135,0,0
BRDA:1445,135,1,0
BRDA:1480,136,0,0
BRDA:1480,136,1,0
BRDA:1490,137,0,0
BRDA:1490,137,1,0
BRDA:1523,138,0,0
BRDA:1523,138,1,0
BRDA:1565,139,0,0
BRDA:1565,139,1,0
BRDA:1571,140,0,0
BRDA:1571,140,1,0
BRDA:1578,141,0,0
BRDA:1578,141,1,0
BRDA:1584,142,0,0
BRDA:1584,142,1,0
BRDA:1590,143,0,0
BRDA:1590,143,1,0
BRDA:1602,144,0,0
BRDA:1602,144,1,0
BRDA:1609,145,0,0
BRDA:1609,145,1,0
BRDA:1609,146,0,0
BRDA:1609,146,1,0
BRDA:1615,147,0,0
BRDA:1615,147,1,0
BRDA:1615,148,0,0
BRDA:1615,148,1,0
BRDA:1618,149,0,0
BRDA:1618,149,1,0
BRDA:1618,150,0,0
BRDA:1618,150,1,0
BRDA:1621,151,0,0
BRDA:1621,151,1,0
BRDA:1621,152,0,0
BRDA:1621,152,1,0
BRDA:1627,153,0,0
BRDA:1627,153,1,0
BRDA:1638,154,0,0
BRDA:1638,154,1,0
BRDA:1648,155,0,0
BRDA:1648,155,1,0
BRDA:1680,156,0,0
BRDA:1680,156,1,0
BRDA:2200,157,0,0
BRDA:2200,157,1,0
BRDA:2205,158,0,0
BRDA:2205,158,1,0
BRDA:2221,159,0,0
BRDA:2221,159,1,0
BRDA:2242,160,0,0
BRDA:2242,160,1,0
BRDA:2249,161,0,0
BRDA:2249,161,1,0
BRDA:2284,162,0,0
BRDA:2284,162,1,0
BRDA:2294,163,0,0
BRDA:2294,163,1,0
BRDA:2304,164,0,0
BRDA:2304,164,1,0
BRDA:2309,165,0,0
BRDA:2309,165,1,0
BRDA:2348,166,0,0
BRDA:2348,166,1,0
BRDA:2363,167,0,0
BRDA:2363,167,1,0
BRDA:2371,168,0,0
BRDA:2371,168,1,0
BRDA:2384,169,0,0
BRDA:2384,169,1,0
BRF:343
BRH:0
end_of_record
